<?xml version="1.0" encoding="UTF-8"?>
<!-- Generated by org.testng.reporters.JUnitXMLReporter -->
<testsuite hostname="MALOOTYPC" name="Default test" tests="5" failures="1" timestamp="2 Oct 2019 17:26:58 GMT" time="0.182" errors="0">
  <testcase name="binarySearchTester" time="0.04" classname="sortTests.SearchTester">
    <failure type="java.lang.StackOverflowError">
      <![CDATA[java.lang.StackOverflowError
	at binarySearch.binarySearchImplementation.binarySearch(binarySearchImplementation.java:15)
	at binarySearch.binarySearchImplementation.binarySearch(binarySearchImplementation.java:15)
	at binarySearch.binarySearchImplementation.binarySearch(binarySearchImplementation.java:15)
	at binarySearch.binarySearchImplementation.binarySearch(binarySearchImplementation.java:12)
	at binarySearch.binarySearchImplementation.binarySearch(binarySearchImplementation.java:15)
	at binarySearch.binarySearchImplementation.binarySearch(binarySearchImplementation.java:15)
	at binarySearch.binarySearchImplementation.binarySearch(binarySearchImplementation.java:15)
	at binarySearch.binarySearchImplementation.binarySearch(binarySearchImplementation.java:12)
	at binarySearch.binarySearchImplementation.binarySearch(binarySearchImplementation.java:15)
	at binarySearch.binarySearchImplementation.binarySearch(binarySearchImplementation.java:15)
	at binarySearch.binarySearchImplementation.binarySearch(binarySearchImplementation.java:15)
	at binarySearch.binarySearchImplementation.binarySearch(binarySearchImplementation.java:12)
	at binarySearch.binarySearchImplementation.binarySearch(binarySearchImplementation.java:15)
	at binarySearch.binarySearchImplementation.binarySearch(binarySearchImplementation.java:15)
	at binarySearch.binarySearchImplementation.binarySearch(binarySearchImplementation.java:15)
	at binarySearch.binarySearchImplementation.binarySearch(binarySearchImplementation.java:12)
	at binarySearch.binarySearchImplementation.binarySearch(binarySearchImplementation.java:15)
	at binarySearch.binarySearchImplementation.binarySearch(binarySearchImplementation.java:15)
	at binarySearch.binarySearchImplementation.binarySearch(binarySearchImplementation.java:15)
	at binarySearch.binarySearchImplementation.binarySearch(binarySearchImplementation.java:12)
	at binarySearch.binarySearchImplementation.binarySearch(binarySearchImplementation.java:15)
	at binarySearch.binarySearchImplementation.binarySearch(binarySearchImplementation.java:15)
	at binarySearch.binarySearchImplementation.binarySearch(binarySearchImplementation.java:15)
	at binarySearch.binarySearchImplementation.binarySearch(binarySearchImplementation.java:12)
	at binarySearch.binarySearchImplementation.binarySearch(binarySearchImplementation.java:15)
	at binarySearch.binarySearchImplementation.binarySearch(binarySearchImplementation.java:15)
	at binarySearch.binarySearchImplementation.binarySearch(binarySearchImplementation.java:15)
	at binarySearch.binarySearchImplementation.binarySearch(binarySearchImplementation.java:12)
	at binarySearch.binarySearchImplementation.binarySearch(binarySearchImplementation.java:15)
	at binarySearch.binarySearchImplementation.binarySearch(binarySearchImplementation.java:15)
	at binarySearch.binarySearchImplementation.binarySearch(binarySearchImplementation.java:15)
	at binarySearch.binarySearchImplementation.binarySearch(binarySearchImplementation.java:12)
	at binarySearch.binarySearchImplementation.binarySearch(binarySearchImplementation.java:15)
	at binarySearch.binarySearchImplementation.binarySearch(binarySearchImplementation.java:15)
	at binarySearch.binarySearchImplementation.binarySearch(binarySearchImplementation.java:15)
	at binarySearch.binarySearchImplementation.binarySearch(binarySearchImplementation.java:12)
	at binarySearch.binarySearchImplementation.binarySearch(binarySearchImplementation.java:15)
	at binarySearch.binarySearchImplementation.binarySearch(binarySearchImplementation.java:15)
	at binarySearch.binarySearchImplementation.binarySearch(binarySearchImplementation.java:15)
	at binarySearch.binarySearchImplementation.binarySearch(binarySearchImplementation.java:12)
	at binarySearch.binarySearchImplementation.binarySearch(binarySearchImplementation.java:15)
	at binarySearch.binarySearchImplementation.binarySearch(binarySearchImplementation.java:15)
	at binarySearch.binarySearchImplementation.binarySearch(binarySearchImplementation.java:15)
	at binarySearch.binarySearchImplementation.binarySearch(binarySearchImplementation.java:12)
	at binarySearch.binarySearchImplementation.binarySearch(binarySearchImplementation.java:15)
	at binarySearch.binarySearchImplementation.binarySearch(binarySearchImplementation.java:15)
	at binarySearch.binarySearchImplementation.binarySearch(binarySearchImplementation.java:15)
	at binarySearch.binarySearchImplementation.binarySearch(binarySearchImplementation.java:12)
	at binarySearch.binarySearchImplementation.binarySearch(binarySearchImplementation.java:15)
	at binarySearch.binarySearchImplementation.binarySearch(binarySearchImplementation.java:15)
	at binarySearch.binarySearchImplementation.binarySearch(binarySearchImplementation.java:15)
	at binarySearch.binarySearchImplementation.binarySearch(binarySearchImplementation.java:12)
	at binarySearch.binarySearchImplementation.binarySearch(binarySearchImplementation.java:15)
	at binarySearch.binarySearchImplementation.binarySearch(binarySearchImplementation.java:15)
	at binarySearch.binarySearchImplementation.binarySearch(binarySearchImplementation.java:15)
	at binarySearch.binarySearchImplementation.binarySearch(binarySearchImplementation.java:12)
	at binarySearch.binarySearchImplementation.binarySearch(binarySearchImplementation.java:15)
	at binarySearch.binarySearchImplementation.binarySearch(binarySearchImplementation.java:15)
	at binarySearch.binarySearchImplementation.binarySearch(binarySearchImplementation.java:15)
	at binarySearch.binarySearchImplementation.binarySearch(binarySearchImplementation.java:12)
	at binarySearch.binarySearchImplementation.binarySearch(binarySearchImplementation.java:15)
	at binarySearch.binarySearchImplementation.binarySearch(binarySearchImplementation.java:15)
	at binarySearch.binarySearchImplementation.binarySearch(binarySearchImplementation.java:15)
	at binarySearch.binarySearchImplementation.binarySearch(binarySearchImplementation.java:12)
	at binarySearch.binarySearchImplementation.binarySearch(binarySearchImplementation.java:15)
	at binarySearch.binarySearchImplementation.binarySearch(binarySearchImplementation.java:15)
	at binarySearch.binarySearchImplementation.binarySearch(binarySearchImplementation.java:15)
	at binarySearch.binarySearchImplementation.binarySearch(binarySearchImplementation.java:12)
	at binarySearch.binarySearchImplementation.binarySearch(binarySearchImplementation.java:15)
	at binarySearch.binarySearchImplementation.binarySearch(binarySearchImplementation.java:15)
	at binarySearch.binarySearchImplementation.binarySearch(binarySearchImplementation.java:15)
	at binarySearch.binarySearchImplementation.binarySearch(binarySearchImplementation.java:12)
	at binarySearch.binarySearchImplementation.binarySearch(binarySearchImplementation.java:15)
	at binarySearch.binarySearchImplementation.binarySearch(binarySearchImplementation.java:15)
	at binarySearch.binarySearchImplementation.binarySearch(binarySearchImplementation.java:15)
	at binarySearch.binarySearchImplementation.binarySearch(binarySearchImplementation.java:12)
	at binarySearch.binarySearchImplementation.binarySearch(binarySearchImplementation.java:15)
	at binarySearch.binarySearchImplementation.binarySearch(binarySearchImplementation.java:15)
	at binarySearch.binarySearchImplementation.binarySearch(binarySearchImplementation.java:15)
	at binarySearch.binarySearchImplementation.binarySearch(binarySearchImplementation.java:12)
	at binarySearch.binarySearchImplementation.binarySearch(binarySearchImplementation.java:15)
	at binarySearch.binarySearchImplementation.binarySearch(binarySearchImplementation.java:15)
	at binarySearch.binarySearchImplementation.binarySearch(binarySearchImplementation.java:15)
	at binarySearch.binarySearchImplementation.binarySearch(binarySearchImplementation.java:12)
	at binarySearch.binarySearchImplementation.binarySearch(binarySearchImplementation.java:15)
	at binarySearch.binarySearchImplementation.binarySearch(binarySearchImplementation.java:15)
	at binarySearch.binarySearchImplementation.binarySearch(binarySearchImplementation.java:15)
	at binarySearch.binarySearchImplementation.binarySearch(binarySearchImplementation.java:12)
	at binarySearch.binarySearchImplementation.binarySearch(binarySearchImplementation.java:15)
	at binarySearch.binarySearchImplementation.binarySearch(binarySearchImplementation.java:15)
	at binarySearch.binarySearchImplementation.binarySearch(binarySearchImplementation.java:15)
	at binarySearch.binarySearchImplementation.binarySearch(binarySearchImplementation.java:12)
	at binarySearch.binarySearchImplementation.binarySearch(binarySearchImplementation.java:15)
	at binarySearch.binarySearchImplementation.binarySearch(binarySearchImplementation.java:15)
	at binarySearch.binarySearchImplementation.binarySearch(binarySearchImplementation.java:15)
	at binarySearch.binarySearchImplementation.binarySearch(binarySearchImplementation.java:12)
	at binarySearch.binarySearchImplementation.binarySearch(binarySearchImplementation.java:15)
	at binarySearch.binarySearchImplementation.binarySearch(binarySearchImplementation.java:15)
	at binarySearch.binarySearchImplementation.binarySearch(binarySearchImplementation.java:15)
	at binarySearch.binarySearchImplementation.binarySearch(binarySearchImplementation.java:12)
	at binarySearch.binarySearchImplementation.binarySearch(binarySearchImplementation.java:15)
	at binarySearch.binarySearchImplementation.binarySearch(binarySearchImplementation.java:15)
	at binarySearch.binarySearchImplementation.binarySearch(binarySearchImplementation.java:15)
	at binarySearch.binarySearchImplementation.binarySearch(binarySearchImplementation.java:12)
	at binarySearch.binarySearchImplementation.binarySearch(binarySearchImplementation.java:15)
	at binarySearch.binarySearchImplementation.binarySearch(binarySearchImplementation.java:15)
	at binarySearch.binarySearchImplementation.binarySearch(binarySearchImplementation.java:15)
	at binarySearch.binarySearchImplementation.binarySearch(binarySearchImplementation.java:12)
	at binarySearch.binarySearchImplementation.binarySearch(binarySearchImplementation.java:15)
	at binarySearch.binarySearchImplementation.binarySearch(binarySearchImplementation.java:15)
	at binarySearch.binarySearchImplementation.binarySearch(binarySearchImplementation.java:15)
	at binarySearch.binarySearchImplementation.binarySearch(binarySearchImplementation.java:12)
	at binarySearch.binarySearchImplementation.binarySearch(binarySearchImplementation.java:15)
	at binarySearch.binarySearchImplementation.binarySearch(binarySearchImplementation.java:15)
	at binarySearch.binarySearchImplementation.binarySearch(binarySearchImplementation.java:15)
	at binarySearch.binarySearchImplementation.binarySearch(binarySearchImplementation.java:12)
	at binarySearch.binarySearchImplementation.binarySearch(binarySearchImplementation.java:15)
	at binarySearch.binarySearchImplementation.binarySearch(binarySearchImplementation.java:15)
	at binarySearch.binarySearchImplementation.binarySearch(binarySearchImplementation.java:15)
	at binarySearch.binarySearchImplementation.binarySearch(binarySearchImplementation.java:12)
	at binarySearch.binarySearchImplementation.binarySearch(binarySearchImplementation.java:15)
	at binarySearch.binarySearchImplementation.binarySearch(binarySearchImplementation.java:15)
	at binarySearch.binarySearchImplementation.binarySearch(binarySearchImplementation.java:15)
	at binarySearch.binarySearchImplementation.binarySearch(binarySearchImplementation.java:12)
	at binarySearch.binarySearchImplementation.binarySearch(binarySearchImplementation.java:15)
	at binarySearch.binarySearchImplementation.binarySearch(binarySearchImplementation.java:15)
	at binarySearch.binarySearchImplementation.binarySearch(binarySearchImplementation.java:15)
	at binarySearch.binarySearchImplementation.binarySearch(binarySearchImplementation.java:12)
	at binarySearch.binarySearchImplementation.binarySearch(binarySearchImplementation.java:15)
	at binarySearch.binarySearchImplementation.binarySearch(binarySearchImplementation.java:15)
	at binarySearch.binarySearchImplementation.binarySearch(binarySearchImplementation.java:15)
	at binarySearch.binarySearchImplementation.binarySearch(binarySearchImplementation.java:12)
	at binarySearch.binarySearchImplementation.binarySearch(binarySearchImplementation.java:15)
	at binarySearch.binarySearchImplementation.binarySearch(binarySearchImplementation.java:15)
	at binarySearch.binarySearchImplementation.binarySearch(binarySearchImplementation.java:15)
	at binarySearch.binarySearchImplementation.binarySearch(binarySearchImplementation.java:12)
	at binarySearch.binarySearchImplementation.binarySearch(binarySearchImplementation.java:15)
	at binarySearch.binarySearchImplementation.binarySearch(binarySearchImplementation.java:15)
	at binarySearch.binarySearchImplementation.binarySearch(binarySearchImplementation.java:15)
	at binarySearch.binarySearchImplementation.binarySearch(binarySearchImplementation.java:12)
	at binarySearch.binarySearchImplementation.binarySearch(binarySearchImplementation.java:15)
	at binarySearch.binarySearchImplementation.binarySearch(binarySearchImplementation.java:15)
	at binarySearch.binarySearchImplementation.binarySearch(binarySearchImplementation.java:15)
	at binarySearch.binarySearchImplementation.binarySearch(binarySearchImplementation.java:12)
	at binarySearch.binarySearchImplementation.binarySearch(binarySearchImplementation.java:15)
	at binarySearch.binarySearchImplementation.binarySearch(binarySearchImplementation.java:15)
	at binarySearch.binarySearchImplementation.binarySearch(binarySearchImplementation.java:15)
	at binarySearch.binarySearchImplementation.binarySearch(binarySearchImplementation.java:12)
	at binarySearch.binarySearchImplementation.binarySearch(binarySearchImplementation.java:15)
	at binarySearch.binarySearchImplementation.binarySearch(binarySearchImplementation.java:15)
	at binarySearch.binarySearchImplementation.binarySearch(binarySearchImplementation.java:15)
	at binarySearch.binarySearchImplementation.binarySearch(binarySearchImplementation.java:12)
	at binarySearch.binarySearchImplementation.binarySearch(binarySearchImplementation.java:15)
	at binarySearch.binarySearchImplementation.binarySearch(binarySearchImplementation.java:15)
	at binarySearch.binarySearchImplementation.binarySearch(binarySearchImplementation.java:15)
	at binarySearch.binarySearchImplementation.binarySearch(binarySearchImplementation.java:12)
	at binarySearch.binarySearchImplementation.binarySearch(binarySearchImplementation.java:15)
	at binarySearch.binarySearchImplementation.binarySearch(binarySearchImplementation.java:15)
	at binarySearch.binarySearchImplementation.binarySearch(binarySearchImplementation.java:15)
	at binarySearch.binarySearchImplementation.binarySearch(binarySearchImplementation.java:12)
	at binarySearch.binarySearchImplementation.binarySearch(binarySearchImplementation.java:15)
	at binarySearch.binarySearchImplementation.binarySearch(binarySearchImplementation.java:15)
	at binarySearch.binarySearchImplementation.binarySearch(binarySearchImplementation.java:15)
	at binarySearch.binarySearchImplementation.binarySearch(binarySearchImplementation.java:12)
	at binarySearch.binarySearchImplementation.binarySearch(binarySearchImplementation.java:15)
	at binarySearch.binarySearchImplementation.binarySearch(binarySearchImplementation.java:15)
	at binarySearch.binarySearchImplementation.binarySearch(binarySearchImplementation.java:15)
	at binarySearch.binarySearchImplementation.binarySearch(binarySearchImplementation.java:12)
	at binarySearch.binarySearchImplementation.binarySearch(binarySearchImplementation.java:15)
	at binarySearch.binarySearchImplementation.binarySearch(binarySearchImplementation.java:15)
	at binarySearch.binarySearchImplementation.binarySearch(binarySearchImplementation.java:15)
	at binarySearch.binarySearchImplementation.binarySearch(binarySearchImplementation.java:12)
	at binarySearch.binarySearchImplementation.binarySearch(binarySearchImplementation.java:15)
	at binarySearch.binarySearchImplementation.binarySearch(binarySearchImplementation.java:15)
	at binarySearch.binarySearchImplementation.binarySearch(binarySearchImplementation.java:15)
	at binarySearch.binarySearchImplementation.binarySearch(binarySearchImplementation.java:12)
	at binarySearch.binarySearchImplementation.binarySearch(binarySearchImplementation.java:15)
	at binarySearch.binarySearchImplementation.binarySearch(binarySearchImplementation.java:15)
	at binarySearch.binarySearchImplementation.binarySearch(binarySearchImplementation.java:15)
	at binarySearch.binarySearchImplementation.binarySearch(binarySearchImplementation.java:12)
	at binarySearch.binarySearchImplementation.binarySearch(binarySearchImplementation.java:15)
	at binarySearch.binarySearchImplementation.binarySearch(binarySearchImplementation.java:15)
	at binarySearch.binarySearchImplementation.binarySearch(binarySearchImplementation.java:15)
	at binarySearch.binarySearchImplementation.binarySearch(binarySearchImplementation.java:12)
	at binarySearch.binarySearchImplementation.binarySearch(binarySearchImplementation.java:15)
	at binarySearch.binarySearchImplementation.binarySearch(binarySearchImplementation.java:15)
	at binarySearch.binarySearchImplementation.binarySearch(binarySearchImplementation.java:15)
	at binarySearch.binarySearchImplementation.binarySearch(binarySearchImplementation.java:12)
	at binarySearch.binarySearchImplementation.binarySearch(binarySearchImplementation.java:15)
	at binarySearch.binarySearchImplementation.binarySearch(binarySearchImplementation.java:15)
	at binarySearch.binarySearchImplementation.binarySearch(binarySearchImplementation.java:15)
	at binarySearch.binarySearchImplementation.binarySearch(binarySearchImplementation.java:12)
	at binarySearch.binarySearchImplementation.binarySearch(binarySearchImplementation.java:15)
	at binarySearch.binarySearchImplementation.binarySearch(binarySearchImplementation.java:15)
	at binarySearch.binarySearchImplementation.binarySearch(binarySearchImplementation.java:15)
	at binarySearch.binarySearchImplementation.binarySearch(binarySearchImplementation.java:12)
	at binarySearch.binarySearchImplementation.binarySearch(binarySearchImplementation.java:15)
	at binarySearch.binarySearchImplementation.binarySearch(binarySearchImplementation.java:15)
	at binarySearch.binarySearchImplementation.binarySearch(binarySearchImplementation.java:15)
	at binarySearch.binarySearchImplementation.binarySearch(binarySearchImplementation.java:12)
	at binarySearch.binarySearchImplementation.binarySearch(binarySearchImplementation.java:15)
	at binarySearch.binarySearchImplementation.binarySearch(binarySearchImplementation.java:15)
	at binarySearch.binarySearchImplementation.binarySearch(binarySearchImplementation.java:15)
	at binarySearch.binarySearchImplementation.binarySearch(binarySearchImplementation.java:12)
	at binarySearch.binarySearchImplementation.binarySearch(binarySearchImplementation.java:15)
	at binarySearch.binarySearchImplementation.binarySearch(binarySearchImplementation.java:15)
	at binarySearch.binarySearchImplementation.binarySearch(binarySearchImplementation.java:15)
	at binarySearch.binarySearchImplementation.binarySearch(binarySearchImplementation.java:12)
	at binarySearch.binarySearchImplementation.binarySearch(binarySearchImplementation.java:15)
	at binarySearch.binarySearchImplementation.binarySearch(binarySearchImplementation.java:15)
	at binarySearch.binarySearchImplementation.binarySearch(binarySearchImplementation.java:15)
	at binarySearch.binarySearchImplementation.binarySearch(binarySearchImplementation.java:12)
	at binarySearch.binarySearchImplementation.binarySearch(binarySearchImplementation.java:15)
	at binarySearch.binarySearchImplementation.binarySearch(binarySearchImplementation.java:15)
	at binarySearch.binarySearchImplementation.binarySearch(binarySearchImplementation.java:15)
	at binarySearch.binarySearchImplementation.binarySearch(binarySearchImplementation.java:12)
	at binarySearch.binarySearchImplementation.binarySearch(binarySearchImplementation.java:15)
	at binarySearch.binarySearchImplementation.binarySearch(binarySearchImplementation.java:15)
	at binarySearch.binarySearchImplementation.binarySearch(binarySearchImplementation.java:15)
	at binarySearch.binarySearchImplementation.binarySearch(binarySearchImplementation.java:12)
	at binarySearch.binarySearchImplementation.binarySearch(binarySearchImplementation.java:15)
	at binarySearch.binarySearchImplementation.binarySearch(binarySearchImplementation.java:15)
	at binarySearch.binarySearchImplementation.binarySearch(binarySearchImplementation.java:15)
	at binarySearch.binarySearchImplementation.binarySearch(binarySearchImplementation.java:12)
	at binarySearch.binarySearchImplementation.binarySearch(binarySearchImplementation.java:15)
	at binarySearch.binarySearchImplementation.binarySearch(binarySearchImplementation.java:15)
	at binarySearch.binarySearchImplementation.binarySearch(binarySearchImplementation.java:15)
	at binarySearch.binarySearchImplementation.binarySearch(binarySearchImplementation.java:12)
	at binarySearch.binarySearchImplementation.binarySearch(binarySearchImplementation.java:15)
	at binarySearch.binarySearchImplementation.binarySearch(binarySearchImplementation.java:15)
	at binarySearch.binarySearchImplementation.binarySearch(binarySearchImplementation.java:15)
	at binarySearch.binarySearchImplementation.binarySearch(binarySearchImplementation.java:12)
	at binarySearch.binarySearchImplementation.binarySearch(binarySearchImplementation.java:15)
	at binarySearch.binarySearchImplementation.binarySearch(binarySearchImplementation.java:15)
	at binarySearch.binarySearchImplementation.binarySearch(binarySearchImplementation.java:15)
	at binarySearch.binarySearchImplementation.binarySearch(binarySearchImplementation.java:12)
	at binarySearch.binarySearchImplementation.binarySearch(binarySearchImplementation.java:15)
	at binarySearch.binarySearchImplementation.binarySearch(binarySearchImplementation.java:15)
	at binarySearch.binarySearchImplementation.binarySearch(binarySearchImplementation.java:15)
	at binarySearch.binarySearchImplementation.binarySearch(binarySearchImplementation.java:12)
	at binarySearch.binarySearchImplementation.binarySearch(binarySearchImplementation.java:15)
	at binarySearch.binarySearchImplementation.binarySearch(binarySearchImplementation.java:15)
	at binarySearch.binarySearchImplementation.binarySearch(binarySearchImplementation.java:15)
	at binarySearch.binarySearchImplementation.binarySearch(binarySearchImplementation.java:12)
	at binarySearch.binarySearchImplementation.binarySearch(binarySearchImplementation.java:15)
	at binarySearch.binarySearchImplementation.binarySearch(binarySearchImplementation.java:15)
	at binarySearch.binarySearchImplementation.binarySearch(binarySearchImplementation.java:15)
	at binarySearch.binarySearchImplementation.binarySearch(binarySearchImplementation.java:12)
	at binarySearch.binarySearchImplementation.binarySearch(binarySearchImplementation.java:15)
	at binarySearch.binarySearchImplementation.binarySearch(binarySearchImplementation.java:15)
	at binarySearch.binarySearchImplementation.binarySearch(binarySearchImplementation.java:15)
	at binarySearch.binarySearchImplementation.binarySearch(binarySearchImplementation.java:12)
	at binarySearch.binarySearchImplementation.binarySearch(binarySearchImplementation.java:15)
	at binarySearch.binarySearchImplementation.binarySearch(binarySearchImplementation.java:15)
	at binarySearch.binarySearchImplementation.binarySearch(binarySearchImplementation.java:15)
	at binarySearch.binarySearchImplementation.binarySearch(binarySearchImplementation.java:12)
	at binarySearch.binarySearchImplementation.binarySearch(binarySearchImplementation.java:15)
	at binarySearch.binarySearchImplementation.binarySearch(binarySearchImplementation.java:15)
	at binarySearch.binarySearchImplementation.binarySearch(binarySearchImplementation.java:15)
	at binarySearch.binarySearchImplementation.binarySearch(binarySearchImplementation.java:12)
	at binarySearch.binarySearchImplementation.binarySearch(binarySearchImplementation.java:15)
	at binarySearch.binarySearchImplementation.binarySearch(binarySearchImplementation.java:15)
	at binarySearch.binarySearchImplementation.binarySearch(binarySearchImplementation.java:15)
	at binarySearch.binarySearchImplementation.binarySearch(binarySearchImplementation.java:12)
	at binarySearch.binarySearchImplementation.binarySearch(binarySearchImplementation.java:15)
	at binarySearch.binarySearchImplementation.binarySearch(binarySearchImplementation.java:15)
	at binarySearch.binarySearchImplementation.binarySearch(binarySearchImplementation.java:15)
	at binarySearch.binarySearchImplementation.binarySearch(binarySearchImplementation.java:12)
	at binarySearch.binarySearchImplementation.binarySearch(binarySearchImplementation.java:15)
	at binarySearch.binarySearchImplementation.binarySearch(binarySearchImplementation.java:15)
	at binarySearch.binarySearchImplementation.binarySearch(binarySearchImplementation.java:15)
	at binarySearch.binarySearchImplementation.binarySearch(binarySearchImplementation.java:12)
	at binarySearch.binarySearchImplementation.binarySearch(binarySearchImplementation.java:15)
	at binarySearch.binarySearchImplementation.binarySearch(binarySearchImplementation.java:15)
	at binarySearch.binarySearchImplementation.binarySearch(binarySearchImplementation.java:15)
	at binarySearch.binarySearchImplementation.binarySearch(binarySearchImplementation.java:12)
	at binarySearch.binarySearchImplementation.binarySearch(binarySearchImplementation.java:15)
	at binarySearch.binarySearchImplementation.binarySearch(binarySearchImplementation.java:15)
	at binarySearch.binarySearchImplementation.binarySearch(binarySearchImplementation.java:15)
	at binarySearch.binarySearchImplementation.binarySearch(binarySearchImplementation.java:12)
	at binarySearch.binarySearchImplementation.binarySearch(binarySearchImplementation.java:15)
	at binarySearch.binarySearchImplementation.binarySearch(binarySearchImplementation.java:15)
	at binarySearch.binarySearchImplementation.binarySearch(binarySearchImplementation.java:15)
	at binarySearch.binarySearchImplementation.binarySearch(binarySearchImplementation.java:12)
	at binarySearch.binarySearchImplementation.binarySearch(binarySearchImplementation.java:15)
	at binarySearch.binarySearchImplementation.binarySearch(binarySearchImplementation.java:15)
	at binarySearch.binarySearchImplementation.binarySearch(binarySearchImplementation.java:15)
	at binarySearch.binarySearchImplementation.binarySearch(binarySearchImplementation.java:12)
	at binarySearch.binarySearchImplementation.binarySearch(binarySearchImplementation.java:15)
	at binarySearch.binarySearchImplementation.binarySearch(binarySearchImplementation.java:15)
	at binarySearch.binarySearchImplementation.binarySearch(binarySearchImplementation.java:15)
	at binarySearch.binarySearchImplementation.binarySearch(binarySearchImplementation.java:12)
	at binarySearch.binarySearchImplementation.binarySearch(binarySearchImplementation.java:15)
	at binarySearch.binarySearchImplementation.binarySearch(binarySearchImplementation.java:15)
	at binarySearch.binarySearchImplementation.binarySearch(binarySearchImplementation.java:15)
	at binarySearch.binarySearchImplementation.binarySearch(binarySearchImplementation.java:12)
	at binarySearch.binarySearchImplementation.binarySearch(binarySearchImplementation.java:15)
	at binarySearch.binarySearchImplementation.binarySearch(binarySearchImplementation.java:15)
	at binarySearch.binarySearchImplementation.binarySearch(binarySearchImplementation.java:15)
	at binarySearch.binarySearchImplementation.binarySearch(binarySearchImplementation.java:12)
	at binarySearch.binarySearchImplementation.binarySearch(binarySearchImplementation.java:15)
	at binarySearch.binarySearchImplementation.binarySearch(binarySearchImplementation.java:15)
	at binarySearch.binarySearchImplementation.binarySearch(binarySearchImplementation.java:15)
	at binarySearch.binarySearchImplementation.binarySearch(binarySearchImplementation.java:12)
	at binarySearch.binarySearchImplementation.binarySearch(binarySearchImplementation.java:15)
	at binarySearch.binarySearchImplementation.binarySearch(binarySearchImplementation.java:15)
	at binarySearch.binarySearchImplementation.binarySearch(binarySearchImplementation.java:15)
	at binarySearch.binarySearchImplementation.binarySearch(binarySearchImplementation.java:12)
	at binarySearch.binarySearchImplementation.binarySearch(binarySearchImplementation.java:15)
	at binarySearch.binarySearchImplementation.binarySearch(binarySearchImplementation.java:15)
	at binarySearch.binarySearchImplementation.binarySearch(binarySearchImplementation.java:15)
	at binarySearch.binarySearchImplementation.binarySearch(binarySearchImplementation.java:12)
	at binarySearch.binarySearchImplementation.binarySearch(binarySearchImplementation.java:15)
	at binarySearch.binarySearchImplementation.binarySearch(binarySearchImplementation.java:15)
	at binarySearch.binarySearchImplementation.binarySearch(binarySearchImplementation.java:15)
	at binarySearch.binarySearchImplementation.binarySearch(binarySearchImplementation.java:12)
	at binarySearch.binarySearchImplementation.binarySearch(binarySearchImplementation.java:15)
	at binarySearch.binarySearchImplementation.binarySearch(binarySearchImplementation.java:15)
	at binarySearch.binarySearchImplementation.binarySearch(binarySearchImplementation.java:15)
	at binarySearch.binarySearchImplementation.binarySearch(binarySearchImplementation.java:12)
	at binarySearch.binarySearchImplementation.binarySearch(binarySearchImplementation.java:15)
	at binarySearch.binarySearchImplementation.binarySearch(binarySearchImplementation.java:15)
	at binarySearch.binarySearchImplementation.binarySearch(binarySearchImplementation.java:15)
	at binarySearch.binarySearchImplementation.binarySearch(binarySearchImplementation.java:12)
	at binarySearch.binarySearchImplementation.binarySearch(binarySearchImplementation.java:15)
	at binarySearch.binarySearchImplementation.binarySearch(binarySearchImplementation.java:15)
	at binarySearch.binarySearchImplementation.binarySearch(binarySearchImplementation.java:15)
	at binarySearch.binarySearchImplementation.binarySearch(binarySearchImplementation.java:12)
	at binarySearch.binarySearchImplementation.binarySearch(binarySearchImplementation.java:15)
	at binarySearch.binarySearchImplementation.binarySearch(binarySearchImplementation.java:15)
	at binarySearch.binarySearchImplementation.binarySearch(binarySearchImplementation.java:15)
	at binarySearch.binarySearchImplementation.binarySearch(binarySearchImplementation.java:12)
	at binarySearch.binarySearchImplementation.binarySearch(binarySearchImplementation.java:15)
	at binarySearch.binarySearchImplementation.binarySearch(binarySearchImplementation.java:15)
	at binarySearch.binarySearchImplementation.binarySearch(binarySearchImplementation.java:15)
	at binarySearch.binarySearchImplementation.binarySearch(binarySearchImplementation.java:12)
	at binarySearch.binarySearchImplementation.binarySearch(binarySearchImplementation.java:15)
	at binarySearch.binarySearchImplementation.binarySearch(binarySearchImplementation.java:15)
	at binarySearch.binarySearchImplementation.binarySearch(binarySearchImplementation.java:15)
	at binarySearch.binarySearchImplementation.binarySearch(binarySearchImplementation.java:12)
	at binarySearch.binarySearchImplementation.binarySearch(binarySearchImplementation.java:15)
	at binarySearch.binarySearchImplementation.binarySearch(binarySearchImplementation.java:15)
	at binarySearch.binarySearchImplementation.binarySearch(binarySearchImplementation.java:15)
	at binarySearch.binarySearchImplementation.binarySearch(binarySearchImplementation.java:12)
	at binarySearch.binarySearchImplementation.binarySearch(binarySearchImplementation.java:15)
	at binarySearch.binarySearchImplementation.binarySearch(binarySearchImplementation.java:15)
	at binarySearch.binarySearchImplementation.binarySearch(binarySearchImplementation.java:15)
	at binarySearch.binarySearchImplementation.binarySearch(binarySearchImplementation.java:12)
	at binarySearch.binarySearchImplementation.binarySearch(binarySearchImplementation.java:15)
	at binarySearch.binarySearchImplementation.binarySearch(binarySearchImplementation.java:15)
	at binarySearch.binarySearchImplementation.binarySearch(binarySearchImplementation.java:15)
	at binarySearch.binarySearchImplementation.binarySearch(binarySearchImplementation.java:12)
	at binarySearch.binarySearchImplementation.binarySearch(binarySearchImplementation.java:15)
	at binarySearch.binarySearchImplementation.binarySearch(binarySearchImplementation.java:15)
	at binarySearch.binarySearchImplementation.binarySearch(binarySearchImplementation.java:15)
	at binarySearch.binarySearchImplementation.binarySearch(binarySearchImplementation.java:12)
	at binarySearch.binarySearchImplementation.binarySearch(binarySearchImplementation.java:15)
	at binarySearch.binarySearchImplementation.binarySearch(binarySearchImplementation.java:15)
	at binarySearch.binarySearchImplementation.binarySearch(binarySearchImplementation.java:15)
	at binarySearch.binarySearchImplementation.binarySearch(binarySearchImplementation.java:12)
	at binarySearch.binarySearchImplementation.binarySearch(binarySearchImplementation.java:15)
	at binarySearch.binarySearchImplementation.binarySearch(binarySearchImplementation.java:15)
	at binarySearch.binarySearchImplementation.binarySearch(binarySearchImplementation.java:15)
	at binarySearch.binarySearchImplementation.binarySearch(binarySearchImplementation.java:12)
	at binarySearch.binarySearchImplementation.binarySearch(binarySearchImplementation.java:15)
	at binarySearch.binarySearchImplementation.binarySearch(binarySearchImplementation.java:15)
	at binarySearch.binarySearchImplementation.binarySearch(binarySearchImplementation.java:15)
	at binarySearch.binarySearchImplementation.binarySearch(binarySearchImplementation.java:12)
	at binarySearch.binarySearchImplementation.binarySearch(binarySearchImplementation.java:15)
	at binarySearch.binarySearchImplementation.binarySearch(binarySearchImplementation.java:15)
	at binarySearch.binarySearchImplementation.binarySearch(binarySearchImplementation.java:15)
	at binarySearch.binarySearchImplementation.binarySearch(binarySearchImplementation.java:12)
	at binarySearch.binarySearchImplementation.binarySearch(binarySearchImplementation.java:15)
	at binarySearch.binarySearchImplementation.binarySearch(binarySearchImplementation.java:15)
	at binarySearch.binarySearchImplementation.binarySearch(binarySearchImplementation.java:15)
	at binarySearch.binarySearchImplementation.binarySearch(binarySearchImplementation.java:12)
	at binarySearch.binarySearchImplementation.binarySearch(binarySearchImplementation.java:15)
	at binarySearch.binarySearchImplementation.binarySearch(binarySearchImplementation.java:15)
	at binarySearch.binarySearchImplementation.binarySearch(binarySearchImplementation.java:15)
	at binarySearch.binarySearchImplementation.binarySearch(binarySearchImplementation.java:12)
	at binarySearch.binarySearchImplementation.binarySearch(binarySearchImplementation.java:15)
	at binarySearch.binarySearchImplementation.binarySearch(binarySearchImplementation.java:15)
	at binarySearch.binarySearchImplementation.binarySearch(binarySearchImplementation.java:15)
	at binarySearch.binarySearchImplementation.binarySearch(binarySearchImplementation.java:12)
	at binarySearch.binarySearchImplementation.binarySearch(binarySearchImplementation.java:15)
	at binarySearch.binarySearchImplementation.binarySearch(binarySearchImplementation.java:15)
	at binarySearch.binarySearchImplementation.binarySearch(binarySearchImplementation.java:15)
	at binarySearch.binarySearchImplementation.binarySearch(binarySearchImplementation.java:12)
	at binarySearch.binarySearchImplementation.binarySearch(binarySearchImplementation.java:15)
	at binarySearch.binarySearchImplementation.binarySearch(binarySearchImplementation.java:15)
	at binarySearch.binarySearchImplementation.binarySearch(binarySearchImplementation.java:15)
	at binarySearch.binarySearchImplementation.binarySearch(binarySearchImplementation.java:12)
	at binarySearch.binarySearchImplementation.binarySearch(binarySearchImplementation.java:15)
	at binarySearch.binarySearchImplementation.binarySearch(binarySearchImplementation.java:15)
	at binarySearch.binarySearchImplementation.binarySearch(binarySearchImplementation.java:15)
	at binarySearch.binarySearchImplementation.binarySearch(binarySearchImplementation.java:12)
	at binarySearch.binarySearchImplementation.binarySearch(binarySearchImplementation.java:15)
	at binarySearch.binarySearchImplementation.binarySearch(binarySearchImplementation.java:15)
	at binarySearch.binarySearchImplementation.binarySearch(binarySearchImplementation.java:15)
	at binarySearch.binarySearchImplementation.binarySearch(binarySearchImplementation.java:12)
	at binarySearch.binarySearchImplementation.binarySearch(binarySearchImplementation.java:15)
	at binarySearch.binarySearchImplementation.binarySearch(binarySearchImplementation.java:15)
	at binarySearch.binarySearchImplementation.binarySearch(binarySearchImplementation.java:15)
	at binarySearch.binarySearchImplementation.binarySearch(binarySearchImplementation.java:12)
	at binarySearch.binarySearchImplementation.binarySearch(binarySearchImplementation.java:15)
	at binarySearch.binarySearchImplementation.binarySearch(binarySearchImplementation.java:15)
	at binarySearch.binarySearchImplementation.binarySearch(binarySearchImplementation.java:15)
	at binarySearch.binarySearchImplementation.binarySearch(binarySearchImplementation.java:12)
	at binarySearch.binarySearchImplementation.binarySearch(binarySearchImplementation.java:15)
	at binarySearch.binarySearchImplementation.binarySearch(binarySearchImplementation.java:15)
	at binarySearch.binarySearchImplementation.binarySearch(binarySearchImplementation.java:15)
	at binarySearch.binarySearchImplementation.binarySearch(binarySearchImplementation.java:12)
	at binarySearch.binarySearchImplementation.binarySearch(binarySearchImplementation.java:15)
	at binarySearch.binarySearchImplementation.binarySearch(binarySearchImplementation.java:15)
	at binarySearch.binarySearchImplementation.binarySearch(binarySearchImplementation.java:15)
	at binarySearch.binarySearchImplementation.binarySearch(binarySearchImplementation.java:12)
	at binarySearch.binarySearchImplementation.binarySearch(binarySearchImplementation.java:15)
	at binarySearch.binarySearchImplementation.binarySearch(binarySearchImplementation.java:15)
	at binarySearch.binarySearchImplementation.binarySearch(binarySearchImplementation.java:15)
	at binarySearch.binarySearchImplementation.binarySearch(binarySearchImplementation.java:12)
	at binarySearch.binarySearchImplementation.binarySearch(binarySearchImplementation.java:15)
	at binarySearch.binarySearchImplementation.binarySearch(binarySearchImplementation.java:15)
	at binarySearch.binarySearchImplementation.binarySearch(binarySearchImplementation.java:15)
	at binarySearch.binarySearchImplementation.binarySearch(binarySearchImplementation.java:12)
	at binarySearch.binarySearchImplementation.binarySearch(binarySearchImplementation.java:15)
	at binarySearch.binarySearchImplementation.binarySearch(binarySearchImplementation.java:15)
	at binarySearch.binarySearchImplementation.binarySearch(binarySearchImplementation.java:15)
	at binarySearch.binarySearchImplementation.binarySearch(binarySearchImplementation.java:12)
	at binarySearch.binarySearchImplementation.binarySearch(binarySearchImplementation.java:15)
	at binarySearch.binarySearchImplementation.binarySearch(binarySearchImplementation.java:15)
	at binarySearch.binarySearchImplementation.binarySearch(binarySearchImplementation.java:15)
	at binarySearch.binarySearchImplementation.binarySearch(binarySearchImplementation.java:12)
	at binarySearch.binarySearchImplementation.binarySearch(binarySearchImplementation.java:15)
	at binarySearch.binarySearchImplementation.binarySearch(binarySearchImplementation.java:15)
	at binarySearch.binarySearchImplementation.binarySearch(binarySearchImplementation.java:15)
	at binarySearch.binarySearchImplementation.binarySearch(binarySearchImplementation.java:12)
	at binarySearch.binarySearchImplementation.binarySearch(binarySearchImplementation.java:15)
	at binarySearch.binarySearchImplementation.binarySearch(binarySearchImplementation.java:15)
	at binarySearch.binarySearchImplementation.binarySearch(binarySearchImplementation.java:15)
	at binarySearch.binarySearchImplementation.binarySearch(binarySearchImplementation.java:12)
	at binarySearch.binarySearchImplementation.binarySearch(binarySearchImplementation.java:15)
	at binarySearch.binarySearchImplementation.binarySearch(binarySearchImplementation.java:15)
	at binarySearch.binarySearchImplementation.binarySearch(binarySearchImplementation.java:15)
	at binarySearch.binarySearchImplementation.binarySearch(binarySearchImplementation.java:12)
	at binarySearch.binarySearchImplementation.binarySearch(binarySearchImplementation.java:15)
	at binarySearch.binarySearchImplementation.binarySearch(binarySearchImplementation.java:15)
	at binarySearch.binarySearchImplementation.binarySearch(binarySearchImplementation.java:15)
	at binarySearch.binarySearchImplementation.binarySearch(binarySearchImplementation.java:12)
	at binarySearch.binarySearchImplementation.binarySearch(binarySearchImplementation.java:15)
	at binarySearch.binarySearchImplementation.binarySearch(binarySearchImplementation.java:15)
	at binarySearch.binarySearchImplementation.binarySearch(binarySearchImplementation.java:15)
	at binarySearch.binarySearchImplementation.binarySearch(binarySearchImplementation.java:12)
	at binarySearch.binarySearchImplementation.binarySearch(binarySearchImplementation.java:15)
	at binarySearch.binarySearchImplementation.binarySearch(binarySearchImplementation.java:15)
	at binarySearch.binarySearchImplementation.binarySearch(binarySearchImplementation.java:15)
	at binarySearch.binarySearchImplementation.binarySearch(binarySearchImplementation.java:12)
	at binarySearch.binarySearchImplementation.binarySearch(binarySearchImplementation.java:15)
	at binarySearch.binarySearchImplementation.binarySearch(binarySearchImplementation.java:15)
	at binarySearch.binarySearchImplementation.binarySearch(binarySearchImplementation.java:15)
	at binarySearch.binarySearchImplementation.binarySearch(binarySearchImplementation.java:12)
	at binarySearch.binarySearchImplementation.binarySearch(binarySearchImplementation.java:15)
	at binarySearch.binarySearchImplementation.binarySearch(binarySearchImplementation.java:15)
	at binarySearch.binarySearchImplementation.binarySearch(binarySearchImplementation.java:15)
	at binarySearch.binarySearchImplementation.binarySearch(binarySearchImplementation.java:12)
	at binarySearch.binarySearchImplementation.binarySearch(binarySearchImplementation.java:15)
	at binarySearch.binarySearchImplementation.binarySearch(binarySearchImplementation.java:15)
	at binarySearch.binarySearchImplementation.binarySearch(binarySearchImplementation.java:15)
	at binarySearch.binarySearchImplementation.binarySearch(binarySearchImplementation.java:12)
	at binarySearch.binarySearchImplementation.binarySearch(binarySearchImplementation.java:15)
	at binarySearch.binarySearchImplementation.binarySearch(binarySearchImplementation.java:15)
	at binarySearch.binarySearchImplementation.binarySearch(binarySearchImplementation.java:15)
	at binarySearch.binarySearchImplementation.binarySearch(binarySearchImplementation.java:12)
	at binarySearch.binarySearchImplementation.binarySearch(binarySearchImplementation.java:15)
	at binarySearch.binarySearchImplementation.binarySearch(binarySearchImplementation.java:15)
	at binarySearch.binarySearchImplementation.binarySearch(binarySearchImplementation.java:15)
	at binarySearch.binarySearchImplementation.binarySearch(binarySearchImplementation.java:12)
	at binarySearch.binarySearchImplementation.binarySearch(binarySearchImplementation.java:15)
	at binarySearch.binarySearchImplementation.binarySearch(binarySearchImplementation.java:15)
	at binarySearch.binarySearchImplementation.binarySearch(binarySearchImplementation.java:15)
	at binarySearch.binarySearchImplementation.binarySearch(binarySearchImplementation.java:12)
	at binarySearch.binarySearchImplementation.binarySearch(binarySearchImplementation.java:15)
	at binarySearch.binarySearchImplementation.binarySearch(binarySearchImplementation.java:15)
	at binarySearch.binarySearchImplementation.binarySearch(binarySearchImplementation.java:15)
	at binarySearch.binarySearchImplementation.binarySearch(binarySearchImplementation.java:12)
	at binarySearch.binarySearchImplementation.binarySearch(binarySearchImplementation.java:15)
	at binarySearch.binarySearchImplementation.binarySearch(binarySearchImplementation.java:15)
	at binarySearch.binarySearchImplementation.binarySearch(binarySearchImplementation.java:15)
	at binarySearch.binarySearchImplementation.binarySearch(binarySearchImplementation.java:12)
	at binarySearch.binarySearchImplementation.binarySearch(binarySearchImplementation.java:15)
	at binarySearch.binarySearchImplementation.binarySearch(binarySearchImplementation.java:15)
	at binarySearch.binarySearchImplementation.binarySearch(binarySearchImplementation.java:15)
	at binarySearch.binarySearchImplementation.binarySearch(binarySearchImplementation.java:12)
	at binarySearch.binarySearchImplementation.binarySearch(binarySearchImplementation.java:15)
	at binarySearch.binarySearchImplementation.binarySearch(binarySearchImplementation.java:15)
	at binarySearch.binarySearchImplementation.binarySearch(binarySearchImplementation.java:15)
	at binarySearch.binarySearchImplementation.binarySearch(binarySearchImplementation.java:12)
	at binarySearch.binarySearchImplementation.binarySearch(binarySearchImplementation.java:15)
	at binarySearch.binarySearchImplementation.binarySearch(binarySearchImplementation.java:15)
	at binarySearch.binarySearchImplementation.binarySearch(binarySearchImplementation.java:15)
	at binarySearch.binarySearchImplementation.binarySearch(binarySearchImplementation.java:12)
	at binarySearch.binarySearchImplementation.binarySearch(binarySearchImplementation.java:15)
	at binarySearch.binarySearchImplementation.binarySearch(binarySearchImplementation.java:15)
	at binarySearch.binarySearchImplementation.binarySearch(binarySearchImplementation.java:15)
	at binarySearch.binarySearchImplementation.binarySearch(binarySearchImplementation.java:12)
	at binarySearch.binarySearchImplementation.binarySearch(binarySearchImplementation.java:15)
	at binarySearch.binarySearchImplementation.binarySearch(binarySearchImplementation.java:15)
	at binarySearch.binarySearchImplementation.binarySearch(binarySearchImplementation.java:15)
	at binarySearch.binarySearchImplementation.binarySearch(binarySearchImplementation.java:12)
	at binarySearch.binarySearchImplementation.binarySearch(binarySearchImplementation.java:15)
	at binarySearch.binarySearchImplementation.binarySearch(binarySearchImplementation.java:15)
	at binarySearch.binarySearchImplementation.binarySearch(binarySearchImplementation.java:15)
	at binarySearch.binarySearchImplementation.binarySearch(binarySearchImplementation.java:12)
	at binarySearch.binarySearchImplementation.binarySearch(binarySearchImplementation.java:15)
	at binarySearch.binarySearchImplementation.binarySearch(binarySearchImplementation.java:15)
	at binarySearch.binarySearchImplementation.binarySearch(binarySearchImplementation.java:15)
	at binarySearch.binarySearchImplementation.binarySearch(binarySearchImplementation.java:12)
	at binarySearch.binarySearchImplementation.binarySearch(binarySearchImplementation.java:15)
	at binarySearch.binarySearchImplementation.binarySearch(binarySearchImplementation.java:15)
	at binarySearch.binarySearchImplementation.binarySearch(binarySearchImplementation.java:15)
	at binarySearch.binarySearchImplementation.binarySearch(binarySearchImplementation.java:12)
	at binarySearch.binarySearchImplementation.binarySearch(binarySearchImplementation.java:15)
	at binarySearch.binarySearchImplementation.binarySearch(binarySearchImplementation.java:15)
	at binarySearch.binarySearchImplementation.binarySearch(binarySearchImplementation.java:15)
	at binarySearch.binarySearchImplementation.binarySearch(binarySearchImplementation.java:12)
	at binarySearch.binarySearchImplementation.binarySearch(binarySearchImplementation.java:15)
	at binarySearch.binarySearchImplementation.binarySearch(binarySearchImplementation.java:15)
	at binarySearch.binarySearchImplementation.binarySearch(binarySearchImplementation.java:15)
	at binarySearch.binarySearchImplementation.binarySearch(binarySearchImplementation.java:12)
	at binarySearch.binarySearchImplementation.binarySearch(binarySearchImplementation.java:15)
	at binarySearch.binarySearchImplementation.binarySearch(binarySearchImplementation.java:15)
	at binarySearch.binarySearchImplementation.binarySearch(binarySearchImplementation.java:15)
	at binarySearch.binarySearchImplementation.binarySearch(binarySearchImplementation.java:12)
	at binarySearch.binarySearchImplementation.binarySearch(binarySearchImplementation.java:15)
	at binarySearch.binarySearchImplementation.binarySearch(binarySearchImplementation.java:15)
	at binarySearch.binarySearchImplementation.binarySearch(binarySearchImplementation.java:15)
	at binarySearch.binarySearchImplementation.binarySearch(binarySearchImplementation.java:12)
	at binarySearch.binarySearchImplementation.binarySearch(binarySearchImplementation.java:15)
	at binarySearch.binarySearchImplementation.binarySearch(binarySearchImplementation.java:15)
	at binarySearch.binarySearchImplementation.binarySearch(binarySearchImplementation.java:15)
	at binarySearch.binarySearchImplementation.binarySearch(binarySearchImplementation.java:12)
	at binarySearch.binarySearchImplementation.binarySearch(binarySearchImplementation.java:15)
	at binarySearch.binarySearchImplementation.binarySearch(binarySearchImplementation.java:15)
	at binarySearch.binarySearchImplementation.binarySearch(binarySearchImplementation.java:15)
	at binarySearch.binarySearchImplementation.binarySearch(binarySearchImplementation.java:12)
	at binarySearch.binarySearchImplementation.binarySearch(binarySearchImplementation.java:15)
	at binarySearch.binarySearchImplementation.binarySearch(binarySearchImplementation.java:15)
	at binarySearch.binarySearchImplementation.binarySearch(binarySearchImplementation.java:15)
	at binarySearch.binarySearchImplementation.binarySearch(binarySearchImplementation.java:12)
	at binarySearch.binarySearchImplementation.binarySearch(binarySearchImplementation.java:15)
	at binarySearch.binarySearchImplementation.binarySearch(binarySearchImplementation.java:15)
	at binarySearch.binarySearchImplementation.binarySearch(binarySearchImplementation.java:15)
	at binarySearch.binarySearchImplementation.binarySearch(binarySearchImplementation.java:12)
	at binarySearch.binarySearchImplementation.binarySearch(binarySearchImplementation.java:15)
	at binarySearch.binarySearchImplementation.binarySearch(binarySearchImplementation.java:15)
	at binarySearch.binarySearchImplementation.binarySearch(binarySearchImplementation.java:15)
	at binarySearch.binarySearchImplementation.binarySearch(binarySearchImplementation.java:12)
	at binarySearch.binarySearchImplementation.binarySearch(binarySearchImplementation.java:15)
	at binarySearch.binarySearchImplementation.binarySearch(binarySearchImplementation.java:15)
	at binarySearch.binarySearchImplementation.binarySearch(binarySearchImplementation.java:15)
	at binarySearch.binarySearchImplementation.binarySearch(binarySearchImplementation.java:12)
	at binarySearch.binarySearchImplementation.binarySearch(binarySearchImplementation.java:15)
	at binarySearch.binarySearchImplementation.binarySearch(binarySearchImplementation.java:15)
	at binarySearch.binarySearchImplementation.binarySearch(binarySearchImplementation.java:15)
	at binarySearch.binarySearchImplementation.binarySearch(binarySearchImplementation.java:12)
	at binarySearch.binarySearchImplementation.binarySearch(binarySearchImplementation.java:15)
	at binarySearch.binarySearchImplementation.binarySearch(binarySearchImplementation.java:15)
	at binarySearch.binarySearchImplementation.binarySearch(binarySearchImplementation.java:15)
	at binarySearch.binarySearchImplementation.binarySearch(binarySearchImplementation.java:12)
	at binarySearch.binarySearchImplementation.binarySearch(binarySearchImplementation.java:15)
	at binarySearch.binarySearchImplementation.binarySearch(binarySearchImplementation.java:15)
	at binarySearch.binarySearchImplementation.binarySearch(binarySearchImplementation.java:15)
	at binarySearch.binarySearchImplementation.binarySearch(binarySearchImplementation.java:12)
	at binarySearch.binarySearchImplementation.binarySearch(binarySearchImplementation.java:15)
	at binarySearch.binarySearchImplementation.binarySearch(binarySearchImplementation.java:15)
	at binarySearch.binarySearchImplementation.binarySearch(binarySearchImplementation.java:15)
	at binarySearch.binarySearchImplementation.binarySearch(binarySearchImplementation.java:12)
	at binarySearch.binarySearchImplementation.binarySearch(binarySearchImplementation.java:15)
	at binarySearch.binarySearchImplementation.binarySearch(binarySearchImplementation.java:15)
	at binarySearch.binarySearchImplementation.binarySearch(binarySearchImplementation.java:15)
	at binarySearch.binarySearchImplementation.binarySearch(binarySearchImplementation.java:12)
	at binarySearch.binarySearchImplementation.binarySearch(binarySearchImplementation.java:15)
	at binarySearch.binarySearchImplementation.binarySearch(binarySearchImplementation.java:15)
	at binarySearch.binarySearchImplementation.binarySearch(binarySearchImplementation.java:15)
	at binarySearch.binarySearchImplementation.binarySearch(binarySearchImplementation.java:12)
	at binarySearch.binarySearchImplementation.binarySearch(binarySearchImplementation.java:15)
	at binarySearch.binarySearchImplementation.binarySearch(binarySearchImplementation.java:15)
	at binarySearch.binarySearchImplementation.binarySearch(binarySearchImplementation.java:15)
	at binarySearch.binarySearchImplementation.binarySearch(binarySearchImplementation.java:12)
	at binarySearch.binarySearchImplementation.binarySearch(binarySearchImplementation.java:15)
	at binarySearch.binarySearchImplementation.binarySearch(binarySearchImplementation.java:15)
	at binarySearch.binarySearchImplementation.binarySearch(binarySearchImplementation.java:15)
	at binarySearch.binarySearchImplementation.binarySearch(binarySearchImplementation.java:12)
	at binarySearch.binarySearchImplementation.binarySearch(binarySearchImplementation.java:15)
	at binarySearch.binarySearchImplementation.binarySearch(binarySearchImplementation.java:15)
	at binarySearch.binarySearchImplementation.binarySearch(binarySearchImplementation.java:15)
	at binarySearch.binarySearchImplementation.binarySearch(binarySearchImplementation.java:12)
	at binarySearch.binarySearchImplementation.binarySearch(binarySearchImplementation.java:15)
	at binarySearch.binarySearchImplementation.binarySearch(binarySearchImplementation.java:15)
	at binarySearch.binarySearchImplementation.binarySearch(binarySearchImplementation.java:15)
	at binarySearch.binarySearchImplementation.binarySearch(binarySearchImplementation.java:12)
	at binarySearch.binarySearchImplementation.binarySearch(binarySearchImplementation.java:15)
	at binarySearch.binarySearchImplementation.binarySearch(binarySearchImplementation.java:15)
	at binarySearch.binarySearchImplementation.binarySearch(binarySearchImplementation.java:15)
	at binarySearch.binarySearchImplementation.binarySearch(binarySearchImplementation.java:12)
	at binarySearch.binarySearchImplementation.binarySearch(binarySearchImplementation.java:15)
	at binarySearch.binarySearchImplementation.binarySearch(binarySearchImplementation.java:15)
	at binarySearch.binarySearchImplementation.binarySearch(binarySearchImplementation.java:15)
	at binarySearch.binarySearchImplementation.binarySearch(binarySearchImplementation.java:12)
	at binarySearch.binarySearchImplementation.binarySearch(binarySearchImplementation.java:15)
	at binarySearch.binarySearchImplementation.binarySearch(binarySearchImplementation.java:15)
	at binarySearch.binarySearchImplementation.binarySearch(binarySearchImplementation.java:15)
	at binarySearch.binarySearchImplementation.binarySearch(binarySearchImplementation.java:12)
	at binarySearch.binarySearchImplementation.binarySearch(binarySearchImplementation.java:15)
	at binarySearch.binarySearchImplementation.binarySearch(binarySearchImplementation.java:15)
	at binarySearch.binarySearchImplementation.binarySearch(binarySearchImplementation.java:15)
	at binarySearch.binarySearchImplementation.binarySearch(binarySearchImplementation.java:12)
	at binarySearch.binarySearchImplementation.binarySearch(binarySearchImplementation.java:15)
	at binarySearch.binarySearchImplementation.binarySearch(binarySearchImplementation.java:15)
	at binarySearch.binarySearchImplementation.binarySearch(binarySearchImplementation.java:15)
	at binarySearch.binarySearchImplementation.binarySearch(binarySearchImplementation.java:12)
	at binarySearch.binarySearchImplementation.binarySearch(binarySearchImplementation.java:15)
	at binarySearch.binarySearchImplementation.binarySearch(binarySearchImplementation.java:15)
	at binarySearch.binarySearchImplementation.binarySearch(binarySearchImplementation.java:15)
	at binarySearch.binarySearchImplementation.binarySearch(binarySearchImplementation.java:12)
	at binarySearch.binarySearchImplementation.binarySearch(binarySearchImplementation.java:15)
	at binarySearch.binarySearchImplementation.binarySearch(binarySearchImplementation.java:15)
	at binarySearch.binarySearchImplementation.binarySearch(binarySearchImplementation.java:15)
	at binarySearch.binarySearchImplementation.binarySearch(binarySearchImplementation.java:12)
	at binarySearch.binarySearchImplementation.binarySearch(binarySearchImplementation.java:15)
	at binarySearch.binarySearchImplementation.binarySearch(binarySearchImplementation.java:15)
	at binarySearch.binarySearchImplementation.binarySearch(binarySearchImplementation.java:15)
	at binarySearch.binarySearchImplementation.binarySearch(binarySearchImplementation.java:12)
	at binarySearch.binarySearchImplementation.binarySearch(binarySearchImplementation.java:15)
	at binarySearch.binarySearchImplementation.binarySearch(binarySearchImplementation.java:15)
	at binarySearch.binarySearchImplementation.binarySearch(binarySearchImplementation.java:15)
	at binarySearch.binarySearchImplementation.binarySearch(binarySearchImplementation.java:12)
	at binarySearch.binarySearchImplementation.binarySearch(binarySearchImplementation.java:15)
	at binarySearch.binarySearchImplementation.binarySearch(binarySearchImplementation.java:15)
	at binarySearch.binarySearchImplementation.binarySearch(binarySearchImplementation.java:15)
	at binarySearch.binarySearchImplementation.binarySearch(binarySearchImplementation.java:12)
	at binarySearch.binarySearchImplementation.binarySearch(binarySearchImplementation.java:15)
	at binarySearch.binarySearchImplementation.binarySearch(binarySearchImplementation.java:15)
	at binarySearch.binarySearchImplementation.binarySearch(binarySearchImplementation.java:15)
	at binarySearch.binarySearchImplementation.binarySearch(binarySearchImplementation.java:12)
	at binarySearch.binarySearchImplementation.binarySearch(binarySearchImplementation.java:15)
	at binarySearch.binarySearchImplementation.binarySearch(binarySearchImplementation.java:15)
	at binarySearch.binarySearchImplementation.binarySearch(binarySearchImplementation.java:15)
	at binarySearch.binarySearchImplementation.binarySearch(binarySearchImplementation.java:12)
	at binarySearch.binarySearchImplementation.binarySearch(binarySearchImplementation.java:15)
	at binarySearch.binarySearchImplementation.binarySearch(binarySearchImplementation.java:15)
	at binarySearch.binarySearchImplementation.binarySearch(binarySearchImplementation.java:15)
	at binarySearch.binarySearchImplementation.binarySearch(binarySearchImplementation.java:12)
	at binarySearch.binarySearchImplementation.binarySearch(binarySearchImplementation.java:15)
	at binarySearch.binarySearchImplementation.binarySearch(binarySearchImplementation.java:15)
	at binarySearch.binarySearchImplementation.binarySearch(binarySearchImplementation.java:15)
	at binarySearch.binarySearchImplementation.binarySearch(binarySearchImplementation.java:12)
	at binarySearch.binarySearchImplementation.binarySearch(binarySearchImplementation.java:15)
	at binarySearch.binarySearchImplementation.binarySearch(binarySearchImplementation.java:15)
	at binarySearch.binarySearchImplementation.binarySearch(binarySearchImplementation.java:15)
	at binarySearch.binarySearchImplementation.binarySearch(binarySearchImplementation.java:12)
	at binarySearch.binarySearchImplementation.binarySearch(binarySearchImplementation.java:15)
	at binarySearch.binarySearchImplementation.binarySearch(binarySearchImplementation.java:15)
	at binarySearch.binarySearchImplementation.binarySearch(binarySearchImplementation.java:15)
	at binarySearch.binarySearchImplementation.binarySearch(binarySearchImplementation.java:12)
	at binarySearch.binarySearchImplementation.binarySearch(binarySearchImplementation.java:15)
	at binarySearch.binarySearchImplementation.binarySearch(binarySearchImplementation.java:15)
	at binarySearch.binarySearchImplementation.binarySearch(binarySearchImplementation.java:15)
	at binarySearch.binarySearchImplementation.binarySearch(binarySearchImplementation.java:12)
	at binarySearch.binarySearchImplementation.binarySearch(binarySearchImplementation.java:15)
	at binarySearch.binarySearchImplementation.binarySearch(binarySearchImplementation.java:15)
	at binarySearch.binarySearchImplementation.binarySearch(binarySearchImplementation.java:15)
	at binarySearch.binarySearchImplementation.binarySearch(binarySearchImplementation.java:12)
	at binarySearch.binarySearchImplementation.binarySearch(binarySearchImplementation.java:15)
	at binarySearch.binarySearchImplementation.binarySearch(binarySearchImplementation.java:15)
	at binarySearch.binarySearchImplementation.binarySearch(binarySearchImplementation.java:15)
	at binarySearch.binarySearchImplementation.binarySearch(binarySearchImplementation.java:12)
	at binarySearch.binarySearchImplementation.binarySearch(binarySearchImplementation.java:15)
	at binarySearch.binarySearchImplementation.binarySearch(binarySearchImplementation.java:15)
	at binarySearch.binarySearchImplementation.binarySearch(binarySearchImplementation.java:15)
	at binarySearch.binarySearchImplementation.binarySearch(binarySearchImplementation.java:12)
	at binarySearch.binarySearchImplementation.binarySearch(binarySearchImplementation.java:15)
	at binarySearch.binarySearchImplementation.binarySearch(binarySearchImplementation.java:15)
	at binarySearch.binarySearchImplementation.binarySearch(binarySearchImplementation.java:15)
	at binarySearch.binarySearchImplementation.binarySearch(binarySearchImplementation.java:12)
	at binarySearch.binarySearchImplementation.binarySearch(binarySearchImplementation.java:15)
	at binarySearch.binarySearchImplementation.binarySearch(binarySearchImplementation.java:15)
	at binarySearch.binarySearchImplementation.binarySearch(binarySearchImplementation.java:15)
	at binarySearch.binarySearchImplementation.binarySearch(binarySearchImplementation.java:12)
	at binarySearch.binarySearchImplementation.binarySearch(binarySearchImplementation.java:15)
	at binarySearch.binarySearchImplementation.binarySearch(binarySearchImplementation.java:15)
	at binarySearch.binarySearchImplementation.binarySearch(binarySearchImplementation.java:15)
	at binarySearch.binarySearchImplementation.binarySearch(binarySearchImplementation.java:12)
	at binarySearch.binarySearchImplementation.binarySearch(binarySearchImplementation.java:15)
	at binarySearch.binarySearchImplementation.binarySearch(binarySearchImplementation.java:15)
	at binarySearch.binarySearchImplementation.binarySearch(binarySearchImplementation.java:15)
	at binarySearch.binarySearchImplementation.binarySearch(binarySearchImplementation.java:12)
	at binarySearch.binarySearchImplementation.binarySearch(binarySearchImplementation.java:15)
	at binarySearch.binarySearchImplementation.binarySearch(binarySearchImplementation.java:15)
	at binarySearch.binarySearchImplementation.binarySearch(binarySearchImplementation.java:15)
	at binarySearch.binarySearchImplementation.binarySearch(binarySearchImplementation.java:12)
	at binarySearch.binarySearchImplementation.binarySearch(binarySearchImplementation.java:15)
	at binarySearch.binarySearchImplementation.binarySearch(binarySearchImplementation.java:15)
	at binarySearch.binarySearchImplementation.binarySearch(binarySearchImplementation.java:15)
	at binarySearch.binarySearchImplementation.binarySearch(binarySearchImplementation.java:12)
	at binarySearch.binarySearchImplementation.binarySearch(binarySearchImplementation.java:15)
	at binarySearch.binarySearchImplementation.binarySearch(binarySearchImplementation.java:15)
	at binarySearch.binarySearchImplementation.binarySearch(binarySearchImplementation.java:15)
	at binarySearch.binarySearchImplementation.binarySearch(binarySearchImplementation.java:12)
	at binarySearch.binarySearchImplementation.binarySearch(binarySearchImplementation.java:15)
	at binarySearch.binarySearchImplementation.binarySearch(binarySearchImplementation.java:15)
	at binarySearch.binarySearchImplementation.binarySearch(binarySearchImplementation.java:15)
	at binarySearch.binarySearchImplementation.binarySearch(binarySearchImplementation.java:12)
	at binarySearch.binarySearchImplementation.binarySearch(binarySearchImplementation.java:15)
	at binarySearch.binarySearchImplementation.binarySearch(binarySearchImplementation.java:15)
	at binarySearch.binarySearchImplementation.binarySearch(binarySearchImplementation.java:15)
	at binarySearch.binarySearchImplementation.binarySearch(binarySearchImplementation.java:12)
	at binarySearch.binarySearchImplementation.binarySearch(binarySearchImplementation.java:15)
	at binarySearch.binarySearchImplementation.binarySearch(binarySearchImplementation.java:15)
	at binarySearch.binarySearchImplementation.binarySearch(binarySearchImplementation.java:15)
	at binarySearch.binarySearchImplementation.binarySearch(binarySearchImplementation.java:12)
	at binarySearch.binarySearchImplementation.binarySearch(binarySearchImplementation.java:15)
	at binarySearch.binarySearchImplementation.binarySearch(binarySearchImplementation.java:15)
	at binarySearch.binarySearchImplementation.binarySearch(binarySearchImplementation.java:15)
	at binarySearch.binarySearchImplementation.binarySearch(binarySearchImplementation.java:12)
	at binarySearch.binarySearchImplementation.binarySearch(binarySearchImplementation.java:15)
	at binarySearch.binarySearchImplementation.binarySearch(binarySearchImplementation.java:15)
	at binarySearch.binarySearchImplementation.binarySearch(binarySearchImplementation.java:15)
	at binarySearch.binarySearchImplementation.binarySearch(binarySearchImplementation.java:12)
	at binarySearch.binarySearchImplementation.binarySearch(binarySearchImplementation.java:15)
	at binarySearch.binarySearchImplementation.binarySearch(binarySearchImplementation.java:15)
	at binarySearch.binarySearchImplementation.binarySearch(binarySearchImplementation.java:15)
	at binarySearch.binarySearchImplementation.binarySearch(binarySearchImplementation.java:12)
	at binarySearch.binarySearchImplementation.binarySearch(binarySearchImplementation.java:15)
	at binarySearch.binarySearchImplementation.binarySearch(binarySearchImplementation.java:15)
	at binarySearch.binarySearchImplementation.binarySearch(binarySearchImplementation.java:15)
	at binarySearch.binarySearchImplementation.binarySearch(binarySearchImplementation.java:12)
	at binarySearch.binarySearchImplementation.binarySearch(binarySearchImplementation.java:15)
	at binarySearch.binarySearchImplementation.binarySearch(binarySearchImplementation.java:15)
	at binarySearch.binarySearchImplementation.binarySearch(binarySearchImplementation.java:15)
	at binarySearch.binarySearchImplementation.binarySearch(binarySearchImplementation.java:12)
	at binarySearch.binarySearchImplementation.binarySearch(binarySearchImplementation.java:15)
	at binarySearch.binarySearchImplementation.binarySearch(binarySearchImplementation.java:15)
	at binarySearch.binarySearchImplementation.binarySearch(binarySearchImplementation.java:15)
	at binarySearch.binarySearchImplementation.binarySearch(binarySearchImplementation.java:12)
	at binarySearch.binarySearchImplementation.binarySearch(binarySearchImplementation.java:15)
	at binarySearch.binarySearchImplementation.binarySearch(binarySearchImplementation.java:15)
	at binarySearch.binarySearchImplementation.binarySearch(binarySearchImplementation.java:15)
	at binarySearch.binarySearchImplementation.binarySearch(binarySearchImplementation.java:12)
	at binarySearch.binarySearchImplementation.binarySearch(binarySearchImplementation.java:15)
	at binarySearch.binarySearchImplementation.binarySearch(binarySearchImplementation.java:15)
	at binarySearch.binarySearchImplementation.binarySearch(binarySearchImplementation.java:15)
	at binarySearch.binarySearchImplementation.binarySearch(binarySearchImplementation.java:12)
	at binarySearch.binarySearchImplementation.binarySearch(binarySearchImplementation.java:15)
	at binarySearch.binarySearchImplementation.binarySearch(binarySearchImplementation.java:15)
	at binarySearch.binarySearchImplementation.binarySearch(binarySearchImplementation.java:15)
	at binarySearch.binarySearchImplementation.binarySearch(binarySearchImplementation.java:12)
	at binarySearch.binarySearchImplementation.binarySearch(binarySearchImplementation.java:15)
	at binarySearch.binarySearchImplementation.binarySearch(binarySearchImplementation.java:15)
	at binarySearch.binarySearchImplementation.binarySearch(binarySearchImplementation.java:15)
	at binarySearch.binarySearchImplementation.binarySearch(binarySearchImplementation.java:12)
	at binarySearch.binarySearchImplementation.binarySearch(binarySearchImplementation.java:15)
	at binarySearch.binarySearchImplementation.binarySearch(binarySearchImplementation.java:15)
	at binarySearch.binarySearchImplementation.binarySearch(binarySearchImplementation.java:15)
	at binarySearch.binarySearchImplementation.binarySearch(binarySearchImplementation.java:12)
	at binarySearch.binarySearchImplementation.binarySearch(binarySearchImplementation.java:15)
	at binarySearch.binarySearchImplementation.binarySearch(binarySearchImplementation.java:15)
	at binarySearch.binarySearchImplementation.binarySearch(binarySearchImplementation.java:15)
	at binarySearch.binarySearchImplementation.binarySearch(binarySearchImplementation.java:12)
	at binarySearch.binarySearchImplementation.binarySearch(binarySearchImplementation.java:15)
	at binarySearch.binarySearchImplementation.binarySearch(binarySearchImplementation.java:15)
	at binarySearch.binarySearchImplementation.binarySearch(binarySearchImplementation.java:15)
	at binarySearch.binarySearchImplementation.binarySearch(binarySearchImplementation.java:12)
	at binarySearch.binarySearchImplementation.binarySearch(binarySearchImplementation.java:15)
	at binarySearch.binarySearchImplementation.binarySearch(binarySearchImplementation.java:15)
	at binarySearch.binarySearchImplementation.binarySearch(binarySearchImplementation.java:15)
	at binarySearch.binarySearchImplementation.binarySearch(binarySearchImplementation.java:12)
	at binarySearch.binarySearchImplementation.binarySearch(binarySearchImplementation.java:15)
	at binarySearch.binarySearchImplementation.binarySearch(binarySearchImplementation.java:15)
	at binarySearch.binarySearchImplementation.binarySearch(binarySearchImplementation.java:15)
	at binarySearch.binarySearchImplementation.binarySearch(binarySearchImplementation.java:12)
	at binarySearch.binarySearchImplementation.binarySearch(binarySearchImplementation.java:15)
	at binarySearch.binarySearchImplementation.binarySearch(binarySearchImplementation.java:15)
	at binarySearch.binarySearchImplementation.binarySearch(binarySearchImplementation.java:15)
	at binarySearch.binarySearchImplementation.binarySearch(binarySearchImplementation.java:12)
	at binarySearch.binarySearchImplementation.binarySearch(binarySearchImplementation.java:15)
	at binarySearch.binarySearchImplementation.binarySearch(binarySearchImplementation.java:15)
	at binarySearch.binarySearchImplementation.binarySearch(binarySearchImplementation.java:15)
	at binarySearch.binarySearchImplementation.binarySearch(binarySearchImplementation.java:12)
	at binarySearch.binarySearchImplementation.binarySearch(binarySearchImplementation.java:15)
	at binarySearch.binarySearchImplementation.binarySearch(binarySearchImplementation.java:15)
	at binarySearch.binarySearchImplementation.binarySearch(binarySearchImplementation.java:15)
	at binarySearch.binarySearchImplementation.binarySearch(binarySearchImplementation.java:12)
	at binarySearch.binarySearchImplementation.binarySearch(binarySearchImplementation.java:15)
	at binarySearch.binarySearchImplementation.binarySearch(binarySearchImplementation.java:15)
	at binarySearch.binarySearchImplementation.binarySearch(binarySearchImplementation.java:15)
	at binarySearch.binarySearchImplementation.binarySearch(binarySearchImplementation.java:12)
	at binarySearch.binarySearchImplementation.binarySearch(binarySearchImplementation.java:15)
	at binarySearch.binarySearchImplementation.binarySearch(binarySearchImplementation.java:15)
	at binarySearch.binarySearchImplementation.binarySearch(binarySearchImplementation.java:15)
	at binarySearch.binarySearchImplementation.binarySearch(binarySearchImplementation.java:12)
	at binarySearch.binarySearchImplementation.binarySearch(binarySearchImplementation.java:15)
	at binarySearch.binarySearchImplementation.binarySearch(binarySearchImplementation.java:15)
	at binarySearch.binarySearchImplementation.binarySearch(binarySearchImplementation.java:15)
	at binarySearch.binarySearchImplementation.binarySearch(binarySearchImplementation.java:12)
	at binarySearch.binarySearchImplementation.binarySearch(binarySearchImplementation.java:15)
	at binarySearch.binarySearchImplementation.binarySearch(binarySearchImplementation.java:15)
	at binarySearch.binarySearchImplementation.binarySearch(binarySearchImplementation.java:15)
	at binarySearch.binarySearchImplementation.binarySearch(binarySearchImplementation.java:12)
	at binarySearch.binarySearchImplementation.binarySearch(binarySearchImplementation.java:15)
	at binarySearch.binarySearchImplementation.binarySearch(binarySearchImplementation.java:15)
	at binarySearch.binarySearchImplementation.binarySearch(binarySearchImplementation.java:15)
	at binarySearch.binarySearchImplementation.binarySearch(binarySearchImplementation.java:12)
	at binarySearch.binarySearchImplementation.binarySearch(binarySearchImplementation.java:15)
	at binarySearch.binarySearchImplementation.binarySearch(binarySearchImplementation.java:15)
	at binarySearch.binarySearchImplementation.binarySearch(binarySearchImplementation.java:15)
	at binarySearch.binarySearchImplementation.binarySearch(binarySearchImplementation.java:12)
	at binarySearch.binarySearchImplementation.binarySearch(binarySearchImplementation.java:15)
	at binarySearch.binarySearchImplementation.binarySearch(binarySearchImplementation.java:15)
	at binarySearch.binarySearchImplementation.binarySearch(binarySearchImplementation.java:15)
	at binarySearch.binarySearchImplementation.binarySearch(binarySearchImplementation.java:12)
	at binarySearch.binarySearchImplementation.binarySearch(binarySearchImplementation.java:15)
	at binarySearch.binarySearchImplementation.binarySearch(binarySearchImplementation.java:15)
	at binarySearch.binarySearchImplementation.binarySearch(binarySearchImplementation.java:15)
	at binarySearch.binarySearchImplementation.binarySearch(binarySearchImplementation.java:12)
	at binarySearch.binarySearchImplementation.binarySearch(binarySearchImplementation.java:15)
	at binarySearch.binarySearchImplementation.binarySearch(binarySearchImplementation.java:15)
	at binarySearch.binarySearchImplementation.binarySearch(binarySearchImplementation.java:15)
	at binarySearch.binarySearchImplementation.binarySearch(binarySearchImplementation.java:12)
	at binarySearch.binarySearchImplementation.binarySearch(binarySearchImplementation.java:15)
	at binarySearch.binarySearchImplementation.binarySearch(binarySearchImplementation.java:15)
	at binarySearch.binarySearchImplementation.binarySearch(binarySearchImplementation.java:15)
	at binarySearch.binarySearchImplementation.binarySearch(binarySearchImplementation.java:12)
	at binarySearch.binarySearchImplementation.binarySearch(binarySearchImplementation.java:15)
	at binarySearch.binarySearchImplementation.binarySearch(binarySearchImplementation.java:15)
	at binarySearch.binarySearchImplementation.binarySearch(binarySearchImplementation.java:15)
	at binarySearch.binarySearchImplementation.binarySearch(binarySearchImplementation.java:12)
	at binarySearch.binarySearchImplementation.binarySearch(binarySearchImplementation.java:15)
	at binarySearch.binarySearchImplementation.binarySearch(binarySearchImplementation.java:15)
	at binarySearch.binarySearchImplementation.binarySearch(binarySearchImplementation.java:15)
	at binarySearch.binarySearchImplementation.binarySearch(binarySearchImplementation.java:12)
	at binarySearch.binarySearchImplementation.binarySearch(binarySearchImplementation.java:15)
	at binarySearch.binarySearchImplementation.binarySearch(binarySearchImplementation.java:15)
	at binarySearch.binarySearchImplementation.binarySearch(binarySearchImplementation.java:15)
	at binarySearch.binarySearchImplementation.binarySearch(binarySearchImplementation.java:12)
	at binarySearch.binarySearchImplementation.binarySearch(binarySearchImplementation.java:15)
	at binarySearch.binarySearchImplementation.binarySearch(binarySearchImplementation.java:15)
	at binarySearch.binarySearchImplementation.binarySearch(binarySearchImplementation.java:15)
	at binarySearch.binarySearchImplementation.binarySearch(binarySearchImplementation.java:12)
	at binarySearch.binarySearchImplementation.binarySearch(binarySearchImplementation.java:15)
	at binarySearch.binarySearchImplementation.binarySearch(binarySearchImplementation.java:15)
	at binarySearch.binarySearchImplementation.binarySearch(binarySearchImplementation.java:15)
	at binarySearch.binarySearchImplementation.binarySearch(binarySearchImplementation.java:12)
	at binarySearch.binarySearchImplementation.binarySearch(binarySearchImplementation.java:15)
	at binarySearch.binarySearchImplementation.binarySearch(binarySearchImplementation.java:15)
	at binarySearch.binarySearchImplementation.binarySearch(binarySearchImplementation.java:15)
	at binarySearch.binarySearchImplementation.binarySearch(binarySearchImplementation.java:12)
	at binarySearch.binarySearchImplementation.binarySearch(binarySearchImplementation.java:15)
	at binarySearch.binarySearchImplementation.binarySearch(binarySearchImplementation.java:15)
	at binarySearch.binarySearchImplementation.binarySearch(binarySearchImplementation.java:15)
	at binarySearch.binarySearchImplementation.binarySearch(binarySearchImplementation.java:12)
	at binarySearch.binarySearchImplementation.binarySearch(binarySearchImplementation.java:15)
	at binarySearch.binarySearchImplementation.binarySearch(binarySearchImplementation.java:15)
	at binarySearch.binarySearchImplementation.binarySearch(binarySearchImplementation.java:15)
	at binarySearch.binarySearchImplementation.binarySearch(binarySearchImplementation.java:12)
	at binarySearch.binarySearchImplementation.binarySearch(binarySearchImplementation.java:15)
	at binarySearch.binarySearchImplementation.binarySearch(binarySearchImplementation.java:15)
	at binarySearch.binarySearchImplementation.binarySearch(binarySearchImplementation.java:15)
	at binarySearch.binarySearchImplementation.binarySearch(binarySearchImplementation.java:12)
	at binarySearch.binarySearchImplementation.binarySearch(binarySearchImplementation.java:15)
	at binarySearch.binarySearchImplementation.binarySearch(binarySearchImplementation.java:15)
	at binarySearch.binarySearchImplementation.binarySearch(binarySearchImplementation.java:15)
	at binarySearch.binarySearchImplementation.binarySearch(binarySearchImplementation.java:12)
	at binarySearch.binarySearchImplementation.binarySearch(binarySearchImplementation.java:15)
	at binarySearch.binarySearchImplementation.binarySearch(binarySearchImplementation.java:15)
	at binarySearch.binarySearchImplementation.binarySearch(binarySearchImplementation.java:15)
	at binarySearch.binarySearchImplementation.binarySearch(binarySearchImplementation.java:12)
	at binarySearch.binarySearchImplementation.binarySearch(binarySearchImplementation.java:15)
	at binarySearch.binarySearchImplementation.binarySearch(binarySearchImplementation.java:15)
	at binarySearch.binarySearchImplementation.binarySearch(binarySearchImplementation.java:15)
	at binarySearch.binarySearchImplementation.binarySearch(binarySearchImplementation.java:12)
	at binarySearch.binarySearchImplementation.binarySearch(binarySearchImplementation.java:15)
	at binarySearch.binarySearchImplementation.binarySearch(binarySearchImplementation.java:15)
	at binarySearch.binarySearchImplementation.binarySearch(binarySearchImplementation.java:15)
	at binarySearch.binarySearchImplementation.binarySearch(binarySearchImplementation.java:12)
	at binarySearch.binarySearchImplementation.binarySearch(binarySearchImplementation.java:15)
	at binarySearch.binarySearchImplementation.binarySearch(binarySearchImplementation.java:15)
	at binarySearch.binarySearchImplementation.binarySearch(binarySearchImplementation.java:15)
	at binarySearch.binarySearchImplementation.binarySearch(binarySearchImplementation.java:12)
	at binarySearch.binarySearchImplementation.binarySearch(binarySearchImplementation.java:15)
	at binarySearch.binarySearchImplementation.binarySearch(binarySearchImplementation.java:15)
	at binarySearch.binarySearchImplementation.binarySearch(binarySearchImplementation.java:15)
	at binarySearch.binarySearchImplementation.binarySearch(binarySearchImplementation.java:12)
	at binarySearch.binarySearchImplementation.binarySearch(binarySearchImplementation.java:15)
	at binarySearch.binarySearchImplementation.binarySearch(binarySearchImplementation.java:15)
	at binarySearch.binarySearchImplementation.binarySearch(binarySearchImplementation.java:15)
	at binarySearch.binarySearchImplementation.binarySearch(binarySearchImplementation.java:12)
	at binarySearch.binarySearchImplementation.binarySearch(binarySearchImplementation.java:15)
	at binarySearch.binarySearchImplementation.binarySearch(binarySearchImplementation.java:15)
	at binarySearch.binarySearchImplementation.binarySearch(binarySearchImplementation.java:15)
	at binarySearch.binarySearchImplementation.binarySearch(binarySearchImplementation.java:12)
	at binarySearch.binarySearchImplementation.binarySearch(binarySearchImplementation.java:15)
	at binarySearch.binarySearchImplementation.binarySearch(binarySearchImplementation.java:15)
	at binarySearch.binarySearchImplementation.binarySearch(binarySearchImplementation.java:15)
	at binarySearch.binarySearchImplementation.binarySearch(binarySearchImplementation.java:12)
	at binarySearch.binarySearchImplementation.binarySearch(binarySearchImplementation.java:15)
	at binarySearch.binarySearchImplementation.binarySearch(binarySearchImplementation.java:15)
	at binarySearch.binarySearchImplementation.binarySearch(binarySearchImplementation.java:15)
	at binarySearch.binarySearchImplementation.binarySearch(binarySearchImplementation.java:12)
	at binarySearch.binarySearchImplementation.binarySearch(binarySearchImplementation.java:15)
	at binarySearch.binarySearchImplementation.binarySearch(binarySearchImplementation.java:15)
	at binarySearch.binarySearchImplementation.binarySearch(binarySearchImplementation.java:15)
	at binarySearch.binarySearchImplementation.binarySearch(binarySearchImplementation.java:12)
	at binarySearch.binarySearchImplementation.binarySearch(binarySearchImplementation.java:15)
	at binarySearch.binarySearchImplementation.binarySearch(binarySearchImplementation.java:15)
	at binarySearch.binarySearchImplementation.binarySearch(binarySearchImplementation.java:15)
	at binarySearch.binarySearchImplementation.binarySearch(binarySearchImplementation.java:12)
	at binarySearch.binarySearchImplementation.binarySearch(binarySearchImplementation.java:15)
	at binarySearch.binarySearchImplementation.binarySearch(binarySearchImplementation.java:15)
	at binarySearch.binarySearchImplementation.binarySearch(binarySearchImplementation.java:15)
	at binarySearch.binarySearchImplementation.binarySearch(binarySearchImplementation.java:12)
	at binarySearch.binarySearchImplementation.binarySearch(binarySearchImplementation.java:15)
	at binarySearch.binarySearchImplementation.binarySearch(binarySearchImplementation.java:15)
	at binarySearch.binarySearchImplementation.binarySearch(binarySearchImplementation.java:15)
	at binarySearch.binarySearchImplementation.binarySearch(binarySearchImplementation.java:12)
	at binarySearch.binarySearchImplementation.binarySearch(binarySearchImplementation.java:15)
	at binarySearch.binarySearchImplementation.binarySearch(binarySearchImplementation.java:15)
	at binarySearch.binarySearchImplementation.binarySearch(binarySearchImplementation.java:15)
	at binarySearch.binarySearchImplementation.binarySearch(binarySearchImplementation.java:12)
	at binarySearch.binarySearchImplementation.binarySearch(binarySearchImplementation.java:15)
	at binarySearch.binarySearchImplementation.binarySearch(binarySearchImplementation.java:15)
	at binarySearch.binarySearchImplementation.binarySearch(binarySearchImplementation.java:15)
	at binarySearch.binarySearchImplementation.binarySearch(binarySearchImplementation.java:12)
	at binarySearch.binarySearchImplementation.binarySearch(binarySearchImplementation.java:15)
	at binarySearch.binarySearchImplementation.binarySearch(binarySearchImplementation.java:15)
	at binarySearch.binarySearchImplementation.binarySearch(binarySearchImplementation.java:15)
	at binarySearch.binarySearchImplementation.binarySearch(binarySearchImplementation.java:12)
	at binarySearch.binarySearchImplementation.binarySearch(binarySearchImplementation.java:15)
	at binarySearch.binarySearchImplementation.binarySearch(binarySearchImplementation.java:15)
	at binarySearch.binarySearchImplementation.binarySearch(binarySearchImplementation.java:15)
	at binarySearch.binarySearchImplementation.binarySearch(binarySearchImplementation.java:12)
	at binarySearch.binarySearchImplementation.binarySearch(binarySearchImplementation.java:15)
	at binarySearch.binarySearchImplementation.binarySearch(binarySearchImplementation.java:15)
	at binarySearch.binarySearchImplementation.binarySearch(binarySearchImplementation.java:15)
	at binarySearch.binarySearchImplementation.binarySearch(binarySearchImplementation.java:12)
	at binarySearch.binarySearchImplementation.binarySearch(binarySearchImplementation.java:15)
	at binarySearch.binarySearchImplementation.binarySearch(binarySearchImplementation.java:15)
	at binarySearch.binarySearchImplementation.binarySearch(binarySearchImplementation.java:15)
	at binarySearch.binarySearchImplementation.binarySearch(binarySearchImplementation.java:12)
	at binarySearch.binarySearchImplementation.binarySearch(binarySearchImplementation.java:15)
	at binarySearch.binarySearchImplementation.binarySearch(binarySearchImplementation.java:15)
	at binarySearch.binarySearchImplementation.binarySearch(binarySearchImplementation.java:15)
	at binarySearch.binarySearchImplementation.binarySearch(binarySearchImplementation.java:12)
	at binarySearch.binarySearchImplementation.binarySearch(binarySearchImplementation.java:15)
	at binarySearch.binarySearchImplementation.binarySearch(binarySearchImplementation.java:15)
	at binarySearch.binarySearchImplementation.binarySearch(binarySearchImplementation.java:15)
	at binarySearch.binarySearchImplementation.binarySearch(binarySearchImplementation.java:12)
	at binarySearch.binarySearchImplementation.binarySearch(binarySearchImplementation.java:15)
	at binarySearch.binarySearchImplementation.binarySearch(binarySearchImplementation.java:15)
	at binarySearch.binarySearchImplementation.binarySearch(binarySearchImplementation.java:15)
	at binarySearch.binarySearchImplementation.binarySearch(binarySearchImplementation.java:12)
	at binarySearch.binarySearchImplementation.binarySearch(binarySearchImplementation.java:15)
	at binarySearch.binarySearchImplementation.binarySearch(binarySearchImplementation.java:15)
	at binarySearch.binarySearchImplementation.binarySearch(binarySearchImplementation.java:15)
	at binarySearch.binarySearchImplementation.binarySearch(binarySearchImplementation.java:12)
	at binarySearch.binarySearchImplementation.binarySearch(binarySearchImplementation.java:15)
	at binarySearch.binarySearchImplementation.binarySearch(binarySearchImplementation.java:15)
	at binarySearch.binarySearchImplementation.binarySearch(binarySearchImplementation.java:15)
	at binarySearch.binarySearchImplementation.binarySearch(binarySearchImplementation.java:12)
	at binarySearch.binarySearchImplementation.binarySearch(binarySearchImplementation.java:15)
	at binarySearch.binarySearchImplementation.binarySearch(binarySearchImplementation.java:15)
	at binarySearch.binarySearchImplementation.binarySearch(binarySearchImplementation.java:15)
	at binarySearch.binarySearchImplementation.binarySearch(binarySearchImplementation.java:12)
	at binarySearch.binarySearchImplementation.binarySearch(binarySearchImplementation.java:15)
	at binarySearch.binarySearchImplementation.binarySearch(binarySearchImplementation.java:15)
	at binarySearch.binarySearchImplementation.binarySearch(binarySearchImplementation.java:15)
	at binarySearch.binarySearchImplementation.binarySearch(binarySearchImplementation.java:12)
	at binarySearch.binarySearchImplementation.binarySearch(binarySearchImplementation.java:15)
	at binarySearch.binarySearchImplementation.binarySearch(binarySearchImplementation.java:15)
	at binarySearch.binarySearchImplementation.binarySearch(binarySearchImplementation.java:15)
	at binarySearch.binarySearchImplementation.binarySearch(binarySearchImplementation.java:12)
	at binarySearch.binarySearchImplementation.binarySearch(binarySearchImplementation.java:15)
	at binarySearch.binarySearchImplementation.binarySearch(binarySearchImplementation.java:15)
	at binarySearch.binarySearchImplementation.binarySearch(binarySearchImplementation.java:15)
	at binarySearch.binarySearchImplementation.binarySearch(binarySearchImplementation.java:12)
	at binarySearch.binarySearchImplementation.binarySearch(binarySearchImplementation.java:15)
	at binarySearch.binarySearchImplementation.binarySearch(binarySearchImplementation.java:15)
	at binarySearch.binarySearchImplementation.binarySearch(binarySearchImplementation.java:15)
	at binarySearch.binarySearchImplementation.binarySearch(binarySearchImplementation.java:12)
	at binarySearch.binarySearchImplementation.binarySearch(binarySearchImplementation.java:15)
	at binarySearch.binarySearchImplementation.binarySearch(binarySearchImplementation.java:15)
	at binarySearch.binarySearchImplementation.binarySearch(binarySearchImplementation.java:15)
	at binarySearch.binarySearchImplementation.binarySearch(binarySearchImplementation.java:12)
	at binarySearch.binarySearchImplementation.binarySearch(binarySearchImplementation.java:15)
	at binarySearch.binarySearchImplementation.binarySearch(binarySearchImplementation.java:15)
	at binarySearch.binarySearchImplementation.binarySearch(binarySearchImplementation.java:15)
	at binarySearch.binarySearchImplementation.binarySearch(binarySearchImplementation.java:12)
	at binarySearch.binarySearchImplementation.binarySearch(binarySearchImplementation.java:15)
	at binarySearch.binarySearchImplementation.binarySearch(binarySearchImplementation.java:15)
	at binarySearch.binarySearchImplementation.binarySearch(binarySearchImplementation.java:15)
	at binarySearch.binarySearchImplementation.binarySearch(binarySearchImplementation.java:12)
	at binarySearch.binarySearchImplementation.binarySearch(binarySearchImplementation.java:15)
	at binarySearch.binarySearchImplementation.binarySearch(binarySearchImplementation.java:15)
	at binarySearch.binarySearchImplementation.binarySearch(binarySearchImplementation.java:15)
	at binarySearch.binarySearchImplementation.binarySearch(binarySearchImplementation.java:12)
	at binarySearch.binarySearchImplementation.binarySearch(binarySearchImplementation.java:15)
	at binarySearch.binarySearchImplementation.binarySearch(binarySearchImplementation.java:15)
	at binarySearch.binarySearchImplementation.binarySearch(binarySearchImplementation.java:15)
	at binarySearch.binarySearchImplementation.binarySearch(binarySearchImplementation.java:12)
	at binarySearch.binarySearchImplementation.binarySearch(binarySearchImplementation.java:15)
	at binarySearch.binarySearchImplementation.binarySearch(binarySearchImplementation.java:15)
	at binarySearch.binarySearchImplementation.binarySearch(binarySearchImplementation.java:15)
	at binarySearch.binarySearchImplementation.binarySearch(binarySearchImplementation.java:12)
	at binarySearch.binarySearchImplementation.binarySearch(binarySearchImplementation.java:15)
	at binarySearch.binarySearchImplementation.binarySearch(binarySearchImplementation.java:15)
	at binarySearch.binarySearchImplementation.binarySearch(binarySearchImplementation.java:15)
	at binarySearch.binarySearchImplementation.binarySearch(binarySearchImplementation.java:12)
	at binarySearch.binarySearchImplementation.binarySearch(binarySearchImplementation.java:15)
	at binarySearch.binarySearchImplementation.binarySearch(binarySearchImplementation.java:15)
	at binarySearch.binarySearchImplementation.binarySearch(binarySearchImplementation.java:15)
	at binarySearch.binarySearchImplementation.binarySearch(binarySearchImplementation.java:12)
	at binarySearch.binarySearchImplementation.binarySearch(binarySearchImplementation.java:15)
	at binarySearch.binarySearchImplementation.binarySearch(binarySearchImplementation.java:15)
	at binarySearch.binarySearchImplementation.binarySearch(binarySearchImplementation.java:15)
	at binarySearch.binarySearchImplementation.binarySearch(binarySearchImplementation.java:12)
]]>
    </failure>
  </testcase> <!-- binarySearchTester -->
  <testcase name="testBubbleSort" time="0.013" classname="sortTests.SortTester"/>
  <testcase name="testInsertionSort" time="0.004" classname="sortTests.SortTester"/>
  <testcase name="testMergeSort" time="0.003" classname="sortTests.SortTester"/>
  <testcase name="testQuickSort" time="0.003" classname="sortTests.SortTester"/>
</testsuite> <!-- Default test -->
