<?xml version="1.0" encoding="UTF-8"?>
<!-- Generated by org.testng.reporters.JUnitXMLReporter -->
<testsuite hostname="MALOOTYPC" ignored="0" name="Default test" tests="3" failures="0" timestamp="20 Dec 2019 20:41:54 GMT" time="0.098" errors="0">
  <testcase name="fibSeries_Test1" time="0.026" classname="practiceTests.FibSeriesTests"/>
  <testcase name="fibSeries_Test2" time="0.005" classname="practiceTests.FibSeriesTests"/>
  <testcase name="fibSeries_Test3" time="0.002" classname="practiceTests.FibSeriesTests"/>
</testsuite> <!-- Default test -->
