<?xml version="1.0" encoding="UTF-8"?>
<!-- Generated by org.testng.reporters.JUnitXMLReporter -->
<testsuite hostname="MALOOTYPC" name="mergeSortTest" tests="7" failures="0" timestamp="16 Nov 2019 00:49:08 GMT" time="0.051" errors="0">
  <testcase name="mergeMeetingRangeNegativeTest_1" time="0.019" classname="practiceTests.MergeMeetingsTest"/>
  <testcase name="mergeMeetingRangeTest_1" time="0.024" classname="practiceTests.MergeMeetingsTest"/>
  <testcase name="mergeMeetingRangeTest_2" time="0.004" classname="practiceTests.MergeMeetingsTest"/>
  <testcase name="topScoreTests_2" time="0.001" classname="practiceTests.TopScoreTests"/>
  <testcase name="topScoreTests_1" time="0.002" classname="practiceTests.TopScoreTests"/>
  <testcase name="topScoreTests_3" time="0.001" classname="practiceTests.TopScoreTests"/>
  <testcase name="topScoreTests_4" time="0.0" classname="practiceTests.TopScoreTests"/>
</testsuite> <!-- mergeSortTest -->
