<?xml version="1.0" encoding="UTF-8"?>
<!-- Generated by org.testng.reporters.JUnitXMLReporter -->
<testsuite hostname="MALOOTYPC" name="mergeSortTest" tests="4" failures="0" timestamp="1 Oct 2019 04:39:54 GMT" time="0.046" errors="0">
  <testcase name="testBubbleSort" time="0.026" classname="sortTests.SortTester"/>
  <testcase name="testInsertionSort" time="0.001" classname="sortTests.SortTester"/>
  <testcase name="testMergeSort" time="0.002" classname="sortTests.SortTester"/>
  <testcase name="testQuickSort" time="0.001" classname="sortTests.SortTester"/>
</testsuite> <!-- mergeSortTest -->
