<?xml version="1.0" encoding="UTF-8"?>
<testng-results skipped="0" failed="0" total="1" passed="1">
  <reporter-output>
  </reporter-output>
  <suite name="TestSuite" duration-ms="47" started-at="2019-11-12T21:54:44Z" finished-at="2019-11-12T21:54:44Z">
    <groups>
    </groups>
    <test name="mergeSortTest" duration-ms="47" started-at="2019-11-12T21:54:44Z" finished-at="2019-11-12T21:54:44Z">
      <class name="practiceTests.ProductIntTests">
        <test-method status="PASS" signature="productIntTest_1()[pri:0, instance:practiceTests.ProductIntTests@edf4efb]" name="productIntTest_1" duration-ms="20" started-at="2019-11-12T13:54:44Z" finished-at="2019-11-12T13:54:44Z">
          <reporter-output>
          </reporter-output>
        </test-method> <!-- productIntTest_1 -->
      </class> <!-- practiceTests.ProductIntTests -->
    </test> <!-- mergeSortTest -->
  </suite> <!-- TestSuite -->
</testng-results>
