<?xml version="1.0" encoding="UTF-8"?>
<testng-results skipped="0" failed="0" total="3" passed="3">
  <reporter-output>
  </reporter-output>
  <suite name="TestSuite" duration-ms="49" started-at="2019-11-15T23:20:06Z" finished-at="2019-11-15T23:20:06Z">
    <groups>
    </groups>
    <test name="mergeSortTest" duration-ms="49" started-at="2019-11-15T23:20:06Z" finished-at="2019-11-15T23:20:06Z">
      <class name="practiceTests.MergeMeetingsTest">
        <test-method status="PASS" signature="mergeMeetingRangeNegativeTest_1()[pri:0, instance:practiceTests.MergeMeetingsTest@2f7a2457]" name="mergeMeetingRangeNegativeTest_1" duration-ms="23" started-at="2019-11-15T15:20:06Z" finished-at="2019-11-15T15:20:06Z">
          <exception class="java.lang.IllegalArgumentException">
            <message>
              <![CDATA[Input should have minimum 2 meeting times to merge the Meeting Times]]>
            </message>
            <full-stacktrace>
              <![CDATA[java.lang.IllegalArgumentException: Input should have minimum 2 meeting times to merge the Meeting Times
	at mergedMeetingProblem.MergeMeetings.mergeRanges(MergeMeetings.java:13)
	at practiceTests.MergeMeetingsTest.mergeMeetingRangeNegativeTest_1(MergeMeetingsTest.java:71)
	at sun.reflect.NativeMethodAccessorImpl.invoke0(Native Method)
	at sun.reflect.NativeMethodAccessorImpl.invoke(NativeMethodAccessorImpl.java:62)
	at sun.reflect.DelegatingMethodAccessorImpl.invoke(DelegatingMethodAccessorImpl.java:43)
	at java.lang.reflect.Method.invoke(Method.java:498)
	at org.testng.internal.MethodInvocationHelper.invokeMethod(MethodInvocationHelper.java:84)
	at org.testng.internal.Invoker.invokeMethod(Invoker.java:714)
	at org.testng.internal.Invoker.invokeTestMethod(Invoker.java:901)
	at org.testng.internal.Invoker.invokeTestMethods(Invoker.java:1231)
	at org.testng.internal.TestMethodWorker.invokeTestMethods(TestMethodWorker.java:127)
	at org.testng.internal.TestMethodWorker.run(TestMethodWorker.java:111)
	at java.util.concurrent.ThreadPoolExecutor.runWorker(ThreadPoolExecutor.java:1149)
	at java.util.concurrent.ThreadPoolExecutor$Worker.run(ThreadPoolExecutor.java:624)
	at java.lang.Thread.run(Thread.java:748)
]]>
            </full-stacktrace>
          </exception> <!-- java.lang.IllegalArgumentException -->
          <reporter-output>
          </reporter-output>
        </test-method> <!-- mergeMeetingRangeNegativeTest_1 -->
        <test-method status="PASS" signature="mergeMeetingRangeTest_1()[pri:0, instance:practiceTests.MergeMeetingsTest@2f7a2457]" name="mergeMeetingRangeTest_1" duration-ms="30" started-at="2019-11-15T15:20:06Z" finished-at="2019-11-15T15:20:06Z">
          <reporter-output>
          </reporter-output>
        </test-method> <!-- mergeMeetingRangeTest_1 -->
        <test-method status="PASS" signature="mergeMeetingRangeTest_2()[pri:0, instance:practiceTests.MergeMeetingsTest@2f7a2457]" name="mergeMeetingRangeTest_2" duration-ms="6" started-at="2019-11-15T15:20:06Z" finished-at="2019-11-15T15:20:06Z">
          <reporter-output>
          </reporter-output>
        </test-method> <!-- mergeMeetingRangeTest_2 -->
      </class> <!-- practiceTests.MergeMeetingsTest -->
    </test> <!-- mergeSortTest -->
  </suite> <!-- TestSuite -->
</testng-results>
