<?xml version="1.0" encoding="UTF-8"?>
<testng-results skipped="0" failed="0" total="6" passed="6">
  <reporter-output>
  </reporter-output>
  <suite name="TestSuite" duration-ms="43" started-at="2019-10-03T01:57:12Z" finished-at="2019-10-03T01:57:12Z">
    <groups>
    </groups>
    <test name="mergeSortTest" duration-ms="43" started-at="2019-10-03T01:57:12Z" finished-at="2019-10-03T01:57:12Z">
      <class name="sortTests.SearchTester">
        <test-method status="PASS" signature="binarySearchTester()[pri:0, instance:sortTests.SearchTester@3fb6a447]" name="binarySearchTester" duration-ms="1" started-at="2019-10-02T18:57:12Z" finished-at="2019-10-02T18:57:12Z">
          <reporter-output>
          </reporter-output>
        </test-method> <!-- binarySearchTester -->
        <test-method status="PASS" signature="btSearchTester()[pri:0, instance:sortTests.SearchTester@3fb6a447]" name="btSearchTester" duration-ms="4" started-at="2019-10-02T18:57:12Z" finished-at="2019-10-02T18:57:12Z">
          <reporter-output>
          </reporter-output>
        </test-method> <!-- btSearchTester -->
      </class> <!-- sortTests.SearchTester -->
      <class name="sortTests.SortTester">
        <test-method status="PASS" signature="testBubbleSort()[pri:0, instance:sortTests.SortTester@edf4efb]" name="testBubbleSort" duration-ms="18" started-at="2019-10-02T18:57:12Z" finished-at="2019-10-02T18:57:12Z">
          <reporter-output>
          </reporter-output>
        </test-method> <!-- testBubbleSort -->
        <test-method status="PASS" signature="testInsertionSort()[pri:0, instance:sortTests.SortTester@edf4efb]" name="testInsertionSort" duration-ms="2" started-at="2019-10-02T18:57:12Z" finished-at="2019-10-02T18:57:12Z">
          <reporter-output>
          </reporter-output>
        </test-method> <!-- testInsertionSort -->
        <test-method status="PASS" signature="testMergeSort()[pri:0, instance:sortTests.SortTester@edf4efb]" name="testMergeSort" duration-ms="1" started-at="2019-10-02T18:57:12Z" finished-at="2019-10-02T18:57:12Z">
          <reporter-output>
          </reporter-output>
        </test-method> <!-- testMergeSort -->
        <test-method status="PASS" signature="testQuickSort()[pri:0, instance:sortTests.SortTester@edf4efb]" name="testQuickSort" duration-ms="1" started-at="2019-10-02T18:57:12Z" finished-at="2019-10-02T18:57:12Z">
          <reporter-output>
          </reporter-output>
        </test-method> <!-- testQuickSort -->
      </class> <!-- sortTests.SortTester -->
    </test> <!-- mergeSortTest -->
  </suite> <!-- TestSuite -->
</testng-results>
