<?xml version="1.0" encoding="UTF-8"?>
<testng-results skipped="0" failed="0" total="4" passed="4">
  <reporter-output>
  </reporter-output>
  <suite name="TestSuite" duration-ms="46" started-at="2019-10-01T04:39:54Z" finished-at="2019-10-01T04:39:54Z">
    <groups>
    </groups>
    <test name="mergeSortTest" duration-ms="46" started-at="2019-10-01T04:39:54Z" finished-at="2019-10-01T04:39:54Z">
      <class name="sortTests.SortTester">
        <test-method status="PASS" signature="testBubbleSort()[pri:0, instance:sortTests.SortTester@edf4efb]" name="testBubbleSort" duration-ms="26" started-at="2019-09-30T21:39:54Z" finished-at="2019-09-30T21:39:54Z">
          <reporter-output>
          </reporter-output>
        </test-method> <!-- testBubbleSort -->
        <test-method status="PASS" signature="testInsertionSort()[pri:0, instance:sortTests.SortTester@edf4efb]" name="testInsertionSort" duration-ms="1" started-at="2019-09-30T21:39:54Z" finished-at="2019-09-30T21:39:54Z">
          <reporter-output>
          </reporter-output>
        </test-method> <!-- testInsertionSort -->
        <test-method status="PASS" signature="testMergeSort()[pri:0, instance:sortTests.SortTester@edf4efb]" name="testMergeSort" duration-ms="2" started-at="2019-09-30T21:39:54Z" finished-at="2019-09-30T21:39:54Z">
          <reporter-output>
          </reporter-output>
        </test-method> <!-- testMergeSort -->
        <test-method status="PASS" signature="testQuickSort()[pri:0, instance:sortTests.SortTester@edf4efb]" name="testQuickSort" duration-ms="1" started-at="2019-09-30T21:39:54Z" finished-at="2019-09-30T21:39:54Z">
          <reporter-output>
          </reporter-output>
        </test-method> <!-- testQuickSort -->
      </class> <!-- sortTests.SortTester -->
    </test> <!-- mergeSortTest -->
  </suite> <!-- TestSuite -->
</testng-results>
