<?xml version="1.0" encoding="UTF-8"?>
<testng-results skipped="0" failed="0" total="2" passed="2">
  <reporter-output>
  </reporter-output>
  <suite name="TestSuite" duration-ms="69" started-at="2019-10-31T21:02:44Z" finished-at="2019-10-31T21:02:44Z">
    <groups>
    </groups>
    <test name="mergeSortTest" duration-ms="69" started-at="2019-10-31T21:02:44Z" finished-at="2019-10-31T21:02:44Z">
      <class name="practiceTests.TestRunner">
        <test-method status="PASS" signature="nGramTest()[pri:0, instance:practiceTests.TestRunner@edf4efb]" name="nGramTest" duration-ms="45" started-at="2019-10-31T14:02:44Z" finished-at="2019-10-31T14:02:44Z">
          <reporter-output>
          </reporter-output>
        </test-method> <!-- nGramTest -->
        <test-method status="PASS" signature="wordCloudTest()[pri:0, instance:practiceTests.TestRunner@edf4efb]" name="wordCloudTest" duration-ms="3" started-at="2019-10-31T14:02:44Z" finished-at="2019-10-31T14:02:44Z">
          <reporter-output>
          </reporter-output>
        </test-method> <!-- wordCloudTest -->
      </class> <!-- practiceTests.TestRunner -->
    </test> <!-- mergeSortTest -->
  </suite> <!-- TestSuite -->
</testng-results>
