<?xml version="1.0" encoding="UTF-8"?>
<testng-results skipped="0" failed="0" total="5" passed="5">
  <reporter-output>
  </reporter-output>
  <suite name="Default suite" duration-ms="106" started-at="2019-11-06T03:14:37Z" finished-at="2019-11-06T03:14:37Z">
    <groups>
    </groups>
    <test name="Default test" duration-ms="106" started-at="2019-11-06T03:14:37Z" finished-at="2019-11-06T03:14:37Z">
      <class name="practiceTests.TestNGTester">
        <test-method status="PASS" signature="Atester5()[pri:0, instance:practiceTests.TestNGTester@7c0e2abd]" name="Atester5" duration-ms="26" started-at="2019-11-05T19:14:37Z" finished-at="2019-11-05T19:14:37Z">
          <reporter-output>
          </reporter-output>
        </test-method> <!-- Atester5 -->
        <test-method status="PASS" signature="tester1()[pri:0, instance:practiceTests.TestNGTester@7c0e2abd]" name="tester1" duration-ms="6" started-at="2019-11-05T19:14:37Z" finished-at="2019-11-05T19:14:37Z">
          <reporter-output>
          </reporter-output>
        </test-method> <!-- tester1 -->
        <test-method status="PASS" signature="tester2()[pri:0, instance:practiceTests.TestNGTester@7c0e2abd]" name="tester2" duration-ms="3" started-at="2019-11-05T19:14:37Z" finished-at="2019-11-05T19:14:37Z">
          <reporter-output>
          </reporter-output>
        </test-method> <!-- tester2 -->
        <test-method status="PASS" signature="tester3()[pri:0, instance:practiceTests.TestNGTester@7c0e2abd]" name="tester3" duration-ms="2" started-at="2019-11-05T19:14:37Z" finished-at="2019-11-05T19:14:37Z">
          <reporter-output>
          </reporter-output>
        </test-method> <!-- tester3 -->
        <test-method status="PASS" signature="tester4()[pri:0, instance:practiceTests.TestNGTester@7c0e2abd]" name="tester4" duration-ms="3" started-at="2019-11-05T19:14:37Z" finished-at="2019-11-05T19:14:37Z">
          <reporter-output>
          </reporter-output>
        </test-method> <!-- tester4 -->
      </class> <!-- practiceTests.TestNGTester -->
    </test> <!-- Default test -->
  </suite> <!-- Default suite -->
</testng-results>
