<?xml version="1.0" encoding="UTF-8"?>
<testng-results skipped="0" failed="1" total="5" passed="4">
  <reporter-output>
  </reporter-output>
  <suite name="Default suite" duration-ms="182" started-at="2019-10-02T17:26:58Z" finished-at="2019-10-02T17:26:58Z">
    <groups>
    </groups>
    <test name="Default test" duration-ms="182" started-at="2019-10-02T17:26:58Z" finished-at="2019-10-02T17:26:58Z">
      <class name="sortTests.SearchTester">
        <test-method status="FAIL" signature="binarySearchTester()[pri:0, instance:sortTests.SearchTester@51efea79]" name="binarySearchTester" duration-ms="40" started-at="2019-10-02T10:26:58Z" finished-at="2019-10-02T10:26:58Z">
          <exception class="java.lang.StackOverflowError">
            <full-stacktrace>
              <![CDATA[java.lang.StackOverflowError
	at binarySearch.binarySearchImplementation.binarySearch(binarySearchImplementation.java:15)
	at binarySearch.binarySearchImplementation.binarySearch(binarySearchImplementation.java:15)
	at binarySearch.binarySearchImplementation.binarySearch(binarySearchImplementation.java:15)
	at binarySearch.binarySearchImplementation.binarySearch(binarySearchImplementation.java:12)
	at binarySearch.binarySearchImplementation.binarySearch(binarySearchImplementation.java:15)
	at binarySearch.binarySearchImplementation.binarySearch(binarySearchImplementation.java:15)
	at binarySearch.binarySearchImplementation.binarySearch(binarySearchImplementation.java:15)
	at binarySearch.binarySearchImplementation.binarySearch(binarySearchImplementation.java:12)
	at binarySearch.binarySearchImplementation.binarySearch(binarySearchImplementation.java:15)
	at binarySearch.binarySearchImplementation.binarySearch(binarySearchImplementation.java:15)
	at binarySearch.binarySearchImplementation.binarySearch(binarySearchImplementation.java:15)
	at binarySearch.binarySearchImplementation.binarySearch(binarySearchImplementation.java:12)
	at binarySearch.binarySearchImplementation.binarySearch(binarySearchImplementation.java:15)
	at binarySearch.binarySearchImplementation.binarySearch(binarySearchImplementation.java:15)
	at binarySearch.binarySearchImplementation.binarySearch(binarySearchImplementation.java:15)
	at binarySearch.binarySearchImplementation.binarySearch(binarySearchImplementation.java:12)
	at binarySearch.binarySearchImplementation.binarySearch(binarySearchImplementation.java:15)
	at binarySearch.binarySearchImplementation.binarySearch(binarySearchImplementation.java:15)
	at binarySearch.binarySearchImplementation.binarySearch(binarySearchImplementation.java:15)
	at binarySearch.binarySearchImplementation.binarySearch(binarySearchImplementation.java:12)
	at binarySearch.binarySearchImplementation.binarySearch(binarySearchImplementation.java:15)
	at binarySearch.binarySearchImplementation.binarySearch(binarySearchImplementation.java:15)
	at binarySearch.binarySearchImplementation.binarySearch(binarySearchImplementation.java:15)
	at binarySearch.binarySearchImplementation.binarySearch(binarySearchImplementation.java:12)
	at binarySearch.binarySearchImplementation.binarySearch(binarySearchImplementation.java:15)
	at binarySearch.binarySearchImplementation.binarySearch(binarySearchImplementation.java:15)
	at binarySearch.binarySearchImplementation.binarySearch(binarySearchImplementation.java:15)
	at binarySearch.binarySearchImplementation.binarySearch(binarySearchImplementation.java:12)
	at binarySearch.binarySearchImplementation.binarySearch(binarySearchImplementation.java:15)
	at binarySearch.binarySearchImplementation.binarySearch(binarySearchImplementation.java:15)
	at binarySearch.binarySearchImplementation.binarySearch(binarySearchImplementation.java:15)
	at binarySearch.binarySearchImplementation.binarySearch(binarySearchImplementation.java:12)
	at binarySearch.binarySearchImplementation.binarySearch(binarySearchImplementation.java:15)
	at binarySearch.binarySearchImplementation.binarySearch(binarySearchImplementation.java:15)
	at binarySearch.binarySearchImplementation.binarySearch(binarySearchImplementation.java:15)
	at binarySearch.binarySearchImplementation.binarySearch(binarySearchImplementation.java:12)
	at binarySearch.binarySearchImplementation.binarySearch(binarySearchImplementation.java:15)
	at binarySearch.binarySearchImplementation.binarySearch(binarySearchImplementation.java:15)
	at binarySearch.binarySearchImplementation.binarySearch(binarySearchImplementation.java:15)
	at binarySearch.binarySearchImplementation.binarySearch(binarySearchImplementation.java:12)
	at binarySearch.binarySearchImplementation.binarySearch(binarySearchImplementation.java:15)
	at binarySearch.binarySearchImplementation.binarySearch(binarySearchImplementation.java:15)
	at binarySearch.binarySearchImplementation.binarySearch(binarySearchImplementation.java:15)
	at binarySearch.binarySearchImplementation.binarySearch(binarySearchImplementation.java:12)
	at binarySearch.binarySearchImplementation.binarySearch(binarySearchImplementation.java:15)
	at binarySearch.binarySearchImplementation.binarySearch(binarySearchImplementation.java:15)
	at binarySearch.binarySearchImplementation.binarySearch(binarySearchImplementation.java:15)
	at binarySearch.binarySearchImplementation.binarySearch(binarySearchImplementation.java:12)
	at binarySearch.binarySearchImplementation.binarySearch(binarySearchImplementation.java:15)
	at binarySearch.binarySearchImplementation.binarySearch(binarySearchImplementation.java:15)
	at binarySearch.binarySearchImplementation.binarySearch(binarySearchImplementation.java:15)
	at binarySearch.binarySearchImplementation.binarySearch(binarySearchImplementation.java:12)
	at binarySearch.binarySearchImplementation.binarySearch(binarySearchImplementation.java:15)
	at binarySearch.binarySearchImplementation.binarySearch(binarySearchImplementation.java:15)
	at binarySearch.binarySearchImplementation.binarySearch(binarySearchImplementation.java:15)
	at binarySearch.binarySearchImplementation.binarySearch(binarySearchImplementation.java:12)
	at binarySearch.binarySearchImplementation.binarySearch(binarySearchImplementation.java:15)
	at binarySearch.binarySearchImplementation.binarySearch(binarySearchImplementation.java:15)
	at binarySearch.binarySearchImplementation.binarySearch(binarySearchImplementation.java:15)
	at binarySearch.binarySearchImplementation.binarySearch(binarySearchImplementation.java:12)
	at binarySearch.binarySearchImplementation.binarySearch(binarySearchImplementation.java:15)
	at binarySearch.binarySearchImplementation.binarySearch(binarySearchImplementation.java:15)
	at binarySearch.binarySearchImplementation.binarySearch(binarySearchImplementation.java:15)
	at binarySearch.binarySearchImplementation.binarySearch(binarySearchImplementation.java:12)
	at binarySearch.binarySearchImplementation.binarySearch(binarySearchImplementation.java:15)
	at binarySearch.binarySearchImplementation.binarySearch(binarySearchImplementation.java:15)
	at binarySearch.binarySearchImplementation.binarySearch(binarySearchImplementation.java:15)
	at binarySearch.binarySearchImplementation.binarySearch(binarySearchImplementation.java:12)
	at binarySearch.binarySearchImplementation.binarySearch(binarySearchImplementation.java:15)
	at binarySearch.binarySearchImplementation.binarySearch(binarySearchImplementation.java:15)
	at binarySearch.binarySearchImplementation.binarySearch(binarySearchImplementation.java:15)
	at binarySearch.binarySearchImplementation.binarySearch(binarySearchImplementation.java:12)
	at binarySearch.binarySearchImplementation.binarySearch(binarySearchImplementation.java:15)
	at binarySearch.binarySearchImplementation.binarySearch(binarySearchImplementation.java:15)
	at binarySearch.binarySearchImplementation.binarySearch(binarySearchImplementation.java:15)
	at binarySearch.binarySearchImplementation.binarySearch(binarySearchImplementation.java:12)
	at binarySearch.binarySearchImplementation.binarySearch(binarySearchImplementation.java:15)
	at binarySearch.binarySearchImplementation.binarySearch(binarySearchImplementation.java:15)
	at binarySearch.binarySearchImplementation.binarySearch(binarySearchImplementation.java:15)
	at binarySearch.binarySearchImplementation.binarySearch(binarySearchImplementation.java:12)
	at binarySearch.binarySearchImplementation.binarySearch(binarySearchImplementation.java:15)
	at binarySearch.binarySearchImplementation.binarySearch(binarySearchImplementation.java:15)
	at binarySearch.binarySearchImplementation.binarySearch(binarySearchImplementation.java:15)
	at binarySearch.binarySearchImplementation.binarySearch(binarySearchImplementation.java:12)
	at binarySearch.binarySearchImplementation.binarySearch(binarySearchImplementation.java:15)
	at binarySearch.binarySearchImplementation.binarySearch(binarySearchImplementation.java:15)
	at binarySearch.binarySearchImplementation.binarySearch(binarySearchImplementation.java:15)
	at binarySearch.binarySearchImplementation.binarySearch(binarySearchImplementation.java:12)
	at binarySearch.binarySearchImplementation.binarySearch(binarySearchImplementation.java:15)
	at binarySearch.binarySearchImplementation.binarySearch(binarySearchImplementation.java:15)
	at binarySearch.binarySearchImplementation.binarySearch(binarySearchImplementation.java:15)
	at binarySearch.binarySearchImplementation.binarySearch(binarySearchImplementation.java:12)
	at binarySearch.binarySearchImplementation.binarySearch(binarySearchImplementation.java:15)
	at binarySearch.binarySearchImplementation.binarySearch(binarySearchImplementation.java:15)
	at binarySearch.binarySearchImplementation.binarySearch(binarySearchImplementation.java:15)
	at binarySearch.binarySearchImplementation.binarySearch(binarySearchImplementation.java:12)
	at binarySearch.binarySearchImplementation.binarySearch(binarySearchImplementation.java:15)
	at binarySearch.binarySearchImplementation.binarySearch(binarySearchImplementation.java:15)
	at binarySearch.binarySearchImplementation.binarySearch(binarySearchImplementation.java:15)
	at binarySearch.binarySearchImplementation.binarySearch(binarySearchImplementation.java:12)
	at binarySearch.binarySearchImplementation.binarySearch(binarySearchImplementation.java:15)
	at binarySearch.binarySearchImplementation.binarySearch(binarySearchImplementation.java:15)
	at binarySearch.binarySearchImplementation.binarySearch(binarySearchImplementation.java:15)
	at binarySearch.binarySearchImplementation.binarySearch(binarySearchImplementation.java:12)
	at binarySearch.binarySearchImplementation.binarySearch(binarySearchImplementation.java:15)
	at binarySearch.binarySearchImplementation.binarySearch(binarySearchImplementation.java:15)
	at binarySearch.binarySearchImplementation.binarySearch(binarySearchImplementation.java:15)
	at binarySearch.binarySearchImplementation.binarySearch(binarySearchImplementation.java:12)
	at binarySearch.binarySearchImplementation.binarySearch(binarySearchImplementation.java:15)
	at binarySearch.binarySearchImplementation.binarySearch(binarySearchImplementation.java:15)
	at binarySearch.binarySearchImplementation.binarySearch(binarySearchImplementation.java:15)
	at binarySearch.binarySearchImplementation.binarySearch(binarySearchImplementation.java:12)
	at binarySearch.binarySearchImplementation.binarySearch(binarySearchImplementation.java:15)
	at binarySearch.binarySearchImplementation.binarySearch(binarySearchImplementation.java:15)
	at binarySearch.binarySearchImplementation.binarySearch(binarySearchImplementation.java:15)
	at binarySearch.binarySearchImplementation.binarySearch(binarySearchImplementation.java:12)
	at binarySearch.binarySearchImplementation.binarySearch(binarySearchImplementation.java:15)
	at binarySearch.binarySearchImplementation.binarySearch(binarySearchImplementation.java:15)
	at binarySearch.binarySearchImplementation.binarySearch(binarySearchImplementation.java:15)
	at binarySearch.binarySearchImplementation.binarySearch(binarySearchImplementation.java:12)
	at binarySearch.binarySearchImplementation.binarySearch(binarySearchImplementation.java:15)
	at binarySearch.binarySearchImplementation.binarySearch(binarySearchImplementation.java:15)
	at binarySearch.binarySearchImplementation.binarySearch(binarySearchImplementation.java:15)
	at binarySearch.binarySearchImplementation.binarySearch(binarySearchImplementation.java:12)
	at binarySearch.binarySearchImplementation.binarySearch(binarySearchImplementation.java:15)
	at binarySearch.binarySearchImplementation.binarySearch(binarySearchImplementation.java:15)
	at binarySearch.binarySearchImplementation.binarySearch(binarySearchImplementation.java:15)
	at binarySearch.binarySearchImplementation.binarySearch(binarySearchImplementation.java:12)
	at binarySearch.binarySearchImplementation.binarySearch(binarySearchImplementation.java:15)
	at binarySearch.binarySearchImplementation.binarySearch(binarySearchImplementation.java:15)
	at binarySearch.binarySearchImplementation.binarySearch(binarySearchImplementation.java:15)
	at binarySearch.binarySearchImplementation.binarySearch(binarySearchImplementation.java:12)
	at binarySearch.binarySearchImplementation.binarySearch(binarySearchImplementation.java:15)
	at binarySearch.binarySearchImplementation.binarySearch(binarySearchImplementation.java:15)
	at binarySearch.binarySearchImplementation.binarySearch(binarySearchImplementation.java:15)
	at binarySearch.binarySearchImplementation.binarySearch(binarySearchImplementation.java:12)
	at binarySearch.binarySearchImplementation.binarySearch(binarySearchImplementation.java:15)
	at binarySearch.binarySearchImplementation.binarySearch(binarySearchImplementation.java:15)
	at binarySearch.binarySearchImplementation.binarySearch(binarySearchImplementation.java:15)
	at binarySearch.binarySearchImplementation.binarySearch(binarySearchImplementation.java:12)
	at binarySearch.binarySearchImplementation.binarySearch(binarySearchImplementation.java:15)
	at binarySearch.binarySearchImplementation.binarySearch(binarySearchImplementation.java:15)
	at binarySearch.binarySearchImplementation.binarySearch(binarySearchImplementation.java:15)
	at binarySearch.binarySearchImplementation.binarySearch(binarySearchImplementation.java:12)
	at binarySearch.binarySearchImplementation.binarySearch(binarySearchImplementation.java:15)
	at binarySearch.binarySearchImplementation.binarySearch(binarySearchImplementation.java:15)
	at binarySearch.binarySearchImplementation.binarySearch(binarySearchImplementation.java:15)
	at binarySearch.binarySearchImplementation.binarySearch(binarySearchImplementation.java:12)
	at binarySearch.binarySearchImplementation.binarySearch(binarySearchImplementation.java:15)
	at binarySearch.binarySearchImplementation.binarySearch(binarySearchImplementation.java:15)
	at binarySearch.binarySearchImplementation.binarySearch(binarySearchImplementation.java:15)
	at binarySearch.binarySearchImplementation.binarySearch(binarySearchImplementation.java:12)
	at binarySearch.binarySearchImplementation.binarySearch(binarySearchImplementation.java:15)
	at binarySearch.binarySearchImplementation.binarySearch(binarySearchImplementation.java:15)
	at binarySearch.binarySearchImplementation.binarySearch(binarySearchImplementation.java:15)
	at binarySearch.binarySearchImplementation.binarySearch(binarySearchImplementation.java:12)
	at binarySearch.binarySearchImplementation.binarySearch(binarySearchImplementation.java:15)
	at binarySearch.binarySearchImplementation.binarySearch(binarySearchImplementation.java:15)
	at binarySearch.binarySearchImplementation.binarySearch(binarySearchImplementation.java:15)
	at binarySearch.binarySearchImplementation.binarySearch(binarySearchImplementation.java:12)
	at binarySearch.binarySearchImplementation.binarySearch(binarySearchImplementation.java:15)
	at binarySearch.binarySearchImplementation.binarySearch(binarySearchImplementation.java:15)
	at binarySearch.binarySearchImplementation.binarySearch(binarySearchImplementation.java:15)
	at binarySearch.binarySearchImplementation.binarySearch(binarySearchImplementation.java:12)
	at binarySearch.binarySearchImplementation.binarySearch(binarySearchImplementation.java:15)
	at binarySearch.binarySearchImplementation.binarySearch(binarySearchImplementation.java:15)
	at binarySearch.binarySearchImplementation.binarySearch(binarySearchImplementation.java:15)
	at binarySearch.binarySearchImplementation.binarySearch(binarySearchImplementation.java:12)
	at binarySearch.binarySearchImplementation.binarySearch(binarySearchImplementation.java:15)
	at binarySearch.binarySearchImplementation.binarySearch(binarySearchImplementation.java:15)
	at binarySearch.binarySearchImplementation.binarySearch(binarySearchImplementation.java:15)
	at binarySearch.binarySearchImplementation.binarySearch(binarySearchImplementation.java:12)
	at binarySearch.binarySearchImplementation.binarySearch(binarySearchImplementation.java:15)
	at binarySearch.binarySearchImplementation.binarySearch(binarySearchImplementation.java:15)
	at binarySearch.binarySearchImplementation.binarySearch(binarySearchImplementation.java:15)
	at binarySearch.binarySearchImplementation.binarySearch(binarySearchImplementation.java:12)
	at binarySearch.binarySearchImplementation.binarySearch(binarySearchImplementation.java:15)
	at binarySearch.binarySearchImplementation.binarySearch(binarySearchImplementation.java:15)
	at binarySearch.binarySearchImplementation.binarySearch(binarySearchImplementation.java:15)
	at binarySearch.binarySearchImplementation.binarySearch(binarySearchImplementation.java:12)
	at binarySearch.binarySearchImplementation.binarySearch(binarySearchImplementation.java:15)
	at binarySearch.binarySearchImplementation.binarySearch(binarySearchImplementation.java:15)
	at binarySearch.binarySearchImplementation.binarySearch(binarySearchImplementation.java:15)
	at binarySearch.binarySearchImplementation.binarySearch(binarySearchImplementation.java:12)
	at binarySearch.binarySearchImplementation.binarySearch(binarySearchImplementation.java:15)
	at binarySearch.binarySearchImplementation.binarySearch(binarySearchImplementation.java:15)
	at binarySearch.binarySearchImplementation.binarySearch(binarySearchImplementation.java:15)
	at binarySearch.binarySearchImplementation.binarySearch(binarySearchImplementation.java:12)
	at binarySearch.binarySearchImplementation.binarySearch(binarySearchImplementation.java:15)
	at binarySearch.binarySearchImplementation.binarySearch(binarySearchImplementation.java:15)
	at binarySearch.binarySearchImplementation.binarySearch(binarySearchImplementation.java:15)
	at binarySearch.binarySearchImplementation.binarySearch(binarySearchImplementation.java:12)
	at binarySearch.binarySearchImplementation.binarySearch(binarySearchImplementation.java:15)
	at binarySearch.binarySearchImplementation.binarySearch(binarySearchImplementation.java:15)
	at binarySearch.binarySearchImplementation.binarySearch(binarySearchImplementation.java:15)
	at binarySearch.binarySearchImplementation.binarySearch(binarySearchImplementation.java:12)
	at binarySearch.binarySearchImplementation.binarySearch(binarySearchImplementation.java:15)
	at binarySearch.binarySearchImplementation.binarySearch(binarySearchImplementation.java:15)
	at binarySearch.binarySearchImplementation.binarySearch(binarySearchImplementation.java:15)
	at binarySearch.binarySearchImplementation.binarySearch(binarySearchImplementation.java:12)
	at binarySearch.binarySearchImplementation.binarySearch(binarySearchImplementation.java:15)
	at binarySearch.binarySearchImplementation.binarySearch(binarySearchImplementation.java:15)
	at binarySearch.binarySearchImplementation.binarySearch(binarySearchImplementation.java:15)
	at binarySearch.binarySearchImplementation.binarySearch(binarySearchImplementation.java:12)
	at binarySearch.binarySearchImplementation.binarySearch(binarySearchImplementation.java:15)
	at binarySearch.binarySearchImplementation.binarySearch(binarySearchImplementation.java:15)
	at binarySearch.binarySearchImplementation.binarySearch(binarySearchImplementation.java:15)
	at binarySearch.binarySearchImplementation.binarySearch(binarySearchImplementation.java:12)
	at binarySearch.binarySearchImplementation.binarySearch(binarySearchImplementation.java:15)
	at binarySearch.binarySearchImplementation.binarySearch(binarySearchImplementation.java:15)
	at binarySearch.binarySearchImplementation.binarySearch(binarySearchImplementation.java:15)
	at binarySearch.binarySearchImplementation.binarySearch(binarySearchImplementation.java:12)
	at binarySearch.binarySearchImplementation.binarySearch(binarySearchImplementation.java:15)
	at binarySearch.binarySearchImplementation.binarySearch(binarySearchImplementation.java:15)
	at binarySearch.binarySearchImplementation.binarySearch(binarySearchImplementation.java:15)
	at binarySearch.binarySearchImplementation.binarySearch(binarySearchImplementation.java:12)
	at binarySearch.binarySearchImplementation.binarySearch(binarySearchImplementation.java:15)
	at binarySearch.binarySearchImplementation.binarySearch(binarySearchImplementation.java:15)
	at binarySearch.binarySearchImplementation.binarySearch(binarySearchImplementation.java:15)
	at binarySearch.binarySearchImplementation.binarySearch(binarySearchImplementation.java:12)
	at binarySearch.binarySearchImplementation.binarySearch(binarySearchImplementation.java:15)
	at binarySearch.binarySearchImplementation.binarySearch(binarySearchImplementation.java:15)
	at binarySearch.binarySearchImplementation.binarySearch(binarySearchImplementation.java:15)
	at binarySearch.binarySearchImplementation.binarySearch(binarySearchImplementation.java:12)
	at binarySearch.binarySearchImplementation.binarySearch(binarySearchImplementation.java:15)
	at binarySearch.binarySearchImplementation.binarySearch(binarySearchImplementation.java:15)
	at binarySearch.binarySearchImplementation.binarySearch(binarySearchImplementation.java:15)
	at binarySearch.binarySearchImplementation.binarySearch(binarySearchImplementation.java:12)
	at binarySearch.binarySearchImplementation.binarySearch(binarySearchImplementation.java:15)
	at binarySearch.binarySearchImplementation.binarySearch(binarySearchImplementation.java:15)
	at binarySearch.binarySearchImplementation.binarySearch(binarySearchImplementation.java:15)
	at binarySearch.binarySearchImplementation.binarySearch(binarySearchImplementation.java:12)
	at binarySearch.binarySearchImplementation.binarySearch(binarySearchImplementation.java:15)
	at binarySearch.binarySearchImplementation.binarySearch(binarySearchImplementation.java:15)
	at binarySearch.binarySearchImplementation.binarySearch(binarySearchImplementation.java:15)
	at binarySearch.binarySearchImplementation.binarySearch(binarySearchImplementation.java:12)
	at binarySearch.binarySearchImplementation.binarySearch(binarySearchImplementation.java:15)
	at binarySearch.binarySearchImplementation.binarySearch(binarySearchImplementation.java:15)
	at binarySearch.binarySearchImplementation.binarySearch(binarySearchImplementation.java:15)
	at binarySearch.binarySearchImplementation.binarySearch(binarySearchImplementation.java:12)
	at binarySearch.binarySearchImplementation.binarySearch(binarySearchImplementation.java:15)
	at binarySearch.binarySearchImplementation.binarySearch(binarySearchImplementation.java:15)
	at binarySearch.binarySearchImplementation.binarySearch(binarySearchImplementation.java:15)
	at binarySearch.binarySearchImplementation.binarySearch(binarySearchImplementation.java:12)
	at binarySearch.binarySearchImplementation.binarySearch(binarySearchImplementation.java:15)
	at binarySearch.binarySearchImplementation.binarySearch(binarySearchImplementation.java:15)
	at binarySearch.binarySearchImplementation.binarySearch(binarySearchImplementation.java:15)
	at binarySearch.binarySearchImplementation.binarySearch(binarySearchImplementation.java:12)
	at binarySearch.binarySearchImplementation.binarySearch(binarySearchImplementation.java:15)
	at binarySearch.binarySearchImplementation.binarySearch(binarySearchImplementation.java:15)
	at binarySearch.binarySearchImplementation.binarySearch(binarySearchImplementation.java:15)
	at binarySearch.binarySearchImplementation.binarySearch(binarySearchImplementation.java:12)
	at binarySearch.binarySearchImplementation.binarySearch(binarySearchImplementation.java:15)
	at binarySearch.binarySearchImplementation.binarySearch(binarySearchImplementation.java:15)
	at binarySearch.binarySearchImplementation.binarySearch(binarySearchImplementation.java:15)
	at binarySearch.binarySearchImplementation.binarySearch(binarySearchImplementation.java:12)
	at binarySearch.binarySearchImplementation.binarySearch(binarySearchImplementation.java:15)
	at binarySearch.binarySearchImplementation.binarySearch(binarySearchImplementation.java:15)
	at binarySearch.binarySearchImplementation.binarySearch(binarySearchImplementation.java:15)
	at binarySearch.binarySearchImplementation.binarySearch(binarySearchImplementation.java:12)
	at binarySearch.binarySearchImplementation.binarySearch(binarySearchImplementation.java:15)
	at binarySearch.binarySearchImplementation.binarySearch(binarySearchImplementation.java:15)
	at binarySearch.binarySearchImplementation.binarySearch(binarySearchImplementation.java:15)
	at binarySearch.binarySearchImplementation.binarySearch(binarySearchImplementation.java:12)
	at binarySearch.binarySearchImplementation.binarySearch(binarySearchImplementation.java:15)
	at binarySearch.binarySearchImplementation.binarySearch(binarySearchImplementation.java:15)
	at binarySearch.binarySearchImplementation.binarySearch(binarySearchImplementation.java:15)
	at binarySearch.binarySearchImplementation.binarySearch(binarySearchImplementation.java:12)
	at binarySearch.binarySearchImplementation.binarySearch(binarySearchImplementation.java:15)
	at binarySearch.binarySearchImplementation.binarySearch(binarySearchImplementation.java:15)
	at binarySearch.binarySearchImplementation.binarySearch(binarySearchImplementation.java:15)
	at binarySearch.binarySearchImplementation.binarySearch(binarySearchImplementation.java:12)
	at binarySearch.binarySearchImplementation.binarySearch(binarySearchImplementation.java:15)
	at binarySearch.binarySearchImplementation.binarySearch(binarySearchImplementation.java:15)
	at binarySearch.binarySearchImplementation.binarySearch(binarySearchImplementation.java:15)
	at binarySearch.binarySearchImplementation.binarySearch(binarySearchImplementation.java:12)
	at binarySearch.binarySearchImplementation.binarySearch(binarySearchImplementation.java:15)
	at binarySearch.binarySearchImplementation.binarySearch(binarySearchImplementation.java:15)
	at binarySearch.binarySearchImplementation.binarySearch(binarySearchImplementation.java:15)
	at binarySearch.binarySearchImplementation.binarySearch(binarySearchImplementation.java:12)
	at binarySearch.binarySearchImplementation.binarySearch(binarySearchImplementation.java:15)
	at binarySearch.binarySearchImplementation.binarySearch(binarySearchImplementation.java:15)
	at binarySearch.binarySearchImplementation.binarySearch(binarySearchImplementation.java:15)
	at binarySearch.binarySearchImplementation.binarySearch(binarySearchImplementation.java:12)
	at binarySearch.binarySearchImplementation.binarySearch(binarySearchImplementation.java:15)
	at binarySearch.binarySearchImplementation.binarySearch(binarySearchImplementation.java:15)
	at binarySearch.binarySearchImplementation.binarySearch(binarySearchImplementation.java:15)
	at binarySearch.binarySearchImplementation.binarySearch(binarySearchImplementation.java:12)
	at binarySearch.binarySearchImplementation.binarySearch(binarySearchImplementation.java:15)
	at binarySearch.binarySearchImplementation.binarySearch(binarySearchImplementation.java:15)
	at binarySearch.binarySearchImplementation.binarySearch(binarySearchImplementation.java:15)
	at binarySearch.binarySearchImplementation.binarySearch(binarySearchImplementation.java:12)
	at binarySearch.binarySearchImplementation.binarySearch(binarySearchImplementation.java:15)
	at binarySearch.binarySearchImplementation.binarySearch(binarySearchImplementation.java:15)
	at binarySearch.binarySearchImplementation.binarySearch(binarySearchImplementation.java:15)
	at binarySearch.binarySearchImplementation.binarySearch(binarySearchImplementation.java:12)
	at binarySearch.binarySearchImplementation.binarySearch(binarySearchImplementation.java:15)
	at binarySearch.binarySearchImplementation.binarySearch(binarySearchImplementation.java:15)
	at binarySearch.binarySearchImplementation.binarySearch(binarySearchImplementation.java:15)
	at binarySearch.binarySearchImplementation.binarySearch(binarySearchImplementation.java:12)
	at binarySearch.binarySearchImplementation.binarySearch(binarySearchImplementation.java:15)
	at binarySearch.binarySearchImplementation.binarySearch(binarySearchImplementation.java:15)
	at binarySearch.binarySearchImplementation.binarySearch(binarySearchImplementation.java:15)
	at binarySearch.binarySearchImplementation.binarySearch(binarySearchImplementation.java:12)
	at binarySearch.binarySearchImplementation.binarySearch(binarySearchImplementation.java:15)
	at binarySearch.binarySearchImplementation.binarySearch(binarySearchImplementation.java:15)
	at binarySearch.binarySearchImplementation.binarySearch(binarySearchImplementation.java:15)
	at binarySearch.binarySearchImplementation.binarySearch(binarySearchImplementation.java:12)
	at binarySearch.binarySearchImplementation.binarySearch(binarySearchImplementation.java:15)
	at binarySearch.binarySearchImplementation.binarySearch(binarySearchImplementation.java:15)
	at binarySearch.binarySearchImplementation.binarySearch(binarySearchImplementation.java:15)
	at binarySearch.binarySearchImplementation.binarySearch(binarySearchImplementation.java:12)
	at binarySearch.binarySearchImplementation.binarySearch(binarySearchImplementation.java:15)
	at binarySearch.binarySearchImplementation.binarySearch(binarySearchImplementation.java:15)
	at binarySearch.binarySearchImplementation.binarySearch(binarySearchImplementation.java:15)
	at binarySearch.binarySearchImplementation.binarySearch(binarySearchImplementation.java:12)
	at binarySearch.binarySearchImplementation.binarySearch(binarySearchImplementation.java:15)
	at binarySearch.binarySearchImplementation.binarySearch(binarySearchImplementation.java:15)
	at binarySearch.binarySearchImplementation.binarySearch(binarySearchImplementation.java:15)
	at binarySearch.binarySearchImplementation.binarySearch(binarySearchImplementation.java:12)
	at binarySearch.binarySearchImplementation.binarySearch(binarySearchImplementation.java:15)
	at binarySearch.binarySearchImplementation.binarySearch(binarySearchImplementation.java:15)
	at binarySearch.binarySearchImplementation.binarySearch(binarySearchImplementation.java:15)
	at binarySearch.binarySearchImplementation.binarySearch(binarySearchImplementation.java:12)
	at binarySearch.binarySearchImplementation.binarySearch(binarySearchImplementation.java:15)
	at binarySearch.binarySearchImplementation.binarySearch(binarySearchImplementation.java:15)
	at binarySearch.binarySearchImplementation.binarySearch(binarySearchImplementation.java:15)
	at binarySearch.binarySearchImplementation.binarySearch(binarySearchImplementation.java:12)
	at binarySearch.binarySearchImplementation.binarySearch(binarySearchImplementation.java:15)
	at binarySearch.binarySearchImplementation.binarySearch(binarySearchImplementation.java:15)
	at binarySearch.binarySearchImplementation.binarySearch(binarySearchImplementation.java:15)
	at binarySearch.binarySearchImplementation.binarySearch(binarySearchImplementation.java:12)
	at binarySearch.binarySearchImplementation.binarySearch(binarySearchImplementation.java:15)
	at binarySearch.binarySearchImplementation.binarySearch(binarySearchImplementation.java:15)
	at binarySearch.binarySearchImplementation.binarySearch(binarySearchImplementation.java:15)
	at binarySearch.binarySearchImplementation.binarySearch(binarySearchImplementation.java:12)
	at binarySearch.binarySearchImplementation.binarySearch(binarySearchImplementation.java:15)
	at binarySearch.binarySearchImplementation.binarySearch(binarySearchImplementation.java:15)
	at binarySearch.binarySearchImplementation.binarySearch(binarySearchImplementation.java:15)
	at binarySearch.binarySearchImplementation.binarySearch(binarySearchImplementation.java:12)
	at binarySearch.binarySearchImplementation.binarySearch(binarySearchImplementation.java:15)
	at binarySearch.binarySearchImplementation.binarySearch(binarySearchImplementation.java:15)
	at binarySearch.binarySearchImplementation.binarySearch(binarySearchImplementation.java:15)
	at binarySearch.binarySearchImplementation.binarySearch(binarySearchImplementation.java:12)
	at binarySearch.binarySearchImplementation.binarySearch(binarySearchImplementation.java:15)
	at binarySearch.binarySearchImplementation.binarySearch(binarySearchImplementation.java:15)
	at binarySearch.binarySearchImplementation.binarySearch(binarySearchImplementation.java:15)
	at binarySearch.binarySearchImplementation.binarySearch(binarySearchImplementation.java:12)
	at binarySearch.binarySearchImplementation.binarySearch(binarySearchImplementation.java:15)
	at binarySearch.binarySearchImplementation.binarySearch(binarySearchImplementation.java:15)
	at binarySearch.binarySearchImplementation.binarySearch(binarySearchImplementation.java:15)
	at binarySearch.binarySearchImplementation.binarySearch(binarySearchImplementation.java:12)
	at binarySearch.binarySearchImplementation.binarySearch(binarySearchImplementation.java:15)
	at binarySearch.binarySearchImplementation.binarySearch(binarySearchImplementation.java:15)
	at binarySearch.binarySearchImplementation.binarySearch(binarySearchImplementation.java:15)
	at binarySearch.binarySearchImplementation.binarySearch(binarySearchImplementation.java:12)
	at binarySearch.binarySearchImplementation.binarySearch(binarySearchImplementation.java:15)
	at binarySearch.binarySearchImplementation.binarySearch(binarySearchImplementation.java:15)
	at binarySearch.binarySearchImplementation.binarySearch(binarySearchImplementation.java:15)
	at binarySearch.binarySearchImplementation.binarySearch(binarySearchImplementation.java:12)
	at binarySearch.binarySearchImplementation.binarySearch(binarySearchImplementation.java:15)
	at binarySearch.binarySearchImplementation.binarySearch(binarySearchImplementation.java:15)
	at binarySearch.binarySearchImplementation.binarySearch(binarySearchImplementation.java:15)
	at binarySearch.binarySearchImplementation.binarySearch(binarySearchImplementation.java:12)
	at binarySearch.binarySearchImplementation.binarySearch(binarySearchImplementation.java:15)
	at binarySearch.binarySearchImplementation.binarySearch(binarySearchImplementation.java:15)
	at binarySearch.binarySearchImplementation.binarySearch(binarySearchImplementation.java:15)
	at binarySearch.binarySearchImplementation.binarySearch(binarySearchImplementation.java:12)
	at binarySearch.binarySearchImplementation.binarySearch(binarySearchImplementation.java:15)
	at binarySearch.binarySearchImplementation.binarySearch(binarySearchImplementation.java:15)
	at binarySearch.binarySearchImplementation.binarySearch(binarySearchImplementation.java:15)
	at binarySearch.binarySearchImplementation.binarySearch(binarySearchImplementation.java:12)
	at binarySearch.binarySearchImplementation.binarySearch(binarySearchImplementation.java:15)
	at binarySearch.binarySearchImplementation.binarySearch(binarySearchImplementation.java:15)
	at binarySearch.binarySearchImplementation.binarySearch(binarySearchImplementation.java:15)
	at binarySearch.binarySearchImplementation.binarySearch(binarySearchImplementation.java:12)
	at binarySearch.binarySearchImplementation.binarySearch(binarySearchImplementation.java:15)
	at binarySearch.binarySearchImplementation.binarySearch(binarySearchImplementation.java:15)
	at binarySearch.binarySearchImplementation.binarySearch(binarySearchImplementation.java:15)
	at binarySearch.binarySearchImplementation.binarySearch(binarySearchImplementation.java:12)
	at binarySearch.binarySearchImplementation.binarySearch(binarySearchImplementation.java:15)
	at binarySearch.binarySearchImplementation.binarySearch(binarySearchImplementation.java:15)
	at binarySearch.binarySearchImplementation.binarySearch(binarySearchImplementation.java:15)
	at binarySearch.binarySearchImplementation.binarySearch(binarySearchImplementation.java:12)
	at binarySearch.binarySearchImplementation.binarySearch(binarySearchImplementation.java:15)
	at binarySearch.binarySearchImplementation.binarySearch(binarySearchImplementation.java:15)
	at binarySearch.binarySearchImplementation.binarySearch(binarySearchImplementation.java:15)
	at binarySearch.binarySearchImplementation.binarySearch(binarySearchImplementation.java:12)
	at binarySearch.binarySearchImplementation.binarySearch(binarySearchImplementation.java:15)
	at binarySearch.binarySearchImplementation.binarySearch(binarySearchImplementation.java:15)
	at binarySearch.binarySearchImplementation.binarySearch(binarySearchImplementation.java:15)
	at binarySearch.binarySearchImplementation.binarySearch(binarySearchImplementation.java:12)
	at binarySearch.binarySearchImplementation.binarySearch(binarySearchImplementation.java:15)
	at binarySearch.binarySearchImplementation.binarySearch(binarySearchImplementation.java:15)
	at binarySearch.binarySearchImplementation.binarySearch(binarySearchImplementation.java:15)
	at binarySearch.binarySearchImplementation.binarySearch(binarySearchImplementation.java:12)
	at binarySearch.binarySearchImplementation.binarySearch(binarySearchImplementation.java:15)
	at binarySearch.binarySearchImplementation.binarySearch(binarySearchImplementation.java:15)
	at binarySearch.binarySearchImplementation.binarySearch(binarySearchImplementation.java:15)
	at binarySearch.binarySearchImplementation.binarySearch(binarySearchImplementation.java:12)
	at binarySearch.binarySearchImplementation.binarySearch(binarySearchImplementation.java:15)
	at binarySearch.binarySearchImplementation.binarySearch(binarySearchImplementation.java:15)
	at binarySearch.binarySearchImplementation.binarySearch(binarySearchImplementation.java:15)
	at binarySearch.binarySearchImplementation.binarySearch(binarySearchImplementation.java:12)
	at binarySearch.binarySearchImplementation.binarySearch(binarySearchImplementation.java:15)
	at binarySearch.binarySearchImplementation.binarySearch(binarySearchImplementation.java:15)
	at binarySearch.binarySearchImplementation.binarySearch(binarySearchImplementation.java:15)
	at binarySearch.binarySearchImplementation.binarySearch(binarySearchImplementation.java:12)
	at binarySearch.binarySearchImplementation.binarySearch(binarySearchImplementation.java:15)
	at binarySearch.binarySearchImplementation.binarySearch(binarySearchImplementation.java:15)
	at binarySearch.binarySearchImplementation.binarySearch(binarySearchImplementation.java:15)
	at binarySearch.binarySearchImplementation.binarySearch(binarySearchImplementation.java:12)
	at binarySearch.binarySearchImplementation.binarySearch(binarySearchImplementation.java:15)
	at binarySearch.binarySearchImplementation.binarySearch(binarySearchImplementation.java:15)
	at binarySearch.binarySearchImplementation.binarySearch(binarySearchImplementation.java:15)
	at binarySearch.binarySearchImplementation.binarySearch(binarySearchImplementation.java:12)
	at binarySearch.binarySearchImplementation.binarySearch(binarySearchImplementation.java:15)
	at binarySearch.binarySearchImplementation.binarySearch(binarySearchImplementation.java:15)
	at binarySearch.binarySearchImplementation.binarySearch(binarySearchImplementation.java:15)
	at binarySearch.binarySearchImplementation.binarySearch(binarySearchImplementation.java:12)
	at binarySearch.binarySearchImplementation.binarySearch(binarySearchImplementation.java:15)
	at binarySearch.binarySearchImplementation.binarySearch(binarySearchImplementation.java:15)
	at binarySearch.binarySearchImplementation.binarySearch(binarySearchImplementation.java:15)
	at binarySearch.binarySearchImplementation.binarySearch(binarySearchImplementation.java:12)
	at binarySearch.binarySearchImplementation.binarySearch(binarySearchImplementation.java:15)
	at binarySearch.binarySearchImplementation.binarySearch(binarySearchImplementation.java:15)
	at binarySearch.binarySearchImplementation.binarySearch(binarySearchImplementation.java:15)
	at binarySearch.binarySearchImplementation.binarySearch(binarySearchImplementation.java:12)
	at binarySearch.binarySearchImplementation.binarySearch(binarySearchImplementation.java:15)
	at binarySearch.binarySearchImplementation.binarySearch(binarySearchImplementation.java:15)
	at binarySearch.binarySearchImplementation.binarySearch(binarySearchImplementation.java:15)
	at binarySearch.binarySearchImplementation.binarySearch(binarySearchImplementation.java:12)
	at binarySearch.binarySearchImplementation.binarySearch(binarySearchImplementation.java:15)
	at binarySearch.binarySearchImplementation.binarySearch(binarySearchImplementation.java:15)
	at binarySearch.binarySearchImplementation.binarySearch(binarySearchImplementation.java:15)
	at binarySearch.binarySearchImplementation.binarySearch(binarySearchImplementation.java:12)
	at binarySearch.binarySearchImplementation.binarySearch(binarySearchImplementation.java:15)
	at binarySearch.binarySearchImplementation.binarySearch(binarySearchImplementation.java:15)
	at binarySearch.binarySearchImplementation.binarySearch(binarySearchImplementation.java:15)
	at binarySearch.binarySearchImplementation.binarySearch(binarySearchImplementation.java:12)
	at binarySearch.binarySearchImplementation.binarySearch(binarySearchImplementation.java:15)
	at binarySearch.binarySearchImplementation.binarySearch(binarySearchImplementation.java:15)
	at binarySearch.binarySearchImplementation.binarySearch(binarySearchImplementation.java:15)
	at binarySearch.binarySearchImplementation.binarySearch(binarySearchImplementation.java:12)
	at binarySearch.binarySearchImplementation.binarySearch(binarySearchImplementation.java:15)
	at binarySearch.binarySearchImplementation.binarySearch(binarySearchImplementation.java:15)
	at binarySearch.binarySearchImplementation.binarySearch(binarySearchImplementation.java:15)
	at binarySearch.binarySearchImplementation.binarySearch(binarySearchImplementation.java:12)
	at binarySearch.binarySearchImplementation.binarySearch(binarySearchImplementation.java:15)
	at binarySearch.binarySearchImplementation.binarySearch(binarySearchImplementation.java:15)
	at binarySearch.binarySearchImplementation.binarySearch(binarySearchImplementation.java:15)
	at binarySearch.binarySearchImplementation.binarySearch(binarySearchImplementation.java:12)
	at binarySearch.binarySearchImplementation.binarySearch(binarySearchImplementation.java:15)
	at binarySearch.binarySearchImplementation.binarySearch(binarySearchImplementation.java:15)
	at binarySearch.binarySearchImplementation.binarySearch(binarySearchImplementation.java:15)
	at binarySearch.binarySearchImplementation.binarySearch(binarySearchImplementation.java:12)
	at binarySearch.binarySearchImplementation.binarySearch(binarySearchImplementation.java:15)
	at binarySearch.binarySearchImplementation.binarySearch(binarySearchImplementation.java:15)
	at binarySearch.binarySearchImplementation.binarySearch(binarySearchImplementation.java:15)
	at binarySearch.binarySearchImplementation.binarySearch(binarySearchImplementation.java:12)
	at binarySearch.binarySearchImplementation.binarySearch(binarySearchImplementation.java:15)
	at binarySearch.binarySearchImplementation.binarySearch(binarySearchImplementation.java:15)
	at binarySearch.binarySearchImplementation.binarySearch(binarySearchImplementation.java:15)
	at binarySearch.binarySearchImplementation.binarySearch(binarySearchImplementation.java:12)
	at binarySearch.binarySearchImplementation.binarySearch(binarySearchImplementation.java:15)
	at binarySearch.binarySearchImplementation.binarySearch(binarySearchImplementation.java:15)
	at binarySearch.binarySearchImplementation.binarySearch(binarySearchImplementation.java:15)
	at binarySearch.binarySearchImplementation.binarySearch(binarySearchImplementation.java:12)
	at binarySearch.binarySearchImplementation.binarySearch(binarySearchImplementation.java:15)
	at binarySearch.binarySearchImplementation.binarySearch(binarySearchImplementation.java:15)
	at binarySearch.binarySearchImplementation.binarySearch(binarySearchImplementation.java:15)
	at binarySearch.binarySearchImplementation.binarySearch(binarySearchImplementation.java:12)
	at binarySearch.binarySearchImplementation.binarySearch(binarySearchImplementation.java:15)
	at binarySearch.binarySearchImplementation.binarySearch(binarySearchImplementation.java:15)
	at binarySearch.binarySearchImplementation.binarySearch(binarySearchImplementation.java:15)
	at binarySearch.binarySearchImplementation.binarySearch(binarySearchImplementation.java:12)
	at binarySearch.binarySearchImplementation.binarySearch(binarySearchImplementation.java:15)
	at binarySearch.binarySearchImplementation.binarySearch(binarySearchImplementation.java:15)
	at binarySearch.binarySearchImplementation.binarySearch(binarySearchImplementation.java:15)
	at binarySearch.binarySearchImplementation.binarySearch(binarySearchImplementation.java:12)
	at binarySearch.binarySearchImplementation.binarySearch(binarySearchImplementation.java:15)
	at binarySearch.binarySearchImplementation.binarySearch(binarySearchImplementation.java:15)
	at binarySearch.binarySearchImplementation.binarySearch(binarySearchImplementation.java:15)
	at binarySearch.binarySearchImplementation.binarySearch(binarySearchImplementation.java:12)
	at binarySearch.binarySearchImplementation.binarySearch(binarySearchImplementation.java:15)
	at binarySearch.binarySearchImplementation.binarySearch(binarySearchImplementation.java:15)
	at binarySearch.binarySearchImplementation.binarySearch(binarySearchImplementation.java:15)
	at binarySearch.binarySearchImplementation.binarySearch(binarySearchImplementation.java:12)
	at binarySearch.binarySearchImplementation.binarySearch(binarySearchImplementation.java:15)
	at binarySearch.binarySearchImplementation.binarySearch(binarySearchImplementation.java:15)
	at binarySearch.binarySearchImplementation.binarySearch(binarySearchImplementation.java:15)
	at binarySearch.binarySearchImplementation.binarySearch(binarySearchImplementation.java:12)
	at binarySearch.binarySearchImplementation.binarySearch(binarySearchImplementation.java:15)
	at binarySearch.binarySearchImplementation.binarySearch(binarySearchImplementation.java:15)
	at binarySearch.binarySearchImplementation.binarySearch(binarySearchImplementation.java:15)
	at binarySearch.binarySearchImplementation.binarySearch(binarySearchImplementation.java:12)
	at binarySearch.binarySearchImplementation.binarySearch(binarySearchImplementation.java:15)
	at binarySearch.binarySearchImplementation.binarySearch(binarySearchImplementation.java:15)
	at binarySearch.binarySearchImplementation.binarySearch(binarySearchImplementation.java:15)
	at binarySearch.binarySearchImplementation.binarySearch(binarySearchImplementation.java:12)
	at binarySearch.binarySearchImplementation.binarySearch(binarySearchImplementation.java:15)
	at binarySearch.binarySearchImplementation.binarySearch(binarySearchImplementation.java:15)
	at binarySearch.binarySearchImplementation.binarySearch(binarySearchImplementation.java:15)
	at binarySearch.binarySearchImplementation.binarySearch(binarySearchImplementation.java:12)
	at binarySearch.binarySearchImplementation.binarySearch(binarySearchImplementation.java:15)
	at binarySearch.binarySearchImplementation.binarySearch(binarySearchImplementation.java:15)
	at binarySearch.binarySearchImplementation.binarySearch(binarySearchImplementation.java:15)
	at binarySearch.binarySearchImplementation.binarySearch(binarySearchImplementation.java:12)
	at binarySearch.binarySearchImplementation.binarySearch(binarySearchImplementation.java:15)
	at binarySearch.binarySearchImplementation.binarySearch(binarySearchImplementation.java:15)
	at binarySearch.binarySearchImplementation.binarySearch(binarySearchImplementation.java:15)
	at binarySearch.binarySearchImplementation.binarySearch(binarySearchImplementation.java:12)
	at binarySearch.binarySearchImplementation.binarySearch(binarySearchImplementation.java:15)
	at binarySearch.binarySearchImplementation.binarySearch(binarySearchImplementation.java:15)
	at binarySearch.binarySearchImplementation.binarySearch(binarySearchImplementation.java:15)
	at binarySearch.binarySearchImplementation.binarySearch(binarySearchImplementation.java:12)
	at binarySearch.binarySearchImplementation.binarySearch(binarySearchImplementation.java:15)
	at binarySearch.binarySearchImplementation.binarySearch(binarySearchImplementation.java:15)
	at binarySearch.binarySearchImplementation.binarySearch(binarySearchImplementation.java:15)
	at binarySearch.binarySearchImplementation.binarySearch(binarySearchImplementation.java:12)
	at binarySearch.binarySearchImplementation.binarySearch(binarySearchImplementation.java:15)
	at binarySearch.binarySearchImplementation.binarySearch(binarySearchImplementation.java:15)
	at binarySearch.binarySearchImplementation.binarySearch(binarySearchImplementation.java:15)
	at binarySearch.binarySearchImplementation.binarySearch(binarySearchImplementation.java:12)
	at binarySearch.binarySearchImplementation.binarySearch(binarySearchImplementation.java:15)
	at binarySearch.binarySearchImplementation.binarySearch(binarySearchImplementation.java:15)
	at binarySearch.binarySearchImplementation.binarySearch(binarySearchImplementation.java:15)
	at binarySearch.binarySearchImplementation.binarySearch(binarySearchImplementation.java:12)
	at binarySearch.binarySearchImplementation.binarySearch(binarySearchImplementation.java:15)
	at binarySearch.binarySearchImplementation.binarySearch(binarySearchImplementation.java:15)
	at binarySearch.binarySearchImplementation.binarySearch(binarySearchImplementation.java:15)
	at binarySearch.binarySearchImplementation.binarySearch(binarySearchImplementation.java:12)
	at binarySearch.binarySearchImplementation.binarySearch(binarySearchImplementation.java:15)
	at binarySearch.binarySearchImplementation.binarySearch(binarySearchImplementation.java:15)
	at binarySearch.binarySearchImplementation.binarySearch(binarySearchImplementation.java:15)
	at binarySearch.binarySearchImplementation.binarySearch(binarySearchImplementation.java:12)
	at binarySearch.binarySearchImplementation.binarySearch(binarySearchImplementation.java:15)
	at binarySearch.binarySearchImplementation.binarySearch(binarySearchImplementation.java:15)
	at binarySearch.binarySearchImplementation.binarySearch(binarySearchImplementation.java:15)
	at binarySearch.binarySearchImplementation.binarySearch(binarySearchImplementation.java:12)
	at binarySearch.binarySearchImplementation.binarySearch(binarySearchImplementation.java:15)
	at binarySearch.binarySearchImplementation.binarySearch(binarySearchImplementation.java:15)
	at binarySearch.binarySearchImplementation.binarySearch(binarySearchImplementation.java:15)
	at binarySearch.binarySearchImplementation.binarySearch(binarySearchImplementation.java:12)
	at binarySearch.binarySearchImplementation.binarySearch(binarySearchImplementation.java:15)
	at binarySearch.binarySearchImplementation.binarySearch(binarySearchImplementation.java:15)
	at binarySearch.binarySearchImplementation.binarySearch(binarySearchImplementation.java:15)
	at binarySearch.binarySearchImplementation.binarySearch(binarySearchImplementation.java:12)
	at binarySearch.binarySearchImplementation.binarySearch(binarySearchImplementation.java:15)
	at binarySearch.binarySearchImplementation.binarySearch(binarySearchImplementation.java:15)
	at binarySearch.binarySearchImplementation.binarySearch(binarySearchImplementation.java:15)
	at binarySearch.binarySearchImplementation.binarySearch(binarySearchImplementation.java:12)
	at binarySearch.binarySearchImplementation.binarySearch(binarySearchImplementation.java:15)
	at binarySearch.binarySearchImplementation.binarySearch(binarySearchImplementation.java:15)
	at binarySearch.binarySearchImplementation.binarySearch(binarySearchImplementation.java:15)
	at binarySearch.binarySearchImplementation.binarySearch(binarySearchImplementation.java:12)
	at binarySearch.binarySearchImplementation.binarySearch(binarySearchImplementation.java:15)
	at binarySearch.binarySearchImplementation.binarySearch(binarySearchImplementation.java:15)
	at binarySearch.binarySearchImplementation.binarySearch(binarySearchImplementation.java:15)
	at binarySearch.binarySearchImplementation.binarySearch(binarySearchImplementation.java:12)
	at binarySearch.binarySearchImplementation.binarySearch(binarySearchImplementation.java:15)
	at binarySearch.binarySearchImplementation.binarySearch(binarySearchImplementation.java:15)
	at binarySearch.binarySearchImplementation.binarySearch(binarySearchImplementation.java:15)
	at binarySearch.binarySearchImplementation.binarySearch(binarySearchImplementation.java:12)
	at binarySearch.binarySearchImplementation.binarySearch(binarySearchImplementation.java:15)
	at binarySearch.binarySearchImplementation.binarySearch(binarySearchImplementation.java:15)
	at binarySearch.binarySearchImplementation.binarySearch(binarySearchImplementation.java:15)
	at binarySearch.binarySearchImplementation.binarySearch(binarySearchImplementation.java:12)
	at binarySearch.binarySearchImplementation.binarySearch(binarySearchImplementation.java:15)
	at binarySearch.binarySearchImplementation.binarySearch(binarySearchImplementation.java:15)
	at binarySearch.binarySearchImplementation.binarySearch(binarySearchImplementation.java:15)
	at binarySearch.binarySearchImplementation.binarySearch(binarySearchImplementation.java:12)
	at binarySearch.binarySearchImplementation.binarySearch(binarySearchImplementation.java:15)
	at binarySearch.binarySearchImplementation.binarySearch(binarySearchImplementation.java:15)
	at binarySearch.binarySearchImplementation.binarySearch(binarySearchImplementation.java:15)
	at binarySearch.binarySearchImplementation.binarySearch(binarySearchImplementation.java:12)
	at binarySearch.binarySearchImplementation.binarySearch(binarySearchImplementation.java:15)
	at binarySearch.binarySearchImplementation.binarySearch(binarySearchImplementation.java:15)
	at binarySearch.binarySearchImplementation.binarySearch(binarySearchImplementation.java:15)
	at binarySearch.binarySearchImplementation.binarySearch(binarySearchImplementation.java:12)
	at binarySearch.binarySearchImplementation.binarySearch(binarySearchImplementation.java:15)
	at binarySearch.binarySearchImplementation.binarySearch(binarySearchImplementation.java:15)
	at binarySearch.binarySearchImplementation.binarySearch(binarySearchImplementation.java:15)
	at binarySearch.binarySearchImplementation.binarySearch(binarySearchImplementation.java:12)
	at binarySearch.binarySearchImplementation.binarySearch(binarySearchImplementation.java:15)
	at binarySearch.binarySearchImplementation.binarySearch(binarySearchImplementation.java:15)
	at binarySearch.binarySearchImplementation.binarySearch(binarySearchImplementation.java:15)
	at binarySearch.binarySearchImplementation.binarySearch(binarySearchImplementation.java:12)
	at binarySearch.binarySearchImplementation.binarySearch(binarySearchImplementation.java:15)
	at binarySearch.binarySearchImplementation.binarySearch(binarySearchImplementation.java:15)
	at binarySearch.binarySearchImplementation.binarySearch(binarySearchImplementation.java:15)
	at binarySearch.binarySearchImplementation.binarySearch(binarySearchImplementation.java:12)
	at binarySearch.binarySearchImplementation.binarySearch(binarySearchImplementation.java:15)
	at binarySearch.binarySearchImplementation.binarySearch(binarySearchImplementation.java:15)
	at binarySearch.binarySearchImplementation.binarySearch(binarySearchImplementation.java:15)
	at binarySearch.binarySearchImplementation.binarySearch(binarySearchImplementation.java:12)
	at binarySearch.binarySearchImplementation.binarySearch(binarySearchImplementation.java:15)
	at binarySearch.binarySearchImplementation.binarySearch(binarySearchImplementation.java:15)
	at binarySearch.binarySearchImplementation.binarySearch(binarySearchImplementation.java:15)
	at binarySearch.binarySearchImplementation.binarySearch(binarySearchImplementation.java:12)
	at binarySearch.binarySearchImplementation.binarySearch(binarySearchImplementation.java:15)
	at binarySearch.binarySearchImplementation.binarySearch(binarySearchImplementation.java:15)
	at binarySearch.binarySearchImplementation.binarySearch(binarySearchImplementation.java:15)
	at binarySearch.binarySearchImplementation.binarySearch(binarySearchImplementation.java:12)
	at binarySearch.binarySearchImplementation.binarySearch(binarySearchImplementation.java:15)
	at binarySearch.binarySearchImplementation.binarySearch(binarySearchImplementation.java:15)
	at binarySearch.binarySearchImplementation.binarySearch(binarySearchImplementation.java:15)
	at binarySearch.binarySearchImplementation.binarySearch(binarySearchImplementation.java:12)
	at binarySearch.binarySearchImplementation.binarySearch(binarySearchImplementation.java:15)
	at binarySearch.binarySearchImplementation.binarySearch(binarySearchImplementation.java:15)
	at binarySearch.binarySearchImplementation.binarySearch(binarySearchImplementation.java:15)
	at binarySearch.binarySearchImplementation.binarySearch(binarySearchImplementation.java:12)
	at binarySearch.binarySearchImplementation.binarySearch(binarySearchImplementation.java:15)
	at binarySearch.binarySearchImplementation.binarySearch(binarySearchImplementation.java:15)
	at binarySearch.binarySearchImplementation.binarySearch(binarySearchImplementation.java:15)
	at binarySearch.binarySearchImplementation.binarySearch(binarySearchImplementation.java:12)
	at binarySearch.binarySearchImplementation.binarySearch(binarySearchImplementation.java:15)
	at binarySearch.binarySearchImplementation.binarySearch(binarySearchImplementation.java:15)
	at binarySearch.binarySearchImplementation.binarySearch(binarySearchImplementation.java:15)
	at binarySearch.binarySearchImplementation.binarySearch(binarySearchImplementation.java:12)
	at binarySearch.binarySearchImplementation.binarySearch(binarySearchImplementation.java:15)
	at binarySearch.binarySearchImplementation.binarySearch(binarySearchImplementation.java:15)
	at binarySearch.binarySearchImplementation.binarySearch(binarySearchImplementation.java:15)
	at binarySearch.binarySearchImplementation.binarySearch(binarySearchImplementation.java:12)
	at binarySearch.binarySearchImplementation.binarySearch(binarySearchImplementation.java:15)
	at binarySearch.binarySearchImplementation.binarySearch(binarySearchImplementation.java:15)
	at binarySearch.binarySearchImplementation.binarySearch(binarySearchImplementation.java:15)
	at binarySearch.binarySearchImplementation.binarySearch(binarySearchImplementation.java:12)
	at binarySearch.binarySearchImplementation.binarySearch(binarySearchImplementation.java:15)
	at binarySearch.binarySearchImplementation.binarySearch(binarySearchImplementation.java:15)
	at binarySearch.binarySearchImplementation.binarySearch(binarySearchImplementation.java:15)
	at binarySearch.binarySearchImplementation.binarySearch(binarySearchImplementation.java:12)
	at binarySearch.binarySearchImplementation.binarySearch(binarySearchImplementation.java:15)
	at binarySearch.binarySearchImplementation.binarySearch(binarySearchImplementation.java:15)
	at binarySearch.binarySearchImplementation.binarySearch(binarySearchImplementation.java:15)
	at binarySearch.binarySearchImplementation.binarySearch(binarySearchImplementation.java:12)
	at binarySearch.binarySearchImplementation.binarySearch(binarySearchImplementation.java:15)
	at binarySearch.binarySearchImplementation.binarySearch(binarySearchImplementation.java:15)
	at binarySearch.binarySearchImplementation.binarySearch(binarySearchImplementation.java:15)
	at binarySearch.binarySearchImplementation.binarySearch(binarySearchImplementation.java:12)
	at binarySearch.binarySearchImplementation.binarySearch(binarySearchImplementation.java:15)
	at binarySearch.binarySearchImplementation.binarySearch(binarySearchImplementation.java:15)
	at binarySearch.binarySearchImplementation.binarySearch(binarySearchImplementation.java:15)
	at binarySearch.binarySearchImplementation.binarySearch(binarySearchImplementation.java:12)
	at binarySearch.binarySearchImplementation.binarySearch(binarySearchImplementation.java:15)
	at binarySearch.binarySearchImplementation.binarySearch(binarySearchImplementation.java:15)
	at binarySearch.binarySearchImplementation.binarySearch(binarySearchImplementation.java:15)
	at binarySearch.binarySearchImplementation.binarySearch(binarySearchImplementation.java:12)
	at binarySearch.binarySearchImplementation.binarySearch(binarySearchImplementation.java:15)
	at binarySearch.binarySearchImplementation.binarySearch(binarySearchImplementation.java:15)
	at binarySearch.binarySearchImplementation.binarySearch(binarySearchImplementation.java:15)
	at binarySearch.binarySearchImplementation.binarySearch(binarySearchImplementation.java:12)
	at binarySearch.binarySearchImplementation.binarySearch(binarySearchImplementation.java:15)
	at binarySearch.binarySearchImplementation.binarySearch(binarySearchImplementation.java:15)
	at binarySearch.binarySearchImplementation.binarySearch(binarySearchImplementation.java:15)
	at binarySearch.binarySearchImplementation.binarySearch(binarySearchImplementation.java:12)
	at binarySearch.binarySearchImplementation.binarySearch(binarySearchImplementation.java:15)
	at binarySearch.binarySearchImplementation.binarySearch(binarySearchImplementation.java:15)
	at binarySearch.binarySearchImplementation.binarySearch(binarySearchImplementation.java:15)
	at binarySearch.binarySearchImplementation.binarySearch(binarySearchImplementation.java:12)
	at binarySearch.binarySearchImplementation.binarySearch(binarySearchImplementation.java:15)
	at binarySearch.binarySearchImplementation.binarySearch(binarySearchImplementation.java:15)
	at binarySearch.binarySearchImplementation.binarySearch(binarySearchImplementation.java:15)
	at binarySearch.binarySearchImplementation.binarySearch(binarySearchImplementation.java:12)
	at binarySearch.binarySearchImplementation.binarySearch(binarySearchImplementation.java:15)
	at binarySearch.binarySearchImplementation.binarySearch(binarySearchImplementation.java:15)
	at binarySearch.binarySearchImplementation.binarySearch(binarySearchImplementation.java:15)
	at binarySearch.binarySearchImplementation.binarySearch(binarySearchImplementation.java:12)
	at binarySearch.binarySearchImplementation.binarySearch(binarySearchImplementation.java:15)
	at binarySearch.binarySearchImplementation.binarySearch(binarySearchImplementation.java:15)
	at binarySearch.binarySearchImplementation.binarySearch(binarySearchImplementation.java:15)
	at binarySearch.binarySearchImplementation.binarySearch(binarySearchImplementation.java:12)
	at binarySearch.binarySearchImplementation.binarySearch(binarySearchImplementation.java:15)
	at binarySearch.binarySearchImplementation.binarySearch(binarySearchImplementation.java:15)
	at binarySearch.binarySearchImplementation.binarySearch(binarySearchImplementation.java:15)
	at binarySearch.binarySearchImplementation.binarySearch(binarySearchImplementation.java:12)
	at binarySearch.binarySearchImplementation.binarySearch(binarySearchImplementation.java:15)
	at binarySearch.binarySearchImplementation.binarySearch(binarySearchImplementation.java:15)
	at binarySearch.binarySearchImplementation.binarySearch(binarySearchImplementation.java:15)
	at binarySearch.binarySearchImplementation.binarySearch(binarySearchImplementation.java:12)
	at binarySearch.binarySearchImplementation.binarySearch(binarySearchImplementation.java:15)
	at binarySearch.binarySearchImplementation.binarySearch(binarySearchImplementation.java:15)
	at binarySearch.binarySearchImplementation.binarySearch(binarySearchImplementation.java:15)
	at binarySearch.binarySearchImplementation.binarySearch(binarySearchImplementation.java:12)
	at binarySearch.binarySearchImplementation.binarySearch(binarySearchImplementation.java:15)
	at binarySearch.binarySearchImplementation.binarySearch(binarySearchImplementation.java:15)
	at binarySearch.binarySearchImplementation.binarySearch(binarySearchImplementation.java:15)
	at binarySearch.binarySearchImplementation.binarySearch(binarySearchImplementation.java:12)
	at binarySearch.binarySearchImplementation.binarySearch(binarySearchImplementation.java:15)
	at binarySearch.binarySearchImplementation.binarySearch(binarySearchImplementation.java:15)
	at binarySearch.binarySearchImplementation.binarySearch(binarySearchImplementation.java:15)
	at binarySearch.binarySearchImplementation.binarySearch(binarySearchImplementation.java:12)
	at binarySearch.binarySearchImplementation.binarySearch(binarySearchImplementation.java:15)
	at binarySearch.binarySearchImplementation.binarySearch(binarySearchImplementation.java:15)
	at binarySearch.binarySearchImplementation.binarySearch(binarySearchImplementation.java:15)
	at binarySearch.binarySearchImplementation.binarySearch(binarySearchImplementation.java:12)
	at binarySearch.binarySearchImplementation.binarySearch(binarySearchImplementation.java:15)
	at binarySearch.binarySearchImplementation.binarySearch(binarySearchImplementation.java:15)
	at binarySearch.binarySearchImplementation.binarySearch(binarySearchImplementation.java:15)
	at binarySearch.binarySearchImplementation.binarySearch(binarySearchImplementation.java:12)
	at binarySearch.binarySearchImplementation.binarySearch(binarySearchImplementation.java:15)
	at binarySearch.binarySearchImplementation.binarySearch(binarySearchImplementation.java:15)
	at binarySearch.binarySearchImplementation.binarySearch(binarySearchImplementation.java:15)
	at binarySearch.binarySearchImplementation.binarySearch(binarySearchImplementation.java:12)
	at binarySearch.binarySearchImplementation.binarySearch(binarySearchImplementation.java:15)
	at binarySearch.binarySearchImplementation.binarySearch(binarySearchImplementation.java:15)
	at binarySearch.binarySearchImplementation.binarySearch(binarySearchImplementation.java:15)
	at binarySearch.binarySearchImplementation.binarySearch(binarySearchImplementation.java:12)
	at binarySearch.binarySearchImplementation.binarySearch(binarySearchImplementation.java:15)
	at binarySearch.binarySearchImplementation.binarySearch(binarySearchImplementation.java:15)
	at binarySearch.binarySearchImplementation.binarySearch(binarySearchImplementation.java:15)
	at binarySearch.binarySearchImplementation.binarySearch(binarySearchImplementation.java:12)
	at binarySearch.binarySearchImplementation.binarySearch(binarySearchImplementation.java:15)
	at binarySearch.binarySearchImplementation.binarySearch(binarySearchImplementation.java:15)
	at binarySearch.binarySearchImplementation.binarySearch(binarySearchImplementation.java:15)
	at binarySearch.binarySearchImplementation.binarySearch(binarySearchImplementation.java:12)
	at binarySearch.binarySearchImplementation.binarySearch(binarySearchImplementation.java:15)
	at binarySearch.binarySearchImplementation.binarySearch(binarySearchImplementation.java:15)
	at binarySearch.binarySearchImplementation.binarySearch(binarySearchImplementation.java:15)
	at binarySearch.binarySearchImplementation.binarySearch(binarySearchImplementation.java:12)
	at binarySearch.binarySearchImplementation.binarySearch(binarySearchImplementation.java:15)
	at binarySearch.binarySearchImplementation.binarySearch(binarySearchImplementation.java:15)
	at binarySearch.binarySearchImplementation.binarySearch(binarySearchImplementation.java:15)
	at binarySearch.binarySearchImplementation.binarySearch(binarySearchImplementation.java:12)
	at binarySearch.binarySearchImplementation.binarySearch(binarySearchImplementation.java:15)
	at binarySearch.binarySearchImplementation.binarySearch(binarySearchImplementation.java:15)
	at binarySearch.binarySearchImplementation.binarySearch(binarySearchImplementation.java:15)
	at binarySearch.binarySearchImplementation.binarySearch(binarySearchImplementation.java:12)
	at binarySearch.binarySearchImplementation.binarySearch(binarySearchImplementation.java:15)
	at binarySearch.binarySearchImplementation.binarySearch(binarySearchImplementation.java:15)
	at binarySearch.binarySearchImplementation.binarySearch(binarySearchImplementation.java:15)
	at binarySearch.binarySearchImplementation.binarySearch(binarySearchImplementation.java:12)
	at binarySearch.binarySearchImplementation.binarySearch(binarySearchImplementation.java:15)
	at binarySearch.binarySearchImplementation.binarySearch(binarySearchImplementation.java:15)
	at binarySearch.binarySearchImplementation.binarySearch(binarySearchImplementation.java:15)
	at binarySearch.binarySearchImplementation.binarySearch(binarySearchImplementation.java:12)
	at binarySearch.binarySearchImplementation.binarySearch(binarySearchImplementation.java:15)
	at binarySearch.binarySearchImplementation.binarySearch(binarySearchImplementation.java:15)
	at binarySearch.binarySearchImplementation.binarySearch(binarySearchImplementation.java:15)
	at binarySearch.binarySearchImplementation.binarySearch(binarySearchImplementation.java:12)
	at binarySearch.binarySearchImplementation.binarySearch(binarySearchImplementation.java:15)
	at binarySearch.binarySearchImplementation.binarySearch(binarySearchImplementation.java:15)
	at binarySearch.binarySearchImplementation.binarySearch(binarySearchImplementation.java:15)
	at binarySearch.binarySearchImplementation.binarySearch(binarySearchImplementation.java:12)
	at binarySearch.binarySearchImplementation.binarySearch(binarySearchImplementation.java:15)
	at binarySearch.binarySearchImplementation.binarySearch(binarySearchImplementation.java:15)
	at binarySearch.binarySearchImplementation.binarySearch(binarySearchImplementation.java:15)
	at binarySearch.binarySearchImplementation.binarySearch(binarySearchImplementation.java:12)
	at binarySearch.binarySearchImplementation.binarySearch(binarySearchImplementation.java:15)
	at binarySearch.binarySearchImplementation.binarySearch(binarySearchImplementation.java:15)
	at binarySearch.binarySearchImplementation.binarySearch(binarySearchImplementation.java:15)
	at binarySearch.binarySearchImplementation.binarySearch(binarySearchImplementation.java:12)
	at binarySearch.binarySearchImplementation.binarySearch(binarySearchImplementation.java:15)
	at binarySearch.binarySearchImplementation.binarySearch(binarySearchImplementation.java:15)
	at binarySearch.binarySearchImplementation.binarySearch(binarySearchImplementation.java:15)
	at binarySearch.binarySearchImplementation.binarySearch(binarySearchImplementation.java:12)
	at binarySearch.binarySearchImplementation.binarySearch(binarySearchImplementation.java:15)
	at binarySearch.binarySearchImplementation.binarySearch(binarySearchImplementation.java:15)
	at binarySearch.binarySearchImplementation.binarySearch(binarySearchImplementation.java:15)
	at binarySearch.binarySearchImplementation.binarySearch(binarySearchImplementation.java:12)
	at binarySearch.binarySearchImplementation.binarySearch(binarySearchImplementation.java:15)
	at binarySearch.binarySearchImplementation.binarySearch(binarySearchImplementation.java:15)
	at binarySearch.binarySearchImplementation.binarySearch(binarySearchImplementation.java:15)
	at binarySearch.binarySearchImplementation.binarySearch(binarySearchImplementation.java:12)
	at binarySearch.binarySearchImplementation.binarySearch(binarySearchImplementation.java:15)
	at binarySearch.binarySearchImplementation.binarySearch(binarySearchImplementation.java:15)
	at binarySearch.binarySearchImplementation.binarySearch(binarySearchImplementation.java:15)
	at binarySearch.binarySearchImplementation.binarySearch(binarySearchImplementation.java:12)
	at binarySearch.binarySearchImplementation.binarySearch(binarySearchImplementation.java:15)
	at binarySearch.binarySearchImplementation.binarySearch(binarySearchImplementation.java:15)
	at binarySearch.binarySearchImplementation.binarySearch(binarySearchImplementation.java:15)
	at binarySearch.binarySearchImplementation.binarySearch(binarySearchImplementation.java:12)
	at binarySearch.binarySearchImplementation.binarySearch(binarySearchImplementation.java:15)
	at binarySearch.binarySearchImplementation.binarySearch(binarySearchImplementation.java:15)
	at binarySearch.binarySearchImplementation.binarySearch(binarySearchImplementation.java:15)
	at binarySearch.binarySearchImplementation.binarySearch(binarySearchImplementation.java:12)
	at binarySearch.binarySearchImplementation.binarySearch(binarySearchImplementation.java:15)
	at binarySearch.binarySearchImplementation.binarySearch(binarySearchImplementation.java:15)
	at binarySearch.binarySearchImplementation.binarySearch(binarySearchImplementation.java:15)
	at binarySearch.binarySearchImplementation.binarySearch(binarySearchImplementation.java:12)
	at binarySearch.binarySearchImplementation.binarySearch(binarySearchImplementation.java:15)
	at binarySearch.binarySearchImplementation.binarySearch(binarySearchImplementation.java:15)
	at binarySearch.binarySearchImplementation.binarySearch(binarySearchImplementation.java:15)
	at binarySearch.binarySearchImplementation.binarySearch(binarySearchImplementation.java:12)
	at binarySearch.binarySearchImplementation.binarySearch(binarySearchImplementation.java:15)
	at binarySearch.binarySearchImplementation.binarySearch(binarySearchImplementation.java:15)
	at binarySearch.binarySearchImplementation.binarySearch(binarySearchImplementation.java:15)
	at binarySearch.binarySearchImplementation.binarySearch(binarySearchImplementation.java:12)
	at binarySearch.binarySearchImplementation.binarySearch(binarySearchImplementation.java:15)
	at binarySearch.binarySearchImplementation.binarySearch(binarySearchImplementation.java:15)
	at binarySearch.binarySearchImplementation.binarySearch(binarySearchImplementation.java:15)
	at binarySearch.binarySearchImplementation.binarySearch(binarySearchImplementation.java:12)
	at binarySearch.binarySearchImplementation.binarySearch(binarySearchImplementation.java:15)
	at binarySearch.binarySearchImplementation.binarySearch(binarySearchImplementation.java:15)
	at binarySearch.binarySearchImplementation.binarySearch(binarySearchImplementation.java:15)
	at binarySearch.binarySearchImplementation.binarySearch(binarySearchImplementation.java:12)
	at binarySearch.binarySearchImplementation.binarySearch(binarySearchImplementation.java:15)
	at binarySearch.binarySearchImplementation.binarySearch(binarySearchImplementation.java:15)
	at binarySearch.binarySearchImplementation.binarySearch(binarySearchImplementation.java:15)
	at binarySearch.binarySearchImplementation.binarySearch(binarySearchImplementation.java:12)
	at binarySearch.binarySearchImplementation.binarySearch(binarySearchImplementation.java:15)
	at binarySearch.binarySearchImplementation.binarySearch(binarySearchImplementation.java:15)
	at binarySearch.binarySearchImplementation.binarySearch(binarySearchImplementation.java:15)
	at binarySearch.binarySearchImplementation.binarySearch(binarySearchImplementation.java:12)
	at binarySearch.binarySearchImplementation.binarySearch(binarySearchImplementation.java:15)
	at binarySearch.binarySearchImplementation.binarySearch(binarySearchImplementation.java:15)
	at binarySearch.binarySearchImplementation.binarySearch(binarySearchImplementation.java:15)
	at binarySearch.binarySearchImplementation.binarySearch(binarySearchImplementation.java:12)
	at binarySearch.binarySearchImplementation.binarySearch(binarySearchImplementation.java:15)
	at binarySearch.binarySearchImplementation.binarySearch(binarySearchImplementation.java:15)
	at binarySearch.binarySearchImplementation.binarySearch(binarySearchImplementation.java:15)
	at binarySearch.binarySearchImplementation.binarySearch(binarySearchImplementation.java:12)
	at binarySearch.binarySearchImplementation.binarySearch(binarySearchImplementation.java:15)
	at binarySearch.binarySearchImplementation.binarySearch(binarySearchImplementation.java:15)
	at binarySearch.binarySearchImplementation.binarySearch(binarySearchImplementation.java:15)
	at binarySearch.binarySearchImplementation.binarySearch(binarySearchImplementation.java:12)
	at binarySearch.binarySearchImplementation.binarySearch(binarySearchImplementation.java:15)
	at binarySearch.binarySearchImplementation.binarySearch(binarySearchImplementation.java:15)
	at binarySearch.binarySearchImplementation.binarySearch(binarySearchImplementation.java:15)
	at binarySearch.binarySearchImplementation.binarySearch(binarySearchImplementation.java:12)
	at binarySearch.binarySearchImplementation.binarySearch(binarySearchImplementation.java:15)
	at binarySearch.binarySearchImplementation.binarySearch(binarySearchImplementation.java:15)
	at binarySearch.binarySearchImplementation.binarySearch(binarySearchImplementation.java:15)
	at binarySearch.binarySearchImplementation.binarySearch(binarySearchImplementation.java:12)
	at binarySearch.binarySearchImplementation.binarySearch(binarySearchImplementation.java:15)
	at binarySearch.binarySearchImplementation.binarySearch(binarySearchImplementation.java:15)
	at binarySearch.binarySearchImplementation.binarySearch(binarySearchImplementation.java:15)
	at binarySearch.binarySearchImplementation.binarySearch(binarySearchImplementation.java:12)
	at binarySearch.binarySearchImplementation.binarySearch(binarySearchImplementation.java:15)
	at binarySearch.binarySearchImplementation.binarySearch(binarySearchImplementation.java:15)
	at binarySearch.binarySearchImplementation.binarySearch(binarySearchImplementation.java:15)
	at binarySearch.binarySearchImplementation.binarySearch(binarySearchImplementation.java:12)
	at binarySearch.binarySearchImplementation.binarySearch(binarySearchImplementation.java:15)
	at binarySearch.binarySearchImplementation.binarySearch(binarySearchImplementation.java:15)
	at binarySearch.binarySearchImplementation.binarySearch(binarySearchImplementation.java:15)
	at binarySearch.binarySearchImplementation.binarySearch(binarySearchImplementation.java:12)
	at binarySearch.binarySearchImplementation.binarySearch(binarySearchImplementation.java:15)
	at binarySearch.binarySearchImplementation.binarySearch(binarySearchImplementation.java:15)
	at binarySearch.binarySearchImplementation.binarySearch(binarySearchImplementation.java:15)
	at binarySearch.binarySearchImplementation.binarySearch(binarySearchImplementation.java:12)
	at binarySearch.binarySearchImplementation.binarySearch(binarySearchImplementation.java:15)
	at binarySearch.binarySearchImplementation.binarySearch(binarySearchImplementation.java:15)
	at binarySearch.binarySearchImplementation.binarySearch(binarySearchImplementation.java:15)
	at binarySearch.binarySearchImplementation.binarySearch(binarySearchImplementation.java:12)
	at binarySearch.binarySearchImplementation.binarySearch(binarySearchImplementation.java:15)
	at binarySearch.binarySearchImplementation.binarySearch(binarySearchImplementation.java:15)
	at binarySearch.binarySearchImplementation.binarySearch(binarySearchImplementation.java:15)
	at binarySearch.binarySearchImplementation.binarySearch(binarySearchImplementation.java:12)
	at binarySearch.binarySearchImplementation.binarySearch(binarySearchImplementation.java:15)
	at binarySearch.binarySearchImplementation.binarySearch(binarySearchImplementation.java:15)
	at binarySearch.binarySearchImplementation.binarySearch(binarySearchImplementation.java:15)
	at binarySearch.binarySearchImplementation.binarySearch(binarySearchImplementation.java:12)
	at binarySearch.binarySearchImplementation.binarySearch(binarySearchImplementation.java:15)
	at binarySearch.binarySearchImplementation.binarySearch(binarySearchImplementation.java:15)
	at binarySearch.binarySearchImplementation.binarySearch(binarySearchImplementation.java:15)
	at binarySearch.binarySearchImplementation.binarySearch(binarySearchImplementation.java:12)
	at binarySearch.binarySearchImplementation.binarySearch(binarySearchImplementation.java:15)
	at binarySearch.binarySearchImplementation.binarySearch(binarySearchImplementation.java:15)
	at binarySearch.binarySearchImplementation.binarySearch(binarySearchImplementation.java:15)
	at binarySearch.binarySearchImplementation.binarySearch(binarySearchImplementation.java:12)
	at binarySearch.binarySearchImplementation.binarySearch(binarySearchImplementation.java:15)
	at binarySearch.binarySearchImplementation.binarySearch(binarySearchImplementation.java:15)
	at binarySearch.binarySearchImplementation.binarySearch(binarySearchImplementation.java:15)
	at binarySearch.binarySearchImplementation.binarySearch(binarySearchImplementation.java:12)
	at binarySearch.binarySearchImplementation.binarySearch(binarySearchImplementation.java:15)
	at binarySearch.binarySearchImplementation.binarySearch(binarySearchImplementation.java:15)
	at binarySearch.binarySearchImplementation.binarySearch(binarySearchImplementation.java:15)
	at binarySearch.binarySearchImplementation.binarySearch(binarySearchImplementation.java:12)
	at binarySearch.binarySearchImplementation.binarySearch(binarySearchImplementation.java:15)
	at binarySearch.binarySearchImplementation.binarySearch(binarySearchImplementation.java:15)
	at binarySearch.binarySearchImplementation.binarySearch(binarySearchImplementation.java:15)
	at binarySearch.binarySearchImplementation.binarySearch(binarySearchImplementation.java:12)
	at binarySearch.binarySearchImplementation.binarySearch(binarySearchImplementation.java:15)
	at binarySearch.binarySearchImplementation.binarySearch(binarySearchImplementation.java:15)
	at binarySearch.binarySearchImplementation.binarySearch(binarySearchImplementation.java:15)
	at binarySearch.binarySearchImplementation.binarySearch(binarySearchImplementation.java:12)
	at binarySearch.binarySearchImplementation.binarySearch(binarySearchImplementation.java:15)
	at binarySearch.binarySearchImplementation.binarySearch(binarySearchImplementation.java:15)
	at binarySearch.binarySearchImplementation.binarySearch(binarySearchImplementation.java:15)
	at binarySearch.binarySearchImplementation.binarySearch(binarySearchImplementation.java:12)
	at binarySearch.binarySearchImplementation.binarySearch(binarySearchImplementation.java:15)
	at binarySearch.binarySearchImplementation.binarySearch(binarySearchImplementation.java:15)
	at binarySearch.binarySearchImplementation.binarySearch(binarySearchImplementation.java:15)
	at binarySearch.binarySearchImplementation.binarySearch(binarySearchImplementation.java:12)
	at binarySearch.binarySearchImplementation.binarySearch(binarySearchImplementation.java:15)
	at binarySearch.binarySearchImplementation.binarySearch(binarySearchImplementation.java:15)
	at binarySearch.binarySearchImplementation.binarySearch(binarySearchImplementation.java:15)
	at binarySearch.binarySearchImplementation.binarySearch(binarySearchImplementation.java:12)
	at binarySearch.binarySearchImplementation.binarySearch(binarySearchImplementation.java:15)
	at binarySearch.binarySearchImplementation.binarySearch(binarySearchImplementation.java:15)
	at binarySearch.binarySearchImplementation.binarySearch(binarySearchImplementation.java:15)
	at binarySearch.binarySearchImplementation.binarySearch(binarySearchImplementation.java:12)
	at binarySearch.binarySearchImplementation.binarySearch(binarySearchImplementation.java:15)
	at binarySearch.binarySearchImplementation.binarySearch(binarySearchImplementation.java:15)
	at binarySearch.binarySearchImplementation.binarySearch(binarySearchImplementation.java:15)
	at binarySearch.binarySearchImplementation.binarySearch(binarySearchImplementation.java:12)
	at binarySearch.binarySearchImplementation.binarySearch(binarySearchImplementation.java:15)
	at binarySearch.binarySearchImplementation.binarySearch(binarySearchImplementation.java:15)
	at binarySearch.binarySearchImplementation.binarySearch(binarySearchImplementation.java:15)
	at binarySearch.binarySearchImplementation.binarySearch(binarySearchImplementation.java:12)
	at binarySearch.binarySearchImplementation.binarySearch(binarySearchImplementation.java:15)
	at binarySearch.binarySearchImplementation.binarySearch(binarySearchImplementation.java:15)
	at binarySearch.binarySearchImplementation.binarySearch(binarySearchImplementation.java:15)
	at binarySearch.binarySearchImplementation.binarySearch(binarySearchImplementation.java:12)
	at binarySearch.binarySearchImplementation.binarySearch(binarySearchImplementation.java:15)
	at binarySearch.binarySearchImplementation.binarySearch(binarySearchImplementation.java:15)
	at binarySearch.binarySearchImplementation.binarySearch(binarySearchImplementation.java:15)
	at binarySearch.binarySearchImplementation.binarySearch(binarySearchImplementation.java:12)
	at binarySearch.binarySearchImplementation.binarySearch(binarySearchImplementation.java:15)
	at binarySearch.binarySearchImplementation.binarySearch(binarySearchImplementation.java:15)
	at binarySearch.binarySearchImplementation.binarySearch(binarySearchImplementation.java:15)
	at binarySearch.binarySearchImplementation.binarySearch(binarySearchImplementation.java:12)
	at binarySearch.binarySearchImplementation.binarySearch(binarySearchImplementation.java:15)
	at binarySearch.binarySearchImplementation.binarySearch(binarySearchImplementation.java:15)
	at binarySearch.binarySearchImplementation.binarySearch(binarySearchImplementation.java:15)
	at binarySearch.binarySearchImplementation.binarySearch(binarySearchImplementation.java:12)
	at binarySearch.binarySearchImplementation.binarySearch(binarySearchImplementation.java:15)
	at binarySearch.binarySearchImplementation.binarySearch(binarySearchImplementation.java:15)
	at binarySearch.binarySearchImplementation.binarySearch(binarySearchImplementation.java:15)
	at binarySearch.binarySearchImplementation.binarySearch(binarySearchImplementation.java:12)
	at binarySearch.binarySearchImplementation.binarySearch(binarySearchImplementation.java:15)
	at binarySearch.binarySearchImplementation.binarySearch(binarySearchImplementation.java:15)
	at binarySearch.binarySearchImplementation.binarySearch(binarySearchImplementation.java:15)
	at binarySearch.binarySearchImplementation.binarySearch(binarySearchImplementation.java:12)
	at binarySearch.binarySearchImplementation.binarySearch(binarySearchImplementation.java:15)
	at binarySearch.binarySearchImplementation.binarySearch(binarySearchImplementation.java:15)
	at binarySearch.binarySearchImplementation.binarySearch(binarySearchImplementation.java:15)
	at binarySearch.binarySearchImplementation.binarySearch(binarySearchImplementation.java:12)
	at binarySearch.binarySearchImplementation.binarySearch(binarySearchImplementation.java:15)
	at binarySearch.binarySearchImplementation.binarySearch(binarySearchImplementation.java:15)
	at binarySearch.binarySearchImplementation.binarySearch(binarySearchImplementation.java:15)
	at binarySearch.binarySearchImplementation.binarySearch(binarySearchImplementation.java:12)
	at binarySearch.binarySearchImplementation.binarySearch(binarySearchImplementation.java:15)
	at binarySearch.binarySearchImplementation.binarySearch(binarySearchImplementation.java:15)
	at binarySearch.binarySearchImplementation.binarySearch(binarySearchImplementation.java:15)
	at binarySearch.binarySearchImplementation.binarySearch(binarySearchImplementation.java:12)
	at binarySearch.binarySearchImplementation.binarySearch(binarySearchImplementation.java:15)
	at binarySearch.binarySearchImplementation.binarySearch(binarySearchImplementation.java:15)
	at binarySearch.binarySearchImplementation.binarySearch(binarySearchImplementation.java:15)
	at binarySearch.binarySearchImplementation.binarySearch(binarySearchImplementation.java:12)
	at binarySearch.binarySearchImplementation.binarySearch(binarySearchImplementation.java:15)
	at binarySearch.binarySearchImplementation.binarySearch(binarySearchImplementation.java:15)
	at binarySearch.binarySearchImplementation.binarySearch(binarySearchImplementation.java:15)
	at binarySearch.binarySearchImplementation.binarySearch(binarySearchImplementation.java:12)
	at binarySearch.binarySearchImplementation.binarySearch(binarySearchImplementation.java:15)
	at binarySearch.binarySearchImplementation.binarySearch(binarySearchImplementation.java:15)
	at binarySearch.binarySearchImplementation.binarySearch(binarySearchImplementation.java:15)
	at binarySearch.binarySearchImplementation.binarySearch(binarySearchImplementation.java:12)
	at binarySearch.binarySearchImplementation.binarySearch(binarySearchImplementation.java:15)
	at binarySearch.binarySearchImplementation.binarySearch(binarySearchImplementation.java:15)
	at binarySearch.binarySearchImplementation.binarySearch(binarySearchImplementation.java:15)
	at binarySearch.binarySearchImplementation.binarySearch(binarySearchImplementation.java:12)
	at binarySearch.binarySearchImplementation.binarySearch(binarySearchImplementation.java:15)
	at binarySearch.binarySearchImplementation.binarySearch(binarySearchImplementation.java:15)
	at binarySearch.binarySearchImplementation.binarySearch(binarySearchImplementation.java:15)
	at binarySearch.binarySearchImplementation.binarySearch(binarySearchImplementation.java:12)
	at binarySearch.binarySearchImplementation.binarySearch(binarySearchImplementation.java:15)
	at binarySearch.binarySearchImplementation.binarySearch(binarySearchImplementation.java:15)
	at binarySearch.binarySearchImplementation.binarySearch(binarySearchImplementation.java:15)
	at binarySearch.binarySearchImplementation.binarySearch(binarySearchImplementation.java:12)
	at binarySearch.binarySearchImplementation.binarySearch(binarySearchImplementation.java:15)
	at binarySearch.binarySearchImplementation.binarySearch(binarySearchImplementation.java:15)
	at binarySearch.binarySearchImplementation.binarySearch(binarySearchImplementation.java:15)
	at binarySearch.binarySearchImplementation.binarySearch(binarySearchImplementation.java:12)
	at binarySearch.binarySearchImplementation.binarySearch(binarySearchImplementation.java:15)
	at binarySearch.binarySearchImplementation.binarySearch(binarySearchImplementation.java:15)
	at binarySearch.binarySearchImplementation.binarySearch(binarySearchImplementation.java:15)
	at binarySearch.binarySearchImplementation.binarySearch(binarySearchImplementation.java:12)
	at binarySearch.binarySearchImplementation.binarySearch(binarySearchImplementation.java:15)
	at binarySearch.binarySearchImplementation.binarySearch(binarySearchImplementation.java:15)
	at binarySearch.binarySearchImplementation.binarySearch(binarySearchImplementation.java:15)
	at binarySearch.binarySearchImplementation.binarySearch(binarySearchImplementation.java:12)
	at binarySearch.binarySearchImplementation.binarySearch(binarySearchImplementation.java:15)
	at binarySearch.binarySearchImplementation.binarySearch(binarySearchImplementation.java:15)
	at binarySearch.binarySearchImplementation.binarySearch(binarySearchImplementation.java:15)
	at binarySearch.binarySearchImplementation.binarySearch(binarySearchImplementation.java:12)
	at binarySearch.binarySearchImplementation.binarySearch(binarySearchImplementation.java:15)
	at binarySearch.binarySearchImplementation.binarySearch(binarySearchImplementation.java:15)
	at binarySearch.binarySearchImplementation.binarySearch(binarySearchImplementation.java:15)
	at binarySearch.binarySearchImplementation.binarySearch(binarySearchImplementation.java:12)
	at binarySearch.binarySearchImplementation.binarySearch(binarySearchImplementation.java:15)
	at binarySearch.binarySearchImplementation.binarySearch(binarySearchImplementation.java:15)
	at binarySearch.binarySearchImplementation.binarySearch(binarySearchImplementation.java:15)
	at binarySearch.binarySearchImplementation.binarySearch(binarySearchImplementation.java:12)
	at binarySearch.binarySearchImplementation.binarySearch(binarySearchImplementation.java:15)
	at binarySearch.binarySearchImplementation.binarySearch(binarySearchImplementation.java:15)
	at binarySearch.binarySearchImplementation.binarySearch(binarySearchImplementation.java:15)
	at binarySearch.binarySearchImplementation.binarySearch(binarySearchImplementation.java:12)
	at binarySearch.binarySearchImplementation.binarySearch(binarySearchImplementation.java:15)
	at binarySearch.binarySearchImplementation.binarySearch(binarySearchImplementation.java:15)
	at binarySearch.binarySearchImplementation.binarySearch(binarySearchImplementation.java:15)
	at binarySearch.binarySearchImplementation.binarySearch(binarySearchImplementation.java:12)
	at binarySearch.binarySearchImplementation.binarySearch(binarySearchImplementation.java:15)
	at binarySearch.binarySearchImplementation.binarySearch(binarySearchImplementation.java:15)
	at binarySearch.binarySearchImplementation.binarySearch(binarySearchImplementation.java:15)
	at binarySearch.binarySearchImplementation.binarySearch(binarySearchImplementation.java:12)
	at binarySearch.binarySearchImplementation.binarySearch(binarySearchImplementation.java:15)
	at binarySearch.binarySearchImplementation.binarySearch(binarySearchImplementation.java:15)
	at binarySearch.binarySearchImplementation.binarySearch(binarySearchImplementation.java:15)
	at binarySearch.binarySearchImplementation.binarySearch(binarySearchImplementation.java:12)
	at binarySearch.binarySearchImplementation.binarySearch(binarySearchImplementation.java:15)
	at binarySearch.binarySearchImplementation.binarySearch(binarySearchImplementation.java:15)
	at binarySearch.binarySearchImplementation.binarySearch(binarySearchImplementation.java:15)
	at binarySearch.binarySearchImplementation.binarySearch(binarySearchImplementation.java:12)
	at binarySearch.binarySearchImplementation.binarySearch(binarySearchImplementation.java:15)
	at binarySearch.binarySearchImplementation.binarySearch(binarySearchImplementation.java:15)
	at binarySearch.binarySearchImplementation.binarySearch(binarySearchImplementation.java:15)
	at binarySearch.binarySearchImplementation.binarySearch(binarySearchImplementation.java:12)
	at binarySearch.binarySearchImplementation.binarySearch(binarySearchImplementation.java:15)
	at binarySearch.binarySearchImplementation.binarySearch(binarySearchImplementation.java:15)
	at binarySearch.binarySearchImplementation.binarySearch(binarySearchImplementation.java:15)
	at binarySearch.binarySearchImplementation.binarySearch(binarySearchImplementation.java:12)
	at binarySearch.binarySearchImplementation.binarySearch(binarySearchImplementation.java:15)
	at binarySearch.binarySearchImplementation.binarySearch(binarySearchImplementation.java:15)
	at binarySearch.binarySearchImplementation.binarySearch(binarySearchImplementation.java:15)
	at binarySearch.binarySearchImplementation.binarySearch(binarySearchImplementation.java:12)
	at binarySearch.binarySearchImplementation.binarySearch(binarySearchImplementation.java:15)
	at binarySearch.binarySearchImplementation.binarySearch(binarySearchImplementation.java:15)
	at binarySearch.binarySearchImplementation.binarySearch(binarySearchImplementation.java:15)
	at binarySearch.binarySearchImplementation.binarySearch(binarySearchImplementation.java:12)
	at binarySearch.binarySearchImplementation.binarySearch(binarySearchImplementation.java:15)
	at binarySearch.binarySearchImplementation.binarySearch(binarySearchImplementation.java:15)
	at binarySearch.binarySearchImplementation.binarySearch(binarySearchImplementation.java:15)
	at binarySearch.binarySearchImplementation.binarySearch(binarySearchImplementation.java:12)
]]>
            </full-stacktrace>
          </exception> <!-- java.lang.StackOverflowError -->
          <reporter-output>
          </reporter-output>
        </test-method> <!-- binarySearchTester -->
      </class> <!-- sortTests.SearchTester -->
      <class name="sortTests.SortTester">
        <test-method status="PASS" signature="testBubbleSort()[pri:0, instance:sortTests.SortTester@7ac7a4e4]" name="testBubbleSort" duration-ms="13" started-at="2019-10-02T10:26:58Z" finished-at="2019-10-02T10:26:58Z">
          <reporter-output>
          </reporter-output>
        </test-method> <!-- testBubbleSort -->
        <test-method status="PASS" signature="testInsertionSort()[pri:0, instance:sortTests.SortTester@7ac7a4e4]" name="testInsertionSort" duration-ms="4" started-at="2019-10-02T10:26:58Z" finished-at="2019-10-02T10:26:58Z">
          <reporter-output>
          </reporter-output>
        </test-method> <!-- testInsertionSort -->
        <test-method status="PASS" signature="testMergeSort()[pri:0, instance:sortTests.SortTester@7ac7a4e4]" name="testMergeSort" duration-ms="3" started-at="2019-10-02T10:26:58Z" finished-at="2019-10-02T10:26:58Z">
          <reporter-output>
          </reporter-output>
        </test-method> <!-- testMergeSort -->
        <test-method status="PASS" signature="testQuickSort()[pri:0, instance:sortTests.SortTester@7ac7a4e4]" name="testQuickSort" duration-ms="3" started-at="2019-10-02T10:26:58Z" finished-at="2019-10-02T10:26:58Z">
          <reporter-output>
          </reporter-output>
        </test-method> <!-- testQuickSort -->
      </class> <!-- sortTests.SortTester -->
    </test> <!-- Default test -->
  </suite> <!-- Default suite -->
</testng-results>
